[2025-11-27 17:08:05Z INFO HostContext] No proxy settings were found based on environmental variables (http_proxy/https_proxy/HTTP_PROXY/HTTPS_PROXY)
[2025-11-27 17:08:05Z INFO HostContext] Well known directory 'Bin': 'D:\4thSemester\SOA\Final Project\Telemed\actions-runner\bin'
[2025-11-27 17:08:05Z INFO HostContext] Well known directory 'Root': 'D:\4thSemester\SOA\Final Project\Telemed\actions-runner'
[2025-11-27 17:08:05Z INFO HostContext] Well known config file 'Credentials': 'D:\4thSemester\SOA\Final Project\Telemed\actions-runner\.credentials'
[2025-11-27 17:08:05Z INFO HostContext] Well known directory 'Bin': 'D:\4thSemester\SOA\Final Project\Telemed\actions-runner\bin'
[2025-11-27 17:08:05Z INFO HostContext] Well known directory 'Root': 'D:\4thSemester\SOA\Final Project\Telemed\actions-runner'
[2025-11-27 17:08:05Z INFO HostContext] Well known config file 'Runner': 'D:\4thSemester\SOA\Final Project\Telemed\actions-runner\.runner'
[2025-11-27 17:08:05Z INFO Listener] Runner is built for Windows (X64) - win-x64.
[2025-11-27 17:08:05Z INFO Listener] RuntimeInformation: Microsoft Windows 10.0.26200.
[2025-11-27 17:08:05Z INFO Listener] Version: 2.329.0
[2025-11-27 17:08:05Z INFO Listener] Commit: c76c59996c8fa32e989164a5a695efb12608ae5a
[2025-11-27 17:08:05Z INFO Listener] Culture: en-US
[2025-11-27 17:08:05Z INFO Listener] UI Culture: en-US
[2025-11-27 17:08:05Z INFO HostContext] Well known directory 'Bin': 'D:\4thSemester\SOA\Final Project\Telemed\actions-runner\bin'
[2025-11-27 17:08:05Z INFO HostContext] Well known directory 'Root': 'D:\4thSemester\SOA\Final Project\Telemed\actions-runner'
[2025-11-27 17:08:05Z INFO Listener] Validating directory permissions for: 'D:\4thSemester\SOA\Final Project\Telemed\actions-runner'
[2025-11-27 17:08:05Z INFO CommandLineParser] Parse
[2025-11-27 17:08:05Z INFO CommandLineParser] Parsing 1 args
[2025-11-27 17:08:05Z INFO CommandLineParser] parsing argument
[2025-11-27 17:08:05Z INFO CommandLineParser] HasArgs: False
[2025-11-27 17:08:05Z INFO CommandLineParser] Adding Command: run
[2025-11-27 17:08:05Z INFO Listener] Arguments parsed
[2025-11-27 17:08:05Z INFO Runner] ExecuteCommand
[2025-11-27 17:08:05Z INFO ConfigurationStore] currentAssemblyLocation: D:\4thSemester\SOA\Final Project\Telemed\actions-runner\bin\Runner.Listener.dll
[2025-11-27 17:08:05Z INFO HostContext] Well known directory 'Bin': 'D:\4thSemester\SOA\Final Project\Telemed\actions-runner\bin'
[2025-11-27 17:08:05Z INFO ConfigurationStore] binPath: D:\4thSemester\SOA\Final Project\Telemed\actions-runner\bin
[2025-11-27 17:08:05Z INFO HostContext] Well known directory 'Bin': 'D:\4thSemester\SOA\Final Project\Telemed\actions-runner\bin'
[2025-11-27 17:08:05Z INFO HostContext] Well known directory 'Root': 'D:\4thSemester\SOA\Final Project\Telemed\actions-runner'
[2025-11-27 17:08:05Z INFO ConfigurationStore] RootFolder: D:\4thSemester\SOA\Final Project\Telemed\actions-runner
[2025-11-27 17:08:05Z INFO HostContext] Well known directory 'Bin': 'D:\4thSemester\SOA\Final Project\Telemed\actions-runner\bin'
[2025-11-27 17:08:05Z INFO HostContext] Well known directory 'Root': 'D:\4thSemester\SOA\Final Project\Telemed\actions-runner'
[2025-11-27 17:08:05Z INFO HostContext] Well known config file 'Runner': 'D:\4thSemester\SOA\Final Project\Telemed\actions-runner\.runner'
[2025-11-27 17:08:05Z INFO ConfigurationStore] ConfigFilePath: D:\4thSemester\SOA\Final Project\Telemed\actions-runner\.runner
[2025-11-27 17:08:05Z INFO HostContext] Well known directory 'Bin': 'D:\4thSemester\SOA\Final Project\Telemed\actions-runner\bin'
[2025-11-27 17:08:05Z INFO HostContext] Well known directory 'Root': 'D:\4thSemester\SOA\Final Project\Telemed\actions-runner'
[2025-11-27 17:08:05Z INFO HostContext] Well known config file 'MigratedRunner': 'D:\4thSemester\SOA\Final Project\Telemed\actions-runner\.runner_migrated'
[2025-11-27 17:08:05Z INFO ConfigurationStore] MigratedConfigFilePath: D:\4thSemester\SOA\Final Project\Telemed\actions-runner\.runner_migrated
[2025-11-27 17:08:05Z INFO HostContext] Well known directory 'Bin': 'D:\4thSemester\SOA\Final Project\Telemed\actions-runner\bin'
[2025-11-27 17:08:05Z INFO HostContext] Well known directory 'Root': 'D:\4thSemester\SOA\Final Project\Telemed\actions-runner'
[2025-11-27 17:08:05Z INFO HostContext] Well known config file 'Credentials': 'D:\4thSemester\SOA\Final Project\Telemed\actions-runner\.credentials'
[2025-11-27 17:08:05Z INFO ConfigurationStore] CredFilePath: D:\4thSemester\SOA\Final Project\Telemed\actions-runner\.credentials
[2025-11-27 17:08:05Z INFO HostContext] Well known directory 'Bin': 'D:\4thSemester\SOA\Final Project\Telemed\actions-runner\bin'
[2025-11-27 17:08:05Z INFO HostContext] Well known directory 'Root': 'D:\4thSemester\SOA\Final Project\Telemed\actions-runner'
[2025-11-27 17:08:05Z INFO HostContext] Well known config file 'MigratedCredentials': 'D:\4thSemester\SOA\Final Project\Telemed\actions-runner\.credentials_migrated'
[2025-11-27 17:08:05Z INFO ConfigurationStore] MigratedCredFilePath: D:\4thSemester\SOA\Final Project\Telemed\actions-runner\.credentials_migrated
[2025-11-27 17:08:05Z INFO HostContext] Well known directory 'Bin': 'D:\4thSemester\SOA\Final Project\Telemed\actions-runner\bin'
[2025-11-27 17:08:05Z INFO HostContext] Well known directory 'Root': 'D:\4thSemester\SOA\Final Project\Telemed\actions-runner'
[2025-11-27 17:08:05Z INFO HostContext] Well known config file 'Service': 'D:\4thSemester\SOA\Final Project\Telemed\actions-runner\.service'
[2025-11-27 17:08:05Z INFO ConfigurationStore] ServiceConfigFilePath: D:\4thSemester\SOA\Final Project\Telemed\actions-runner\.service
[2025-11-27 17:08:05Z INFO CommandSettings] Flag 'help': 'False'
[2025-11-27 17:08:05Z INFO CommandSettings] Flag 'version': 'False'
[2025-11-27 17:08:05Z INFO CommandSettings] Flag 'commit': 'False'
[2025-11-27 17:08:05Z INFO CommandSettings] Flag 'check': 'False'
[2025-11-27 17:08:05Z INFO CommandSettings] Command 'configure': 'False'
[2025-11-27 17:08:05Z INFO CommandSettings] Command 'remove': 'False'
[2025-11-27 17:08:05Z INFO CommandSettings] Command 'warmup': 'False'
[2025-11-27 17:08:05Z INFO ConfigurationManager] LoadSettings
[2025-11-27 17:08:05Z INFO ConfigurationStore] IsConfigured()
[2025-11-27 17:08:05Z INFO ConfigurationStore] IsConfigured: True
[2025-11-27 17:08:05Z INFO ConfigurationManager] Is configured: True
[2025-11-27 17:08:05Z INFO ConfigurationStore] Read setting file: 385 chars
[2025-11-27 17:08:05Z INFO ConfigurationManager] Settings Loaded
[2025-11-27 17:08:05Z INFO ConfigurationStore] IsServiceConfigured()
[2025-11-27 17:08:05Z INFO ConfigurationStore] IsServiceConfigured: False
[2025-11-27 17:08:05Z INFO CommandSettings] Command 'run': 'True'
[2025-11-27 17:08:05Z INFO ConfigurationStore] IsConfigured()
[2025-11-27 17:08:05Z INFO ConfigurationStore] IsConfigured: True
[2025-11-27 17:08:05Z INFO ConfigurationManager] Is configured: True
[2025-11-27 17:08:05Z INFO Runner] Could not parse the argument value '' for StartupType. Defaulting to Manual
[2025-11-27 17:08:05Z INFO Runner] Set runner startup type - Manual
[2025-11-27 17:08:05Z INFO CommandSettings] Flag 'once': 'False'
[2025-11-27 17:08:05Z INFO CommandSettings] Flag 'once': 'False'
[2025-11-27 17:08:05Z INFO Runner] RunAsync
[2025-11-27 17:08:05Z INFO ConfigurationManager] LoadMigratedSettings
[2025-11-27 17:08:05Z INFO ConfigurationStore] IsMigratedConfigured()
[2025-11-27 17:08:05Z INFO ConfigurationStore] IsMigratedConfigured: False
[2025-11-27 17:08:05Z INFO Runner] Failed to load migrated settings: No migrated configuration found.
[2025-11-27 17:08:05Z INFO Runner] Falling back to original .runner settings
[2025-11-27 17:08:05Z INFO Runner] Using BrokerMessageListener
[2025-11-27 17:08:05Z INFO BrokerMessageListener] Using provided settings
[2025-11-27 17:08:05Z INFO BrokerMessageListener] {
  "AgentId": 3,
  "AgentName": "HASINI",
  "PoolId": 1,
  "PoolName": "Default",
  "ServerUrl": "https://pipelinesghubeus7.actions.githubusercontent.com/IcgAscaefdPjEWOPCNsajrqOlZJsKZhmtAVpLzwWkLoXj0b3PB/",
  "GitHubUrl": "https://github.com/HasiniJa/Telemed",
  "WorkFolder": "_work",
  "UseV2Flow": true,
  "ServerUrlV2": "https://broker.actions.githubusercontent.com/"
}
[2025-11-27 17:08:05Z INFO BrokerMessageListener] Loading Credentials
[2025-11-27 17:08:05Z INFO ConfigurationStore] HasCredentials()
[2025-11-27 17:08:05Z INFO ConfigurationStore] stored True
[2025-11-27 17:08:05Z INFO CredentialManager] GetCredentialProvider
[2025-11-27 17:08:05Z INFO CredentialManager] Creating type OAuth
[2025-11-27 17:08:05Z INFO CredentialManager] Creating credential type: OAuth
[2025-11-27 17:08:05Z INFO HostContext] Well known directory 'Bin': 'D:\4thSemester\SOA\Final Project\Telemed\actions-runner\bin'
[2025-11-27 17:08:05Z INFO HostContext] Well known directory 'Root': 'D:\4thSemester\SOA\Final Project\Telemed\actions-runner'
[2025-11-27 17:08:05Z INFO HostContext] Well known config file 'RSACredentials': 'D:\4thSemester\SOA\Final Project\Telemed\actions-runner\.credentials_rsaparams'
[2025-11-27 17:08:05Z INFO RSAEncryptedFileKeyManager] Loading RSA key parameters from file D:\4thSemester\SOA\Final Project\Telemed\actions-runner\.credentials_rsaparams
[2025-11-27 17:08:05Z INFO BrokerMessageListener] Attempt to create session.
[2025-11-27 17:08:05Z INFO BrokerMessageListener] Connecting to the Broker Server...
[2025-11-27 17:08:05Z INFO ConfigurationStore] HasCredentials()
[2025-11-27 17:08:05Z INFO ConfigurationStore] stored True
[2025-11-27 17:08:05Z INFO CredentialManager] GetCredentialProvider
[2025-11-27 17:08:05Z INFO CredentialManager] Creating type OAuth
[2025-11-27 17:08:05Z INFO CredentialManager] Creating credential type: OAuth
[2025-11-27 17:08:05Z INFO RSAEncryptedFileKeyManager] Loading RSA key parameters from file D:\4thSemester\SOA\Final Project\Telemed\actions-runner\.credentials_rsaparams
[2025-11-27 17:08:05Z INFO BrokerMessageListener] VssConnection created
[2025-11-27 17:08:05Z INFO BrokerMessageListener] Connecting to the Runner server...
[2025-11-27 17:08:05Z INFO RunnerServer] EstablishVssConnection
[2025-11-27 17:08:05Z INFO RunnerServer] Establish connection with 100 seconds timeout.
[2025-11-27 17:08:05Z INFO GitHubActionsService] Starting operation Location.GetConnectionData
[2025-11-27 17:08:05Z INFO RunnerServer] EstablishVssConnection
[2025-11-27 17:08:05Z INFO RunnerServer] Establish connection with 60 seconds timeout.
[2025-11-27 17:08:05Z INFO GitHubActionsService] Starting operation Location.GetConnectionData
[2025-11-27 17:08:05Z INFO RunnerServer] EstablishVssConnection
[2025-11-27 17:08:05Z INFO RunnerServer] Establish connection with 60 seconds timeout.
[2025-11-27 17:08:05Z INFO GitHubActionsService] Starting operation Location.GetConnectionData
[2025-11-27 17:08:06Z INFO GitHubActionsService] Finished operation Location.GetConnectionData
[2025-11-27 17:08:06Z INFO GitHubActionsService] Finished operation Location.GetConnectionData
[2025-11-27 17:08:06Z INFO GitHubActionsService] Finished operation Location.GetConnectionData
[2025-11-27 17:08:06Z INFO BrokerMessageListener] VssConnection created
[2025-11-27 17:08:06Z INFO Terminal] WRITE LINE: 
[2025-11-27 17:08:06Z INFO Terminal] WRITE LINE: 
[2025-11-27 17:08:06Z INFO RSAEncryptedFileKeyManager] Loading RSA key parameters from file D:\4thSemester\SOA\Final Project\Telemed\actions-runner\.credentials_rsaparams
[2025-11-27 17:08:06Z INFO RSAEncryptedFileKeyManager] Loading RSA key parameters from file D:\4thSemester\SOA\Final Project\Telemed\actions-runner\.credentials_rsaparams
[2025-11-27 17:08:06Z INFO GitHubActionsService] AAD Correlation ID for this token request: Unknown
[2025-11-27 17:08:06Z INFO BrokerMessageListener] Session created.
[2025-11-27 17:08:06Z INFO Terminal] WRITE LINE: Current runner version: '2.329.0'
[2025-11-27 17:08:06Z INFO Terminal] WRITE LINE: 2025-11-27 17:08:06Z: Listening for Jobs
[2025-11-27 17:08:06Z INFO JobDispatcher] Set runner/worker IPC timeout to 30 seconds.
[2025-11-27 17:09:35Z INFO BrokerMessageListener] Acknowledging runner request '03df2dd2-00ae-5d9c-8c46-55d635c6cd5e'.
[2025-11-27 17:09:35Z INFO ConfigurationStore] HasCredentials()
[2025-11-27 17:09:35Z INFO ConfigurationStore] stored True
[2025-11-27 17:09:35Z INFO CredentialManager] GetCredentialProvider
[2025-11-27 17:09:35Z INFO CredentialManager] Creating type OAuth
[2025-11-27 17:09:35Z INFO CredentialManager] Creating credential type: OAuth
[2025-11-27 17:09:35Z INFO RSAEncryptedFileKeyManager] Loading RSA key parameters from file D:\4thSemester\SOA\Final Project\Telemed\actions-runner\.credentials_rsaparams
[2025-11-27 17:09:35Z INFO RSAEncryptedFileKeyManager] Loading RSA key parameters from file D:\4thSemester\SOA\Final Project\Telemed\actions-runner\.credentials_rsaparams
[2025-11-27 17:09:35Z INFO RSAEncryptedFileKeyManager] Loading RSA key parameters from file D:\4thSemester\SOA\Final Project\Telemed\actions-runner\.credentials_rsaparams
[2025-11-27 17:09:35Z INFO GitHubActionsService] AAD Correlation ID for this token request: Unknown
[2025-11-27 17:09:36Z INFO JobDispatcher] Job request 0 for plan 13901730-f5e6-45cd-8f31-b14f21e975a8 job 03df2dd2-00ae-5d9c-8c46-55d635c6cd5e received.
[2025-11-27 17:09:36Z INFO JobDispatcher] Pull OrchestrationId 13901730-f5e6-45cd-8f31-b14f21e975a8.build-test-deploy.__default from JWT claims
[2025-11-27 17:09:36Z INFO BrokerMessageListener] Received job status event. JobState: Busy
[2025-11-27 17:09:36Z INFO BrokerMessageListener] _getMessagesTokenSource is already disposed.
[2025-11-27 17:09:36Z INFO Terminal] WRITE LINE: 2025-11-27 17:09:36Z: Running job: build-test-deploy
[2025-11-27 17:09:36Z INFO JobDispatcher] Start renew job request 0 for job 03df2dd2-00ae-5d9c-8c46-55d635c6cd5e.
[2025-11-27 17:09:36Z INFO JobDispatcher] Successfully renew job 03df2dd2-00ae-5d9c-8c46-55d635c6cd5e, job is valid till 11/27/2025 5:19:36 PM
[2025-11-27 17:09:36Z INFO HostContext] Well known directory 'Bin': 'D:\4thSemester\SOA\Final Project\Telemed\actions-runner\bin'
[2025-11-27 17:09:36Z INFO ProcessInvokerWrapper] Starting process:
[2025-11-27 17:09:36Z INFO ProcessInvokerWrapper]   File name: 'D:\4thSemester\SOA\Final Project\Telemed\actions-runner\bin\Runner.Worker.exe'
[2025-11-27 17:09:36Z INFO ProcessInvokerWrapper]   Arguments: 'spawnclient 2244 2256'
[2025-11-27 17:09:36Z INFO ProcessInvokerWrapper]   Working directory: 'D:\4thSemester\SOA\Final Project\Telemed\actions-runner\bin'
[2025-11-27 17:09:36Z INFO ProcessInvokerWrapper]   Require exit code zero: 'False'
[2025-11-27 17:09:36Z INFO ProcessInvokerWrapper]   Encoding web name:  ; code page: ''
[2025-11-27 17:09:36Z INFO ProcessInvokerWrapper]   Force kill process on cancellation: 'True'
[2025-11-27 17:09:36Z INFO ProcessInvokerWrapper]   Redirected STDIN: 'False'
[2025-11-27 17:09:36Z INFO ProcessInvokerWrapper]   Persist current code page: 'False'
[2025-11-27 17:09:36Z INFO ProcessInvokerWrapper]   Keep redirected STDIN open: 'False'
[2025-11-27 17:09:36Z INFO ProcessInvokerWrapper]   High priority process: 'True'
[2025-11-27 17:09:36Z INFO ProcessInvokerWrapper] Process started with process id 19928, waiting for process exit.
[2025-11-27 17:09:36Z INFO JobDispatcher] Send job request message to worker for job 03df2dd2-00ae-5d9c-8c46-55d635c6cd5e.
[2025-11-27 17:09:37Z INFO ProcessChannel] Sending message of length 21360, with hash 'b0315f9b93a422d6bb0d80e18729cb0715ecfa7efbbeff877a4ad20a5e4ade08'
[2025-11-27 17:09:37Z INFO JobNotification] Entering JobStarted Notification
[2025-11-27 17:09:37Z INFO JobNotification] Entering StartMonitor
[2025-11-27 17:09:39Z INFO ProcessInvokerWrapper] STDOUT/STDERR stream read finished.
[2025-11-27 17:09:39Z INFO ProcessInvokerWrapper] STDOUT/STDERR stream read finished.
[2025-11-27 17:09:39Z INFO ProcessInvokerWrapper] Finished process 19928 with exit code 102, and elapsed time 00:00:03.0625646.
[2025-11-27 17:09:39Z INFO JobDispatcher] Worker finished for job 03df2dd2-00ae-5d9c-8c46-55d635c6cd5e. Code: 102
[2025-11-27 17:09:39Z INFO JobDispatcher] finish job request for job 03df2dd2-00ae-5d9c-8c46-55d635c6cd5e with result: Failed
[2025-11-27 17:09:39Z INFO Terminal] WRITE LINE: 2025-11-27 17:09:39Z: Job build-test-deploy completed with result: Failed
[2025-11-27 17:09:39Z INFO JobDispatcher] Stop renew job request for job 03df2dd2-00ae-5d9c-8c46-55d635c6cd5e.
[2025-11-27 17:09:39Z INFO JobDispatcher] job renew has been cancelled, stop renew job 03df2dd2-00ae-5d9c-8c46-55d635c6cd5e.
[2025-11-27 17:09:39Z INFO JobNotification] Entering JobCompleted Notification
[2025-11-27 17:09:39Z INFO JobNotification] Entering EndMonitor
[2025-11-27 17:09:39Z INFO BrokerMessageListener] Received job status event. JobState: Online
[2025-11-27 17:09:39Z WARN GitHubActionsService] GET request to https://broker.actions.githubusercontent.com/message?sessionId=910d5187-966f-4105-b087-40147f669899&status=Busy&runnerVersion=2.329.0&os=Windows&architecture=X64&disableUpdate=false has been cancelled.
[2025-11-27 17:09:39Z ERR  BrokerServer] Catch exception during request
[2025-11-27 17:09:40Z ERR  BrokerServer] System.Threading.Tasks.TaskCanceledException: The operation was canceled.
 ---> System.Threading.Tasks.TaskCanceledException: The operation was canceled.
 ---> System.IO.IOException: Unable to read data from the transport connection: The I/O operation has been aborted because of either a thread exit or an application request..
 ---> System.Net.Sockets.SocketException (995): The I/O operation has been aborted because of either a thread exit or an application request.
   --- End of inner exception stack trace ---
   at System.Net.Sockets.Socket.AwaitableSocketAsyncEventArgs.ThrowException(SocketError error, CancellationToken cancellationToken)
   at System.Net.Sockets.Socket.AwaitableSocketAsyncEventArgs.System.Threading.Tasks.Sources.IValueTaskSource<System.Int32>.GetResult(Int16 token)
   at System.Net.Security.SslStream.EnsureFullTlsFrameAsync[TIOAdapter](CancellationToken cancellationToken, Int32 estimatedSize)
   at System.Runtime.CompilerServices.PoolingAsyncValueTaskMethodBuilder`1.StateMachineBox`1.System.Threading.Tasks.Sources.IValueTaskSource<TResult>.GetResult(Int16 token)
   at System.Net.Security.SslStream.ReadAsyncInternal[TIOAdapter](Memory`1 buffer, CancellationToken cancellationToken)
   at System.Runtime.CompilerServices.PoolingAsyncValueTaskMethodBuilder`1.StateMachineBox`1.System.Threading.Tasks.Sources.IValueTaskSource<TResult>.GetResult(Int16 token)
   at System.Net.Http.HttpConnection.<EnsureReadAheadTaskHasStarted>g__ReadAheadWithZeroByteReadAsync|40_0()
   at System.Net.Http.HttpConnection.SendAsync(HttpRequestMessage request, Boolean async, CancellationToken cancellationToken)
   --- End of inner exception stack trace ---
   at System.Net.Http.HttpConnection.SendAsync(HttpRequestMessage request, Boolean async, CancellationToken cancellationToken)
   at System.Net.Http.AuthenticationHelper.SendWithNtAuthAsync(HttpRequestMessage request, Uri authUri, Boolean async, ICredentials credentials, Boolean isProxyAuth, HttpConnection connection, HttpConnectionPool connectionPool, CancellationToken cancellationToken)
   at System.Net.Http.HttpConnectionPool.SendWithVersionDetectionAndRetryAsync(HttpRequestMessage request, Boolean async, Boolean doRequestAuth, CancellationToken cancellationToken)
   at System.Net.Http.AuthenticationHelper.SendWithAuthAsync(HttpRequestMessage request, Uri authUri, Boolean async, ICredentials credentials, Boolean preAuthenticate, Boolean isProxyAuth, Boolean doRequestAuth, HttpConnectionPool pool, CancellationToken cancellationToken)
   at System.Net.Http.RedirectHandler.SendAsync(HttpRequestMessage request, Boolean async, CancellationToken cancellationToken)
   at GitHub.Services.Common.RawHttpMessageHandler.SendAsync(HttpRequestMessage request, CancellationToken cancellationToken)
   at GitHub.Services.Common.VssHttpRetryMessageHandler.SendAsync(HttpRequestMessage request, CancellationToken cancellationToken)
   at System.Net.Http.HttpClient.<SendAsync>g__Core|83_0(HttpRequestMessage request, HttpCompletionOption completionOption, CancellationTokenSource cts, Boolean disposeCts, CancellationTokenSource pendingRequestsCts, CancellationToken originalCancellationToken)
   --- End of inner exception stack trace ---
   at System.Net.Http.HttpClient.HandleFailure(Exception e, Boolean telemetryStarted, HttpResponseMessage response, CancellationTokenSource cts, CancellationToken cancellationToken, CancellationTokenSource pendingRequestsCts)
   at System.Net.Http.HttpClient.<SendAsync>g__Core|83_0(HttpRequestMessage request, HttpCompletionOption completionOption, CancellationTokenSource cts, Boolean disposeCts, CancellationTokenSource pendingRequestsCts, CancellationToken originalCancellationToken)
   at Sdk.WebApi.WebApi.RawHttpClientBase.SendAsync(HttpRequestMessage message, HttpCompletionOption completionOption, Object userState, CancellationToken cancellationToken)
   at Sdk.WebApi.WebApi.RawHttpClientBase.SendAsync[T](HttpRequestMessage message, Boolean readErrorBody, Object userState, CancellationToken cancellationToken)
   at Sdk.WebApi.WebApi.RawHttpClientBase.SendAsync[T](HttpMethod method, IEnumerable`1 additionalHeaders, Uri requestUri, HttpContent content, IEnumerable`1 queryParameters, Boolean readErrorBody, Object userState, CancellationToken cancellationToken)
   at GitHub.Actions.RunService.WebApi.BrokerHttpClient.GetRunnerMessageAsync(Nullable`1 sessionId, String runnerVersion, Nullable`1 status, String os, String architecture, Nullable`1 disableUpdate, CancellationToken cancellationToken)
   at GitHub.Runner.Common.BrokerServer.<>c__DisplayClass7_0.<<GetRunnerMessageAsync>b__0>d.MoveNext()
--- End of stack trace from previous location ---
   at GitHub.Runner.Common.RunnerService.RetryRequest[T](Func`1 func, CancellationToken cancellationToken, Int32 maxAttempts, Func`2 shouldRetry)
[2025-11-27 17:09:40Z ERR  BrokerServer] #####################################################
[2025-11-27 17:09:40Z ERR  BrokerServer] System.Threading.Tasks.TaskCanceledException: The operation was canceled.
 ---> System.IO.IOException: Unable to read data from the transport connection: The I/O operation has been aborted because of either a thread exit or an application request..
 ---> System.Net.Sockets.SocketException (995): The I/O operation has been aborted because of either a thread exit or an application request.
   --- End of inner exception stack trace ---
   at System.Net.Sockets.Socket.AwaitableSocketAsyncEventArgs.ThrowException(SocketError error, CancellationToken cancellationToken)
   at System.Net.Sockets.Socket.AwaitableSocketAsyncEventArgs.System.Threading.Tasks.Sources.IValueTaskSource<System.Int32>.GetResult(Int16 token)
   at System.Net.Security.SslStream.EnsureFullTlsFrameAsync[TIOAdapter](CancellationToken cancellationToken, Int32 estimatedSize)
   at System.Runtime.CompilerServices.PoolingAsyncValueTaskMethodBuilder`1.StateMachineBox`1.System.Threading.Tasks.Sources.IValueTaskSource<TResult>.GetResult(Int16 token)
   at System.Net.Security.SslStream.ReadAsyncInternal[TIOAdapter](Memory`1 buffer, CancellationToken cancellationToken)
   at System.Runtime.CompilerServices.PoolingAsyncValueTaskMethodBuilder`1.StateMachineBox`1.System.Threading.Tasks.Sources.IValueTaskSource<TResult>.GetResult(Int16 token)
   at System.Net.Http.HttpConnection.<EnsureReadAheadTaskHasStarted>g__ReadAheadWithZeroByteReadAsync|40_0()
   at System.Net.Http.HttpConnection.SendAsync(HttpRequestMessage request, Boolean async, CancellationToken cancellationToken)
   --- End of inner exception stack trace ---
   at System.Net.Http.HttpConnection.SendAsync(HttpRequestMessage request, Boolean async, CancellationToken cancellationToken)
   at System.Net.Http.AuthenticationHelper.SendWithNtAuthAsync(HttpRequestMessage request, Uri authUri, Boolean async, ICredentials credentials, Boolean isProxyAuth, HttpConnection connection, HttpConnectionPool connectionPool, CancellationToken cancellationToken)
   at System.Net.Http.HttpConnectionPool.SendWithVersionDetectionAndRetryAsync(HttpRequestMessage request, Boolean async, Boolean doRequestAuth, CancellationToken cancellationToken)
   at System.Net.Http.AuthenticationHelper.SendWithAuthAsync(HttpRequestMessage request, Uri authUri, Boolean async, ICredentials credentials, Boolean preAuthenticate, Boolean isProxyAuth, Boolean doRequestAuth, HttpConnectionPool pool, CancellationToken cancellationToken)
   at System.Net.Http.RedirectHandler.SendAsync(HttpRequestMessage request, Boolean async, CancellationToken cancellationToken)
   at GitHub.Services.Common.RawHttpMessageHandler.SendAsync(HttpRequestMessage request, CancellationToken cancellationToken)
   at GitHub.Services.Common.VssHttpRetryMessageHandler.SendAsync(HttpRequestMessage request, CancellationToken cancellationToken)
   at System.Net.Http.HttpClient.<SendAsync>g__Core|83_0(HttpRequestMessage request, HttpCompletionOption completionOption, CancellationTokenSource cts, Boolean disposeCts, CancellationTokenSource pendingRequestsCts, CancellationToken originalCancellationToken)
[2025-11-27 17:09:40Z ERR  BrokerServer] #####################################################
[2025-11-27 17:09:40Z ERR  BrokerServer] System.IO.IOException: Unable to read data from the transport connection: The I/O operation has been aborted because of either a thread exit or an application request..
 ---> System.Net.Sockets.SocketException (995): The I/O operation has been aborted because of either a thread exit or an application request.
   --- End of inner exception stack trace ---
   at System.Net.Sockets.Socket.AwaitableSocketAsyncEventArgs.ThrowException(SocketError error, CancellationToken cancellationToken)
   at System.Net.Sockets.Socket.AwaitableSocketAsyncEventArgs.System.Threading.Tasks.Sources.IValueTaskSource<System.Int32>.GetResult(Int16 token)
   at System.Net.Security.SslStream.EnsureFullTlsFrameAsync[TIOAdapter](CancellationToken cancellationToken, Int32 estimatedSize)
   at System.Runtime.CompilerServices.PoolingAsyncValueTaskMethodBuilder`1.StateMachineBox`1.System.Threading.Tasks.Sources.IValueTaskSource<TResult>.GetResult(Int16 token)
   at System.Net.Security.SslStream.ReadAsyncInternal[TIOAdapter](Memory`1 buffer, CancellationToken cancellationToken)
   at System.Runtime.CompilerServices.PoolingAsyncValueTaskMethodBuilder`1.StateMachineBox`1.System.Threading.Tasks.Sources.IValueTaskSource<TResult>.GetResult(Int16 token)
   at System.Net.Http.HttpConnection.<EnsureReadAheadTaskHasStarted>g__ReadAheadWithZeroByteReadAsync|40_0()
   at System.Net.Http.HttpConnection.SendAsync(HttpRequestMessage request, Boolean async, CancellationToken cancellationToken)
[2025-11-27 17:09:40Z ERR  BrokerServer] #####################################################
[2025-11-27 17:09:40Z ERR  BrokerServer] System.Net.Sockets.SocketException (995): The I/O operation has been aborted because of either a thread exit or an application request.
[2025-11-27 17:09:40Z WARN BrokerServer] Back off 5.723 seconds before next retry. 4 attempt left.
[2025-11-27 17:09:40Z INFO BrokerMessageListener] Get messages has been cancelled using local token source. Continue to get messages with new status.
[2025-11-27 17:11:13Z INFO BrokerMessageListener] Acknowledging runner request '66d31ab1-3090-51fb-b281-f4b29d83f6c6'.
[2025-11-27 17:11:13Z INFO ConfigurationStore] HasCredentials()
[2025-11-27 17:11:13Z INFO ConfigurationStore] stored True
[2025-11-27 17:11:13Z INFO CredentialManager] GetCredentialProvider
[2025-11-27 17:11:13Z INFO CredentialManager] Creating type OAuth
[2025-11-27 17:11:13Z INFO CredentialManager] Creating credential type: OAuth
[2025-11-27 17:11:13Z INFO RSAEncryptedFileKeyManager] Loading RSA key parameters from file D:\4thSemester\SOA\Final Project\Telemed\actions-runner\.credentials_rsaparams
[2025-11-27 17:11:13Z INFO RSAEncryptedFileKeyManager] Loading RSA key parameters from file D:\4thSemester\SOA\Final Project\Telemed\actions-runner\.credentials_rsaparams
[2025-11-27 17:11:13Z INFO RSAEncryptedFileKeyManager] Loading RSA key parameters from file D:\4thSemester\SOA\Final Project\Telemed\actions-runner\.credentials_rsaparams
[2025-11-27 17:11:13Z INFO GitHubActionsService] AAD Correlation ID for this token request: Unknown
[2025-11-27 17:11:14Z INFO JobDispatcher] Job request 0 for plan 6e35d31f-50d9-444a-8da3-6f5157e69236 job 66d31ab1-3090-51fb-b281-f4b29d83f6c6 received.
[2025-11-27 17:11:14Z INFO JobDispatcher] Pull OrchestrationId 6e35d31f-50d9-444a-8da3-6f5157e69236.build-test-deploy.__default from JWT claims
[2025-11-27 17:11:14Z INFO BrokerMessageListener] Received job status event. JobState: Busy
[2025-11-27 17:11:14Z INFO BrokerMessageListener] _getMessagesTokenSource is already disposed.
[2025-11-27 17:11:14Z INFO JobDispatcher] Job request 03df2dd2-00ae-5d9c-8c46-55d635c6cd5e processed succeed.
[2025-11-27 17:11:14Z INFO Terminal] WRITE LINE: 2025-11-27 17:11:14Z: Running job: build-test-deploy
[2025-11-27 17:11:14Z INFO JobDispatcher] Start renew job request 0 for job 66d31ab1-3090-51fb-b281-f4b29d83f6c6.
[2025-11-27 17:11:14Z INFO JobDispatcher] Successfully renew job 66d31ab1-3090-51fb-b281-f4b29d83f6c6, job is valid till 11/27/2025 5:21:13 PM
[2025-11-27 17:11:14Z INFO HostContext] Well known directory 'Bin': 'D:\4thSemester\SOA\Final Project\Telemed\actions-runner\bin'
[2025-11-27 17:11:14Z INFO ProcessInvokerWrapper] Starting process:
[2025-11-27 17:11:14Z INFO ProcessInvokerWrapper]   File name: 'D:\4thSemester\SOA\Final Project\Telemed\actions-runner\bin\Runner.Worker.exe'
[2025-11-27 17:11:14Z INFO ProcessInvokerWrapper]   Arguments: 'spawnclient 1524 2324'
[2025-11-27 17:11:14Z INFO ProcessInvokerWrapper]   Working directory: 'D:\4thSemester\SOA\Final Project\Telemed\actions-runner\bin'
[2025-11-27 17:11:14Z INFO ProcessInvokerWrapper]   Require exit code zero: 'False'
[2025-11-27 17:11:14Z INFO ProcessInvokerWrapper]   Encoding web name:  ; code page: ''
[2025-11-27 17:11:14Z INFO ProcessInvokerWrapper]   Force kill process on cancellation: 'True'
[2025-11-27 17:11:14Z INFO ProcessInvokerWrapper]   Redirected STDIN: 'False'
[2025-11-27 17:11:14Z INFO ProcessInvokerWrapper]   Persist current code page: 'False'
[2025-11-27 17:11:14Z INFO ProcessInvokerWrapper]   Keep redirected STDIN open: 'False'
[2025-11-27 17:11:14Z INFO ProcessInvokerWrapper]   High priority process: 'True'
[2025-11-27 17:11:14Z INFO ProcessInvokerWrapper] Process started with process id 12728, waiting for process exit.
[2025-11-27 17:11:14Z INFO JobDispatcher] Send job request message to worker for job 66d31ab1-3090-51fb-b281-f4b29d83f6c6.
[2025-11-27 17:11:14Z INFO ProcessChannel] Sending message of length 21181, with hash '53b003c3d59f7e1abc667605b808582c234c4e2d00d20423b812d41db61d2c5a'
[2025-11-27 17:11:14Z INFO JobNotification] Entering JobStarted Notification
[2025-11-27 17:11:14Z INFO JobNotification] Entering StartMonitor
[2025-11-27 17:11:30Z INFO ProcessInvokerWrapper] STDOUT/STDERR stream read finished.
[2025-11-27 17:11:30Z INFO ProcessInvokerWrapper] STDOUT/STDERR stream read finished.
[2025-11-27 17:11:30Z INFO ProcessInvokerWrapper] Finished process 12728 with exit code 102, and elapsed time 00:00:15.9268734.
[2025-11-27 17:11:30Z INFO JobDispatcher] Worker finished for job 66d31ab1-3090-51fb-b281-f4b29d83f6c6. Code: 102
[2025-11-27 17:11:30Z INFO JobDispatcher] finish job request for job 66d31ab1-3090-51fb-b281-f4b29d83f6c6 with result: Failed
[2025-11-27 17:11:30Z INFO Terminal] WRITE LINE: 2025-11-27 17:11:30Z: Job build-test-deploy completed with result: Failed
[2025-11-27 17:11:30Z INFO JobDispatcher] Stop renew job request for job 66d31ab1-3090-51fb-b281-f4b29d83f6c6.
[2025-11-27 17:11:30Z INFO JobDispatcher] job renew has been cancelled, stop renew job 66d31ab1-3090-51fb-b281-f4b29d83f6c6.
[2025-11-27 17:11:30Z INFO JobNotification] Entering JobCompleted Notification
[2025-11-27 17:11:30Z INFO JobNotification] Entering EndMonitor
[2025-11-27 17:11:30Z INFO BrokerMessageListener] Received job status event. JobState: Online
[2025-11-27 17:11:30Z WARN GitHubActionsService] GET request to https://broker.actions.githubusercontent.com/message?sessionId=910d5187-966f-4105-b087-40147f669899&status=Busy&runnerVersion=2.329.0&os=Windows&architecture=X64&disableUpdate=false has been cancelled.
[2025-11-27 17:11:30Z ERR  BrokerServer] Catch exception during request
[2025-11-27 17:11:30Z ERR  BrokerServer] System.Threading.Tasks.TaskCanceledException: The operation was canceled.
 ---> System.Threading.Tasks.TaskCanceledException: The operation was canceled.
 ---> System.IO.IOException: Unable to read data from the transport connection: The I/O operation has been aborted because of either a thread exit or an application request..
 ---> System.Net.Sockets.SocketException (995): The I/O operation has been aborted because of either a thread exit or an application request.
   --- End of inner exception stack trace ---
   at System.Net.Sockets.Socket.AwaitableSocketAsyncEventArgs.ThrowException(SocketError error, CancellationToken cancellationToken)
   at System.Net.Sockets.Socket.AwaitableSocketAsyncEventArgs.System.Threading.Tasks.Sources.IValueTaskSource<System.Int32>.GetResult(Int16 token)
   at System.Net.Security.SslStream.EnsureFullTlsFrameAsync[TIOAdapter](CancellationToken cancellationToken, Int32 estimatedSize)
   at System.Runtime.CompilerServices.PoolingAsyncValueTaskMethodBuilder`1.StateMachineBox`1.System.Threading.Tasks.Sources.IValueTaskSource<TResult>.GetResult(Int16 token)
   at System.Net.Security.SslStream.ReadAsyncInternal[TIOAdapter](Memory`1 buffer, CancellationToken cancellationToken)
   at System.Runtime.CompilerServices.PoolingAsyncValueTaskMethodBuilder`1.StateMachineBox`1.System.Threading.Tasks.Sources.IValueTaskSource<TResult>.GetResult(Int16 token)
   at System.Net.Http.HttpConnection.SendAsync(HttpRequestMessage request, Boolean async, CancellationToken cancellationToken)
   --- End of inner exception stack trace ---
   at System.Net.Http.HttpConnection.SendAsync(HttpRequestMessage request, Boolean async, CancellationToken cancellationToken)
   at System.Net.Http.AuthenticationHelper.SendWithNtAuthAsync(HttpRequestMessage request, Uri authUri, Boolean async, ICredentials credentials, Boolean isProxyAuth, HttpConnection connection, HttpConnectionPool connectionPool, CancellationToken cancellationToken)
   at System.Net.Http.HttpConnectionPool.SendWithVersionDetectionAndRetryAsync(HttpRequestMessage request, Boolean async, Boolean doRequestAuth, CancellationToken cancellationToken)
   at System.Net.Http.AuthenticationHelper.SendWithAuthAsync(HttpRequestMessage request, Uri authUri, Boolean async, ICredentials credentials, Boolean preAuthenticate, Boolean isProxyAuth, Boolean doRequestAuth, HttpConnectionPool pool, CancellationToken cancellationToken)
   at System.Net.Http.RedirectHandler.SendAsync(HttpRequestMessage request, Boolean async, CancellationToken cancellationToken)
   at GitHub.Services.Common.RawHttpMessageHandler.SendAsync(HttpRequestMessage request, CancellationToken cancellationToken)
   at GitHub.Services.Common.VssHttpRetryMessageHandler.SendAsync(HttpRequestMessage request, CancellationToken cancellationToken)
   at System.Net.Http.HttpClient.<SendAsync>g__Core|83_0(HttpRequestMessage request, HttpCompletionOption completionOption, CancellationTokenSource cts, Boolean disposeCts, CancellationTokenSource pendingRequestsCts, CancellationToken originalCancellationToken)
   --- End of inner exception stack trace ---
   at System.Net.Http.HttpClient.HandleFailure(Exception e, Boolean telemetryStarted, HttpResponseMessage response, CancellationTokenSource cts, CancellationToken cancellationToken, CancellationTokenSource pendingRequestsCts)
   at System.Net.Http.HttpClient.<SendAsync>g__Core|83_0(HttpRequestMessage request, HttpCompletionOption completionOption, CancellationTokenSource cts, Boolean disposeCts, CancellationTokenSource pendingRequestsCts, CancellationToken originalCancellationToken)
   at Sdk.WebApi.WebApi.RawHttpClientBase.SendAsync(HttpRequestMessage message, HttpCompletionOption completionOption, Object userState, CancellationToken cancellationToken)
   at Sdk.WebApi.WebApi.RawHttpClientBase.SendAsync[T](HttpRequestMessage message, Boolean readErrorBody, Object userState, CancellationToken cancellationToken)
   at Sdk.WebApi.WebApi.RawHttpClientBase.SendAsync[T](HttpMethod method, IEnumerable`1 additionalHeaders, Uri requestUri, HttpContent content, IEnumerable`1 queryParameters, Boolean readErrorBody, Object userState, CancellationToken cancellationToken)
   at GitHub.Actions.RunService.WebApi.BrokerHttpClient.GetRunnerMessageAsync(Nullable`1 sessionId, String runnerVersion, Nullable`1 status, String os, String architecture, Nullable`1 disableUpdate, CancellationToken cancellationToken)
   at GitHub.Runner.Common.BrokerServer.<>c__DisplayClass7_0.<<GetRunnerMessageAsync>b__0>d.MoveNext()
--- End of stack trace from previous location ---
   at GitHub.Runner.Common.RunnerService.RetryRequest[T](Func`1 func, CancellationToken cancellationToken, Int32 maxAttempts, Func`2 shouldRetry)
[2025-11-27 17:11:30Z ERR  BrokerServer] #####################################################
[2025-11-27 17:11:30Z ERR  BrokerServer] System.Threading.Tasks.TaskCanceledException: The operation was canceled.
 ---> System.IO.IOException: Unable to read data from the transport connection: The I/O operation has been aborted because of either a thread exit or an application request..
 ---> System.Net.Sockets.SocketException (995): The I/O operation has been aborted because of either a thread exit or an application request.
   --- End of inner exception stack trace ---
   at System.Net.Sockets.Socket.AwaitableSocketAsyncEventArgs.ThrowException(SocketError error, CancellationToken cancellationToken)
   at System.Net.Sockets.Socket.AwaitableSocketAsyncEventArgs.System.Threading.Tasks.Sources.IValueTaskSource<System.Int32>.GetResult(Int16 token)
   at System.Net.Security.SslStream.EnsureFullTlsFrameAsync[TIOAdapter](CancellationToken cancellationToken, Int32 estimatedSize)
   at System.Runtime.CompilerServices.PoolingAsyncValueTaskMethodBuilder`1.StateMachineBox`1.System.Threading.Tasks.Sources.IValueTaskSource<TResult>.GetResult(Int16 token)
   at System.Net.Security.SslStream.ReadAsyncInternal[TIOAdapter](Memory`1 buffer, CancellationToken cancellationToken)
   at System.Runtime.CompilerServices.PoolingAsyncValueTaskMethodBuilder`1.StateMachineBox`1.System.Threading.Tasks.Sources.IValueTaskSource<TResult>.GetResult(Int16 token)
   at System.Net.Http.HttpConnection.SendAsync(HttpRequestMessage request, Boolean async, CancellationToken cancellationToken)
   --- End of inner exception stack trace ---
   at System.Net.Http.HttpConnection.SendAsync(HttpRequestMessage request, Boolean async, CancellationToken cancellationToken)
   at System.Net.Http.AuthenticationHelper.SendWithNtAuthAsync(HttpRequestMessage request, Uri authUri, Boolean async, ICredentials credentials, Boolean isProxyAuth, HttpConnection connection, HttpConnectionPool connectionPool, CancellationToken cancellationToken)
   at System.Net.Http.HttpConnectionPool.SendWithVersionDetectionAndRetryAsync(HttpRequestMessage request, Boolean async, Boolean doRequestAuth, CancellationToken cancellationToken)
   at System.Net.Http.AuthenticationHelper.SendWithAuthAsync(HttpRequestMessage request, Uri authUri, Boolean async, ICredentials credentials, Boolean preAuthenticate, Boolean isProxyAuth, Boolean doRequestAuth, HttpConnectionPool pool, CancellationToken cancellationToken)
   at System.Net.Http.RedirectHandler.SendAsync(HttpRequestMessage request, Boolean async, CancellationToken cancellationToken)
   at GitHub.Services.Common.RawHttpMessageHandler.SendAsync(HttpRequestMessage request, CancellationToken cancellationToken)
   at GitHub.Services.Common.VssHttpRetryMessageHandler.SendAsync(HttpRequestMessage request, CancellationToken cancellationToken)
   at System.Net.Http.HttpClient.<SendAsync>g__Core|83_0(HttpRequestMessage request, HttpCompletionOption completionOption, CancellationTokenSource cts, Boolean disposeCts, CancellationTokenSource pendingRequestsCts, CancellationToken originalCancellationToken)
[2025-11-27 17:11:30Z ERR  BrokerServer] #####################################################
[2025-11-27 17:11:30Z ERR  BrokerServer] System.IO.IOException: Unable to read data from the transport connection: The I/O operation has been aborted because of either a thread exit or an application request..
 ---> System.Net.Sockets.SocketException (995): The I/O operation has been aborted because of either a thread exit or an application request.
   --- End of inner exception stack trace ---
   at System.Net.Sockets.Socket.AwaitableSocketAsyncEventArgs.ThrowException(SocketError error, CancellationToken cancellationToken)
   at System.Net.Sockets.Socket.AwaitableSocketAsyncEventArgs.System.Threading.Tasks.Sources.IValueTaskSource<System.Int32>.GetResult(Int16 token)
   at System.Net.Security.SslStream.EnsureFullTlsFrameAsync[TIOAdapter](CancellationToken cancellationToken, Int32 estimatedSize)
   at System.Runtime.CompilerServices.PoolingAsyncValueTaskMethodBuilder`1.StateMachineBox`1.System.Threading.Tasks.Sources.IValueTaskSource<TResult>.GetResult(Int16 token)
   at System.Net.Security.SslStream.ReadAsyncInternal[TIOAdapter](Memory`1 buffer, CancellationToken cancellationToken)
   at System.Runtime.CompilerServices.PoolingAsyncValueTaskMethodBuilder`1.StateMachineBox`1.System.Threading.Tasks.Sources.IValueTaskSource<TResult>.GetResult(Int16 token)
   at System.Net.Http.HttpConnection.SendAsync(HttpRequestMessage request, Boolean async, CancellationToken cancellationToken)
[2025-11-27 17:11:30Z ERR  BrokerServer] #####################################################
[2025-11-27 17:11:30Z ERR  BrokerServer] System.Net.Sockets.SocketException (995): The I/O operation has been aborted because of either a thread exit or an application request.
[2025-11-27 17:11:30Z WARN BrokerServer] Back off 12.279 seconds before next retry. 4 attempt left.
[2025-11-27 17:11:30Z INFO BrokerMessageListener] Get messages has been cancelled using local token source. Continue to get messages with new status.
[2025-11-27 17:31:56Z WARN GitHubActionsService] Attempt 1 of GET request to https://broker.actions.githubusercontent.com/message?sessionId=910d5187-966f-4105-b087-40147f669899&status=Online&runnerVersion=2.329.0&os=Windows&architecture=X64&disableUpdate=false failed (Socket Error: ConnectionReset). The operation will be retried in 10.893 seconds.
[2025-11-27 17:32:17Z ERR  GitHubActionsService] GET request to https://broker.actions.githubusercontent.com/message?sessionId=910d5187-966f-4105-b087-40147f669899&status=Online&runnerVersion=2.329.0&os=Windows&architecture=X64&disableUpdate=false failed. System.Net.Http.HttpRequestException: The requested name is valid, but no data of the requested type was found. (broker.actions.githubusercontent.com:443)
 ---> System.Net.Sockets.SocketException (11004): The requested name is valid, but no data of the requested type was found.
   at System.Net.Sockets.Socket.AwaitableSocketAsyncEventArgs.ThrowException(SocketError error, CancellationToken cancellationToken)
   at System.Net.Sockets.Socket.AwaitableSocketAsyncEventArgs.System.Threading.Tasks.Sources.IValueTaskSource.GetResult(Int16 token)
   at System.Net.Sockets.Socket.<ConnectAsync>g__WaitForConnectWithCancellation|285_0(AwaitableSocketAsyncEventArgs saea, ValueTask connectTask, CancellationToken cancellationToken)
   at System.Net.Http.HttpConnectionPool.ConnectToTcpHostAsync(String host, Int32 port, HttpRequestMessage initialRequest, Boolean async, CancellationToken cancellationToken)
   --- End of inner exception stack trace ---
   at System.Net.Http.HttpConnectionPool.ConnectToTcpHostAsync(String host, Int32 port, HttpRequestMessage initialRequest, Boolean async, CancellationToken cancellationToken)
   at System.Net.Http.HttpConnectionPool.ConnectAsync(HttpRequestMessage request, Boolean async, CancellationToken cancellationToken)
   at System.Net.Http.HttpConnectionPool.CreateHttp11ConnectionAsync(HttpRequestMessage request, Boolean async, CancellationToken cancellationToken)
   at System.Net.Http.HttpConnectionPool.AddHttp11ConnectionAsync(QueueItem queueItem)
   at System.Threading.Tasks.TaskCompletionSourceWithCancellation`1.WaitWithCancellationAsync(CancellationToken cancellationToken)
   at System.Net.Http.HttpConnectionPool.SendWithVersionDetectionAndRetryAsync(HttpRequestMessage request, Boolean async, Boolean doRequestAuth, CancellationToken cancellationToken)
   at System.Net.Http.AuthenticationHelper.SendWithAuthAsync(HttpRequestMessage request, Uri authUri, Boolean async, ICredentials credentials, Boolean preAuthenticate, Boolean isProxyAuth, Boolean doRequestAuth, HttpConnectionPool pool, CancellationToken cancellationToken)
   at System.Net.Http.RedirectHandler.SendAsync(HttpRequestMessage request, Boolean async, CancellationToken cancellationToken)
   at GitHub.Services.Common.RawHttpMessageHandler.SendAsync(HttpRequestMessage request, CancellationToken cancellationToken)
   at GitHub.Services.Common.VssHttpRetryMessageHandler.SendAsync(HttpRequestMessage request, CancellationToken cancellationToken)
[2025-11-27 17:32:17Z ERR  BrokerServer] Catch exception during request
[2025-11-27 17:32:17Z ERR  BrokerServer] System.Net.Http.HttpRequestException: The requested name is valid, but no data of the requested type was found. (broker.actions.githubusercontent.com:443)
 ---> System.Net.Sockets.SocketException (11004): The requested name is valid, but no data of the requested type was found.
   at System.Net.Sockets.Socket.AwaitableSocketAsyncEventArgs.ThrowException(SocketError error, CancellationToken cancellationToken)
   at System.Net.Sockets.Socket.AwaitableSocketAsyncEventArgs.System.Threading.Tasks.Sources.IValueTaskSource.GetResult(Int16 token)
   at System.Net.Sockets.Socket.<ConnectAsync>g__WaitForConnectWithCancellation|285_0(AwaitableSocketAsyncEventArgs saea, ValueTask connectTask, CancellationToken cancellationToken)
   at System.Net.Http.HttpConnectionPool.ConnectToTcpHostAsync(String host, Int32 port, HttpRequestMessage initialRequest, Boolean async, CancellationToken cancellationToken)
   --- End of inner exception stack trace ---
   at GitHub.Services.Common.VssHttpRetryMessageHandler.SendAsync(HttpRequestMessage request, CancellationToken cancellationToken)
   at System.Net.Http.HttpClient.<SendAsync>g__Core|83_0(HttpRequestMessage request, HttpCompletionOption completionOption, CancellationTokenSource cts, Boolean disposeCts, CancellationTokenSource pendingRequestsCts, CancellationToken originalCancellationToken)
   at Sdk.WebApi.WebApi.RawHttpClientBase.SendAsync(HttpRequestMessage message, HttpCompletionOption completionOption, Object userState, CancellationToken cancellationToken)
   at Sdk.WebApi.WebApi.RawHttpClientBase.SendAsync[T](HttpRequestMessage message, Boolean readErrorBody, Object userState, CancellationToken cancellationToken)
   at Sdk.WebApi.WebApi.RawHttpClientBase.SendAsync[T](HttpMethod method, IEnumerable`1 additionalHeaders, Uri requestUri, HttpContent content, IEnumerable`1 queryParameters, Boolean readErrorBody, Object userState, CancellationToken cancellationToken)
   at GitHub.Actions.RunService.WebApi.BrokerHttpClient.GetRunnerMessageAsync(Nullable`1 sessionId, String runnerVersion, Nullable`1 status, String os, String architecture, Nullable`1 disableUpdate, CancellationToken cancellationToken)
   at GitHub.Runner.Common.BrokerServer.<>c__DisplayClass7_0.<<GetRunnerMessageAsync>b__0>d.MoveNext()
--- End of stack trace from previous location ---
   at GitHub.Runner.Common.RunnerService.RetryRequest[T](Func`1 func, CancellationToken cancellationToken, Int32 maxAttempts, Func`2 shouldRetry)
[2025-11-27 17:32:17Z ERR  BrokerServer] #####################################################
[2025-11-27 17:32:17Z ERR  BrokerServer] System.Net.Sockets.SocketException (11004): The requested name is valid, but no data of the requested type was found.
   at System.Net.Sockets.Socket.AwaitableSocketAsyncEventArgs.ThrowException(SocketError error, CancellationToken cancellationToken)
   at System.Net.Sockets.Socket.AwaitableSocketAsyncEventArgs.System.Threading.Tasks.Sources.IValueTaskSource.GetResult(Int16 token)
   at System.Net.Sockets.Socket.<ConnectAsync>g__WaitForConnectWithCancellation|285_0(AwaitableSocketAsyncEventArgs saea, ValueTask connectTask, CancellationToken cancellationToken)
   at System.Net.Http.HttpConnectionPool.ConnectToTcpHostAsync(String host, Int32 port, HttpRequestMessage initialRequest, Boolean async, CancellationToken cancellationToken)
[2025-11-27 17:32:17Z WARN BrokerServer] Back off 5.374 seconds before next retry. 4 attempt left.
[2025-11-27 17:58:17Z INFO RSAEncryptedFileKeyManager] Loading RSA key parameters from file D:\4thSemester\SOA\Final Project\Telemed\actions-runner\.credentials_rsaparams
[2025-11-27 17:58:17Z INFO GitHubActionsService] AAD Correlation ID for this token request: Unknown
[2025-11-27 18:32:19Z WARN GitHubActionsService] GET request to https://broker.actions.githubusercontent.com/message?sessionId=910d5187-966f-4105-b087-40147f669899&status=Online&runnerVersion=2.329.0&os=Windows&architecture=X64&disableUpdate=false timed out after 100 seconds.
[2025-11-27 18:32:19Z ERR  BrokerServer] Catch exception during request
[2025-11-27 18:32:19Z ERR  BrokerServer] System.TimeoutException: The HTTP request timed out after 00:01:40.
 ---> System.Threading.Tasks.TaskCanceledException: The operation was canceled.
 ---> System.IO.IOException: Unable to read data from the transport connection: The I/O operation has been aborted because of either a thread exit or an application request..
 ---> System.Net.Sockets.SocketException (995): The I/O operation has been aborted because of either a thread exit or an application request.
   --- End of inner exception stack trace ---
   at System.Net.Sockets.Socket.AwaitableSocketAsyncEventArgs.System.Threading.Tasks.Sources.IValueTaskSource<System.Int32>.GetResult(Int16 token)
   at System.Net.Security.SslStream.EnsureFullTlsFrameAsync[TIOAdapter](CancellationToken cancellationToken, Int32 estimatedSize)
   at System.Runtime.CompilerServices.PoolingAsyncValueTaskMethodBuilder`1.StateMachineBox`1.System.Threading.Tasks.Sources.IValueTaskSource<TResult>.GetResult(Int16 token)
   at System.Net.Security.SslStream.ReadAsyncInternal[TIOAdapter](Memory`1 buffer, CancellationToken cancellationToken)
   at System.Runtime.CompilerServices.PoolingAsyncValueTaskMethodBuilder`1.StateMachineBox`1.System.Threading.Tasks.Sources.IValueTaskSource<TResult>.GetResult(Int16 token)
   at System.Net.Http.HttpConnection.SendAsync(HttpRequestMessage request, Boolean async, CancellationToken cancellationToken)
   --- End of inner exception stack trace ---
   at System.Net.Http.HttpConnection.SendAsync(HttpRequestMessage request, Boolean async, CancellationToken cancellationToken)
   at System.Net.Http.AuthenticationHelper.SendWithNtAuthAsync(HttpRequestMessage request, Uri authUri, Boolean async, ICredentials credentials, Boolean isProxyAuth, HttpConnection connection, HttpConnectionPool connectionPool, CancellationToken cancellationToken)
   at System.Net.Http.HttpConnectionPool.SendWithVersionDetectionAndRetryAsync(HttpRequestMessage request, Boolean async, Boolean doRequestAuth, CancellationToken cancellationToken)
   at System.Net.Http.AuthenticationHelper.SendWithAuthAsync(HttpRequestMessage request, Uri authUri, Boolean async, ICredentials credentials, Boolean preAuthenticate, Boolean isProxyAuth, Boolean doRequestAuth, HttpConnectionPool pool, CancellationToken cancellationToken)
   at System.Net.Http.RedirectHandler.SendAsync(HttpRequestMessage request, Boolean async, CancellationToken cancellationToken)
   at GitHub.Services.Common.RawHttpMessageHandler.SendAsync(HttpRequestMessage request, CancellationToken cancellationToken)
   --- End of inner exception stack trace ---
   at GitHub.Services.Common.RawHttpMessageHandler.SendAsync(HttpRequestMessage request, CancellationToken cancellationToken)
   at GitHub.Services.Common.VssHttpRetryMessageHandler.SendAsync(HttpRequestMessage request, CancellationToken cancellationToken)
   at System.Net.Http.HttpClient.<SendAsync>g__Core|83_0(HttpRequestMessage request, HttpCompletionOption completionOption, CancellationTokenSource cts, Boolean disposeCts, CancellationTokenSource pendingRequestsCts, CancellationToken originalCancellationToken)
   at Sdk.WebApi.WebApi.RawHttpClientBase.SendAsync(HttpRequestMessage message, HttpCompletionOption completionOption, Object userState, CancellationToken cancellationToken)
   at Sdk.WebApi.WebApi.RawHttpClientBase.SendAsync[T](HttpRequestMessage message, Boolean readErrorBody, Object userState, CancellationToken cancellationToken)
   at Sdk.WebApi.WebApi.RawHttpClientBase.SendAsync[T](HttpMethod method, IEnumerable`1 additionalHeaders, Uri requestUri, HttpContent content, IEnumerable`1 queryParameters, Boolean readErrorBody, Object userState, CancellationToken cancellationToken)
   at GitHub.Actions.RunService.WebApi.BrokerHttpClient.GetRunnerMessageAsync(Nullable`1 sessionId, String runnerVersion, Nullable`1 status, String os, String architecture, Nullable`1 disableUpdate, CancellationToken cancellationToken)
   at GitHub.Runner.Common.BrokerServer.<>c__DisplayClass7_0.<<GetRunnerMessageAsync>b__0>d.MoveNext()
--- End of stack trace from previous location ---
   at GitHub.Runner.Common.RunnerService.RetryRequest[T](Func`1 func, CancellationToken cancellationToken, Int32 maxAttempts, Func`2 shouldRetry)
[2025-11-27 18:32:19Z ERR  BrokerServer] #####################################################
[2025-11-27 18:32:19Z ERR  BrokerServer] System.Threading.Tasks.TaskCanceledException: The operation was canceled.
 ---> System.IO.IOException: Unable to read data from the transport connection: The I/O operation has been aborted because of either a thread exit or an application request..
 ---> System.Net.Sockets.SocketException (995): The I/O operation has been aborted because of either a thread exit or an application request.
   --- End of inner exception stack trace ---
   at System.Net.Sockets.Socket.AwaitableSocketAsyncEventArgs.System.Threading.Tasks.Sources.IValueTaskSource<System.Int32>.GetResult(Int16 token)
   at System.Net.Security.SslStream.EnsureFullTlsFrameAsync[TIOAdapter](CancellationToken cancellationToken, Int32 estimatedSize)
   at System.Runtime.CompilerServices.PoolingAsyncValueTaskMethodBuilder`1.StateMachineBox`1.System.Threading.Tasks.Sources.IValueTaskSource<TResult>.GetResult(Int16 token)
   at System.Net.Security.SslStream.ReadAsyncInternal[TIOAdapter](Memory`1 buffer, CancellationToken cancellationToken)
   at System.Runtime.CompilerServices.PoolingAsyncValueTaskMethodBuilder`1.StateMachineBox`1.System.Threading.Tasks.Sources.IValueTaskSource<TResult>.GetResult(Int16 token)
   at System.Net.Http.HttpConnection.SendAsync(HttpRequestMessage request, Boolean async, CancellationToken cancellationToken)
   --- End of inner exception stack trace ---
   at System.Net.Http.HttpConnection.SendAsync(HttpRequestMessage request, Boolean async, CancellationToken cancellationToken)
   at System.Net.Http.AuthenticationHelper.SendWithNtAuthAsync(HttpRequestMessage request, Uri authUri, Boolean async, ICredentials credentials, Boolean isProxyAuth, HttpConnection connection, HttpConnectionPool connectionPool, CancellationToken cancellationToken)
   at System.Net.Http.HttpConnectionPool.SendWithVersionDetectionAndRetryAsync(HttpRequestMessage request, Boolean async, Boolean doRequestAuth, CancellationToken cancellationToken)
   at System.Net.Http.AuthenticationHelper.SendWithAuthAsync(HttpRequestMessage request, Uri authUri, Boolean async, ICredentials credentials, Boolean preAuthenticate, Boolean isProxyAuth, Boolean doRequestAuth, HttpConnectionPool pool, CancellationToken cancellationToken)
   at System.Net.Http.RedirectHandler.SendAsync(HttpRequestMessage request, Boolean async, CancellationToken cancellationToken)
   at GitHub.Services.Common.RawHttpMessageHandler.SendAsync(HttpRequestMessage request, CancellationToken cancellationToken)
[2025-11-27 18:32:19Z ERR  BrokerServer] #####################################################
[2025-11-27 18:32:19Z ERR  BrokerServer] System.IO.IOException: Unable to read data from the transport connection: The I/O operation has been aborted because of either a thread exit or an application request..
 ---> System.Net.Sockets.SocketException (995): The I/O operation has been aborted because of either a thread exit or an application request.
   --- End of inner exception stack trace ---
   at System.Net.Sockets.Socket.AwaitableSocketAsyncEventArgs.System.Threading.Tasks.Sources.IValueTaskSource<System.Int32>.GetResult(Int16 token)
   at System.Net.Security.SslStream.EnsureFullTlsFrameAsync[TIOAdapter](CancellationToken cancellationToken, Int32 estimatedSize)
   at System.Runtime.CompilerServices.PoolingAsyncValueTaskMethodBuilder`1.StateMachineBox`1.System.Threading.Tasks.Sources.IValueTaskSource<TResult>.GetResult(Int16 token)
   at System.Net.Security.SslStream.ReadAsyncInternal[TIOAdapter](Memory`1 buffer, CancellationToken cancellationToken)
   at System.Runtime.CompilerServices.PoolingAsyncValueTaskMethodBuilder`1.StateMachineBox`1.System.Threading.Tasks.Sources.IValueTaskSource<TResult>.GetResult(Int16 token)
   at System.Net.Http.HttpConnection.SendAsync(HttpRequestMessage request, Boolean async, CancellationToken cancellationToken)
[2025-11-27 18:32:19Z ERR  BrokerServer] #####################################################
[2025-11-27 18:32:19Z ERR  BrokerServer] System.Net.Sockets.SocketException (995): The I/O operation has been aborted because of either a thread exit or an application request.
[2025-11-27 18:32:19Z WARN BrokerServer] Back off 14.808 seconds before next retry. 4 attempt left.
[2025-11-27 18:48:27Z INFO RSAEncryptedFileKeyManager] Loading RSA key parameters from file D:\4thSemester\SOA\Final Project\Telemed\actions-runner\.credentials_rsaparams
[2025-11-27 18:48:27Z INFO GitHubActionsService] AAD Correlation ID for this token request: Unknown
[2025-11-27 19:26:54Z WARN GitHubActionsService] Attempt 1 of GET request to https://broker.actions.githubusercontent.com/message?sessionId=910d5187-966f-4105-b087-40147f669899&status=Online&runnerVersion=2.329.0&os=Windows&architecture=X64&disableUpdate=false failed (Socket Error: ConnectionReset). The operation will be retried in 10.96 seconds.
[2025-11-27 19:38:58Z INFO RSAEncryptedFileKeyManager] Loading RSA key parameters from file D:\4thSemester\SOA\Final Project\Telemed\actions-runner\.credentials_rsaparams
[2025-11-27 19:38:58Z INFO GitHubActionsService] AAD Correlation ID for this token request: Unknown
[2025-11-27 20:29:06Z INFO RSAEncryptedFileKeyManager] Loading RSA key parameters from file D:\4thSemester\SOA\Final Project\Telemed\actions-runner\.credentials_rsaparams
[2025-11-27 20:29:07Z INFO GitHubActionsService] AAD Correlation ID for this token request: Unknown
[2025-11-27 21:19:15Z INFO RSAEncryptedFileKeyManager] Loading RSA key parameters from file D:\4thSemester\SOA\Final Project\Telemed\actions-runner\.credentials_rsaparams
[2025-11-27 21:19:15Z INFO GitHubActionsService] AAD Correlation ID for this token request: Unknown
[2025-11-27 22:09:24Z INFO RSAEncryptedFileKeyManager] Loading RSA key parameters from file D:\4thSemester\SOA\Final Project\Telemed\actions-runner\.credentials_rsaparams
[2025-11-27 22:09:24Z INFO GitHubActionsService] AAD Correlation ID for this token request: Unknown
[2025-11-27 22:26:02Z WARN GitHubActionsService] Attempt 1 of GET request to https://broker.actions.githubusercontent.com/message?sessionId=910d5187-966f-4105-b087-40147f669899&status=Online&runnerVersion=2.329.0&os=Windows&architecture=X64&disableUpdate=false failed (Socket Error: ConnectionReset). The operation will be retried in 11.114 seconds.
[2025-11-27 22:59:39Z INFO RSAEncryptedFileKeyManager] Loading RSA key parameters from file D:\4thSemester\SOA\Final Project\Telemed\actions-runner\.credentials_rsaparams
[2025-11-27 22:59:39Z INFO GitHubActionsService] AAD Correlation ID for this token request: Unknown
[2025-11-27 23:37:53Z WARN GitHubActionsService] GET request to https://broker.actions.githubusercontent.com/message?sessionId=910d5187-966f-4105-b087-40147f669899&status=Online&runnerVersion=2.329.0&os=Windows&architecture=X64&disableUpdate=false timed out after 100 seconds.
[2025-11-27 23:37:53Z ERR  BrokerServer] Catch exception during request
[2025-11-27 23:37:53Z ERR  BrokerServer] System.TimeoutException: The HTTP request timed out after 00:01:40.
 ---> System.Threading.Tasks.TaskCanceledException: The operation was canceled.
 ---> System.IO.IOException: Unable to read data from the transport connection: The I/O operation has been aborted because of either a thread exit or an application request..
 ---> System.Net.Sockets.SocketException (995): The I/O operation has been aborted because of either a thread exit or an application request.
   --- End of inner exception stack trace ---
   at System.Net.Sockets.Socket.AwaitableSocketAsyncEventArgs.System.Threading.Tasks.Sources.IValueTaskSource<System.Int32>.GetResult(Int16 token)
   at System.Net.Security.SslStream.EnsureFullTlsFrameAsync[TIOAdapter](CancellationToken cancellationToken, Int32 estimatedSize)
   at System.Runtime.CompilerServices.PoolingAsyncValueTaskMethodBuilder`1.StateMachineBox`1.System.Threading.Tasks.Sources.IValueTaskSource<TResult>.GetResult(Int16 token)
   at System.Net.Security.SslStream.ReadAsyncInternal[TIOAdapter](Memory`1 buffer, CancellationToken cancellationToken)
   at System.Runtime.CompilerServices.PoolingAsyncValueTaskMethodBuilder`1.StateMachineBox`1.System.Threading.Tasks.Sources.IValueTaskSource<TResult>.GetResult(Int16 token)
   at System.Net.Http.HttpConnection.SendAsync(HttpRequestMessage request, Boolean async, CancellationToken cancellationToken)
   --- End of inner exception stack trace ---
   at System.Net.Http.HttpConnection.SendAsync(HttpRequestMessage request, Boolean async, CancellationToken cancellationToken)
   at System.Net.Http.AuthenticationHelper.SendWithNtAuthAsync(HttpRequestMessage request, Uri authUri, Boolean async, ICredentials credentials, Boolean isProxyAuth, HttpConnection connection, HttpConnectionPool connectionPool, CancellationToken cancellationToken)
   at System.Net.Http.HttpConnectionPool.SendWithVersionDetectionAndRetryAsync(HttpRequestMessage request, Boolean async, Boolean doRequestAuth, CancellationToken cancellationToken)
   at System.Net.Http.AuthenticationHelper.SendWithAuthAsync(HttpRequestMessage request, Uri authUri, Boolean async, ICredentials credentials, Boolean preAuthenticate, Boolean isProxyAuth, Boolean doRequestAuth, HttpConnectionPool pool, CancellationToken cancellationToken)
   at System.Net.Http.RedirectHandler.SendAsync(HttpRequestMessage request, Boolean async, CancellationToken cancellationToken)
   at GitHub.Services.Common.RawHttpMessageHandler.SendAsync(HttpRequestMessage request, CancellationToken cancellationToken)
   --- End of inner exception stack trace ---
   at GitHub.Services.Common.RawHttpMessageHandler.SendAsync(HttpRequestMessage request, CancellationToken cancellationToken)
   at GitHub.Services.Common.VssHttpRetryMessageHandler.SendAsync(HttpRequestMessage request, CancellationToken cancellationToken)
   at System.Net.Http.HttpClient.<SendAsync>g__Core|83_0(HttpRequestMessage request, HttpCompletionOption completionOption, CancellationTokenSource cts, Boolean disposeCts, CancellationTokenSource pendingRequestsCts, CancellationToken originalCancellationToken)
   at Sdk.WebApi.WebApi.RawHttpClientBase.SendAsync(HttpRequestMessage message, HttpCompletionOption completionOption, Object userState, CancellationToken cancellationToken)
   at Sdk.WebApi.WebApi.RawHttpClientBase.SendAsync[T](HttpRequestMessage message, Boolean readErrorBody, Object userState, CancellationToken cancellationToken)
   at Sdk.WebApi.WebApi.RawHttpClientBase.SendAsync[T](HttpMethod method, IEnumerable`1 additionalHeaders, Uri requestUri, HttpContent content, IEnumerable`1 queryParameters, Boolean readErrorBody, Object userState, CancellationToken cancellationToken)
   at GitHub.Actions.RunService.WebApi.BrokerHttpClient.GetRunnerMessageAsync(Nullable`1 sessionId, String runnerVersion, Nullable`1 status, String os, String architecture, Nullable`1 disableUpdate, CancellationToken cancellationToken)
   at GitHub.Runner.Common.BrokerServer.<>c__DisplayClass7_0.<<GetRunnerMessageAsync>b__0>d.MoveNext()
--- End of stack trace from previous location ---
   at GitHub.Runner.Common.RunnerService.RetryRequest[T](Func`1 func, CancellationToken cancellationToken, Int32 maxAttempts, Func`2 shouldRetry)
[2025-11-27 23:37:53Z ERR  BrokerServer] #####################################################
[2025-11-27 23:37:53Z ERR  BrokerServer] System.Threading.Tasks.TaskCanceledException: The operation was canceled.
 ---> System.IO.IOException: Unable to read data from the transport connection: The I/O operation has been aborted because of either a thread exit or an application request..
 ---> System.Net.Sockets.SocketException (995): The I/O operation has been aborted because of either a thread exit or an application request.
   --- End of inner exception stack trace ---
   at System.Net.Sockets.Socket.AwaitableSocketAsyncEventArgs.System.Threading.Tasks.Sources.IValueTaskSource<System.Int32>.GetResult(Int16 token)
   at System.Net.Security.SslStream.EnsureFullTlsFrameAsync[TIOAdapter](CancellationToken cancellationToken, Int32 estimatedSize)
   at System.Runtime.CompilerServices.PoolingAsyncValueTaskMethodBuilder`1.StateMachineBox`1.System.Threading.Tasks.Sources.IValueTaskSource<TResult>.GetResult(Int16 token)
   at System.Net.Security.SslStream.ReadAsyncInternal[TIOAdapter](Memory`1 buffer, CancellationToken cancellationToken)
   at System.Runtime.CompilerServices.PoolingAsyncValueTaskMethodBuilder`1.StateMachineBox`1.System.Threading.Tasks.Sources.IValueTaskSource<TResult>.GetResult(Int16 token)
   at System.Net.Http.HttpConnection.SendAsync(HttpRequestMessage request, Boolean async, CancellationToken cancellationToken)
   --- End of inner exception stack trace ---
   at System.Net.Http.HttpConnection.SendAsync(HttpRequestMessage request, Boolean async, CancellationToken cancellationToken)
   at System.Net.Http.AuthenticationHelper.SendWithNtAuthAsync(HttpRequestMessage request, Uri authUri, Boolean async, ICredentials credentials, Boolean isProxyAuth, HttpConnection connection, HttpConnectionPool connectionPool, CancellationToken cancellationToken)
   at System.Net.Http.HttpConnectionPool.SendWithVersionDetectionAndRetryAsync(HttpRequestMessage request, Boolean async, Boolean doRequestAuth, CancellationToken cancellationToken)
   at System.Net.Http.AuthenticationHelper.SendWithAuthAsync(HttpRequestMessage request, Uri authUri, Boolean async, ICredentials credentials, Boolean preAuthenticate, Boolean isProxyAuth, Boolean doRequestAuth, HttpConnectionPool pool, CancellationToken cancellationToken)
   at System.Net.Http.RedirectHandler.SendAsync(HttpRequestMessage request, Boolean async, CancellationToken cancellationToken)
   at GitHub.Services.Common.RawHttpMessageHandler.SendAsync(HttpRequestMessage request, CancellationToken cancellationToken)
[2025-11-27 23:37:53Z ERR  BrokerServer] #####################################################
[2025-11-27 23:37:53Z ERR  BrokerServer] System.IO.IOException: Unable to read data from the transport connection: The I/O operation has been aborted because of either a thread exit or an application request..
 ---> System.Net.Sockets.SocketException (995): The I/O operation has been aborted because of either a thread exit or an application request.
   --- End of inner exception stack trace ---
   at System.Net.Sockets.Socket.AwaitableSocketAsyncEventArgs.System.Threading.Tasks.Sources.IValueTaskSource<System.Int32>.GetResult(Int16 token)
   at System.Net.Security.SslStream.EnsureFullTlsFrameAsync[TIOAdapter](CancellationToken cancellationToken, Int32 estimatedSize)
   at System.Runtime.CompilerServices.PoolingAsyncValueTaskMethodBuilder`1.StateMachineBox`1.System.Threading.Tasks.Sources.IValueTaskSource<TResult>.GetResult(Int16 token)
   at System.Net.Security.SslStream.ReadAsyncInternal[TIOAdapter](Memory`1 buffer, CancellationToken cancellationToken)
   at System.Runtime.CompilerServices.PoolingAsyncValueTaskMethodBuilder`1.StateMachineBox`1.System.Threading.Tasks.Sources.IValueTaskSource<TResult>.GetResult(Int16 token)
   at System.Net.Http.HttpConnection.SendAsync(HttpRequestMessage request, Boolean async, CancellationToken cancellationToken)
[2025-11-27 23:37:53Z ERR  BrokerServer] #####################################################
[2025-11-27 23:37:53Z ERR  BrokerServer] System.Net.Sockets.SocketException (995): The I/O operation has been aborted because of either a thread exit or an application request.
[2025-11-27 23:37:53Z WARN BrokerServer] Back off 7.716 seconds before next retry. 4 attempt left.
[2025-11-27 23:49:43Z INFO RSAEncryptedFileKeyManager] Loading RSA key parameters from file D:\4thSemester\SOA\Final Project\Telemed\actions-runner\.credentials_rsaparams
[2025-11-27 23:49:43Z INFO GitHubActionsService] AAD Correlation ID for this token request: Unknown
[2025-11-28 00:33:01Z WARN GitHubActionsService] Attempt 1 of GET request to https://broker.actions.githubusercontent.com/message?sessionId=910d5187-966f-4105-b087-40147f669899&status=Online&runnerVersion=2.329.0&os=Windows&architecture=X64&disableUpdate=false failed (Socket Error: ConnectionReset). The operation will be retried in 11.074 seconds.
[2025-11-28 00:39:53Z INFO RSAEncryptedFileKeyManager] Loading RSA key parameters from file D:\4thSemester\SOA\Final Project\Telemed\actions-runner\.credentials_rsaparams
[2025-11-28 00:39:53Z INFO GitHubActionsService] AAD Correlation ID for this token request: Unknown
[2025-11-28 01:30:01Z INFO RSAEncryptedFileKeyManager] Loading RSA key parameters from file D:\4thSemester\SOA\Final Project\Telemed\actions-runner\.credentials_rsaparams
[2025-11-28 01:30:02Z INFO GitHubActionsService] AAD Correlation ID for this token request: Unknown
[2025-11-28 02:54:34Z WARN GitHubActionsService] Attempt 1 of GET request to https://broker.actions.githubusercontent.com/message?sessionId=910d5187-966f-4105-b087-40147f669899&status=Online&runnerVersion=2.329.0&os=Windows&architecture=X64&disableUpdate=false failed (Socket Error: ConnectionReset). The operation will be retried in 10.952 seconds.
[2025-11-28 02:54:45Z INFO RSAEncryptedFileKeyManager] Loading RSA key parameters from file D:\4thSemester\SOA\Final Project\Telemed\actions-runner\.credentials_rsaparams
[2025-11-28 02:54:45Z INFO GitHubActionsService] AAD Correlation ID for this token request: Unknown
[2025-11-28 02:55:51Z WARN GitHubActionsService] Attempt 2 of GET request to https://broker.actions.githubusercontent.com/message?sessionId=910d5187-966f-4105-b087-40147f669899&status=Online&runnerVersion=2.329.0&os=Windows&architecture=X64&disableUpdate=false failed (Socket Error: ConnectionReset). The operation will be retried in 13.078 seconds.
[2025-11-28 03:45:23Z INFO RSAEncryptedFileKeyManager] Loading RSA key parameters from file D:\4thSemester\SOA\Final Project\Telemed\actions-runner\.credentials_rsaparams
[2025-11-28 03:45:23Z INFO GitHubActionsService] AAD Correlation ID for this token request: Unknown
[2025-11-28 04:26:39Z INFO HostContext] Runner will be shutdown for UserCancelled
[2025-11-28 04:26:39Z WARN GitHubActionsService] GET request to https://broker.actions.githubusercontent.com/message?sessionId=910d5187-966f-4105-b087-40147f669899&status=Online&runnerVersion=2.329.0&os=Windows&architecture=X64&disableUpdate=false has been cancelled.
[2025-11-28 04:26:39Z ERR  BrokerServer] Catch exception during request
[2025-11-28 04:26:39Z ERR  BrokerServer] System.Threading.Tasks.TaskCanceledException: The operation was canceled.
 ---> System.Threading.Tasks.TaskCanceledException: The operation was canceled.
 ---> System.IO.IOException: Unable to read data from the transport connection: The I/O operation has been aborted because of either a thread exit or an application request..
 ---> System.Net.Sockets.SocketException (995): The I/O operation has been aborted because of either a thread exit or an application request.
   --- End of inner exception stack trace ---
   at System.Net.Sockets.Socket.AwaitableSocketAsyncEventArgs.System.Threading.Tasks.Sources.IValueTaskSource<System.Int32>.GetResult(Int16 token)
   at System.Net.Security.SslStream.EnsureFullTlsFrameAsync[TIOAdapter](CancellationToken cancellationToken, Int32 estimatedSize)
   at System.Runtime.CompilerServices.PoolingAsyncValueTaskMethodBuilder`1.StateMachineBox`1.System.Threading.Tasks.Sources.IValueTaskSource<TResult>.GetResult(Int16 token)
   at System.Net.Security.SslStream.ReadAsyncInternal[TIOAdapter](Memory`1 buffer, CancellationToken cancellationToken)
   at System.Runtime.CompilerServices.PoolingAsyncValueTaskMethodBuilder`1.StateMachineBox`1.System.Threading.Tasks.Sources.IValueTaskSource<TResult>.GetResult(Int16 token)
   at System.Net.Http.HttpConnection.SendAsync(HttpRequestMessage request, Boolean async, CancellationToken cancellationToken)
   --- End of inner exception stack trace ---
   at System.Net.Http.HttpConnection.SendAsync(HttpRequestMessage request, Boolean async, CancellationToken cancellationToken)
   at System.Net.Http.AuthenticationHelper.SendWithNtAuthAsync(HttpRequestMessage request, Uri authUri, Boolean async, ICredentials credentials, Boolean isProxyAuth, HttpConnection connection, HttpConnectionPool connectionPool, CancellationToken cancellationToken)
   at System.Net.Http.HttpConnectionPool.SendWithVersionDetectionAndRetryAsync(HttpRequestMessage request, Boolean async, Boolean doRequestAuth, CancellationToken cancellationToken)
   at System.Net.Http.AuthenticationHelper.SendWithAuthAsync(HttpRequestMessage request, Uri authUri, Boolean async, ICredentials credentials, Boolean preAuthenticate, Boolean isProxyAuth, Boolean doRequestAuth, HttpConnectionPool pool, CancellationToken cancellationToken)
   at System.Net.Http.RedirectHandler.SendAsync(HttpRequestMessage request, Boolean async, CancellationToken cancellationToken)
   at GitHub.Services.Common.RawHttpMessageHandler.SendAsync(HttpRequestMessage request, CancellationToken cancellationToken)
   at GitHub.Services.Common.VssHttpRetryMessageHandler.SendAsync(HttpRequestMessage request, CancellationToken cancellationToken)
   at System.Net.Http.HttpClient.<SendAsync>g__Core|83_0(HttpRequestMessage request, HttpCompletionOption completionOption, CancellationTokenSource cts, Boolean disposeCts, CancellationTokenSource pendingRequestsCts, CancellationToken originalCancellationToken)
   --- End of inner exception stack trace ---
   at System.Net.Http.HttpClient.HandleFailure(Exception e, Boolean telemetryStarted, HttpResponseMessage response, CancellationTokenSource cts, CancellationToken cancellationToken, CancellationTokenSource pendingRequestsCts)
   at System.Net.Http.HttpClient.<SendAsync>g__Core|83_0(HttpRequestMessage request, HttpCompletionOption completionOption, CancellationTokenSource cts, Boolean disposeCts, CancellationTokenSource pendingRequestsCts, CancellationToken originalCancellationToken)
   at Sdk.WebApi.WebApi.RawHttpClientBase.SendAsync(HttpRequestMessage message, HttpCompletionOption completionOption, Object userState, CancellationToken cancellationToken)
   at Sdk.WebApi.WebApi.RawHttpClientBase.SendAsync[T](HttpRequestMessage message, Boolean readErrorBody, Object userState, CancellationToken cancellationToken)
   at Sdk.WebApi.WebApi.RawHttpClientBase.SendAsync[T](HttpMethod method, IEnumerable`1 additionalHeaders, Uri requestUri, HttpContent content, IEnumerable`1 queryParameters, Boolean readErrorBody, Object userState, CancellationToken cancellationToken)
   at GitHub.Actions.RunService.WebApi.BrokerHttpClient.GetRunnerMessageAsync(Nullable`1 sessionId, String runnerVersion, Nullable`1 status, String os, String architecture, Nullable`1 disableUpdate, CancellationToken cancellationToken)
   at GitHub.Runner.Common.BrokerServer.<>c__DisplayClass7_0.<<GetRunnerMessageAsync>b__0>d.MoveNext()
--- End of stack trace from previous location ---
   at GitHub.Runner.Common.RunnerService.RetryRequest[T](Func`1 func, CancellationToken cancellationToken, Int32 maxAttempts, Func`2 shouldRetry)
[2025-11-28 04:26:39Z ERR  BrokerServer] #####################################################
[2025-11-28 04:26:39Z ERR  BrokerServer] System.Threading.Tasks.TaskCanceledException: The operation was canceled.
 ---> System.IO.IOException: Unable to read data from the transport connection: The I/O operation has been aborted because of either a thread exit or an application request..
 ---> System.Net.Sockets.SocketException (995): The I/O operation has been aborted because of either a thread exit or an application request.
   --- End of inner exception stack trace ---
   at System.Net.Sockets.Socket.AwaitableSocketAsyncEventArgs.System.Threading.Tasks.Sources.IValueTaskSource<System.Int32>.GetResult(Int16 token)
   at System.Net.Security.SslStream.EnsureFullTlsFrameAsync[TIOAdapter](CancellationToken cancellationToken, Int32 estimatedSize)
   at System.Runtime.CompilerServices.PoolingAsyncValueTaskMethodBuilder`1.StateMachineBox`1.System.Threading.Tasks.Sources.IValueTaskSource<TResult>.GetResult(Int16 token)
   at System.Net.Security.SslStream.ReadAsyncInternal[TIOAdapter](Memory`1 buffer, CancellationToken cancellationToken)
   at System.Runtime.CompilerServices.PoolingAsyncValueTaskMethodBuilder`1.StateMachineBox`1.System.Threading.Tasks.Sources.IValueTaskSource<TResult>.GetResult(Int16 token)
   at System.Net.Http.HttpConnection.SendAsync(HttpRequestMessage request, Boolean async, CancellationToken cancellationToken)
   --- End of inner exception stack trace ---
   at System.Net.Http.HttpConnection.SendAsync(HttpRequestMessage request, Boolean async, CancellationToken cancellationToken)
   at System.Net.Http.AuthenticationHelper.SendWithNtAuthAsync(HttpRequestMessage request, Uri authUri, Boolean async, ICredentials credentials, Boolean isProxyAuth, HttpConnection connection, HttpConnectionPool connectionPool, CancellationToken cancellationToken)
   at System.Net.Http.HttpConnectionPool.SendWithVersionDetectionAndRetryAsync(HttpRequestMessage request, Boolean async, Boolean doRequestAuth, CancellationToken cancellationToken)
   at System.Net.Http.AuthenticationHelper.SendWithAuthAsync(HttpRequestMessage request, Uri authUri, Boolean async, ICredentials credentials, Boolean preAuthenticate, Boolean isProxyAuth, Boolean doRequestAuth, HttpConnectionPool pool, CancellationToken cancellationToken)
   at System.Net.Http.RedirectHandler.SendAsync(HttpRequestMessage request, Boolean async, CancellationToken cancellationToken)
   at GitHub.Services.Common.RawHttpMessageHandler.SendAsync(HttpRequestMessage request, CancellationToken cancellationToken)
   at GitHub.Services.Common.VssHttpRetryMessageHandler.SendAsync(HttpRequestMessage request, CancellationToken cancellationToken)
   at System.Net.Http.HttpClient.<SendAsync>g__Core|83_0(HttpRequestMessage request, HttpCompletionOption completionOption, CancellationTokenSource cts, Boolean disposeCts, CancellationTokenSource pendingRequestsCts, CancellationToken originalCancellationToken)
[2025-11-28 04:26:39Z ERR  BrokerServer] #####################################################
[2025-11-28 04:26:39Z ERR  BrokerServer] System.IO.IOException: Unable to read data from the transport connection: The I/O operation has been aborted because of either a thread exit or an application request..
 ---> System.Net.Sockets.SocketException (995): The I/O operation has been aborted because of either a thread exit or an application request.
   --- End of inner exception stack trace ---
   at System.Net.Sockets.Socket.AwaitableSocketAsyncEventArgs.System.Threading.Tasks.Sources.IValueTaskSource<System.Int32>.GetResult(Int16 token)
   at System.Net.Security.SslStream.EnsureFullTlsFrameAsync[TIOAdapter](CancellationToken cancellationToken, Int32 estimatedSize)
   at System.Runtime.CompilerServices.PoolingAsyncValueTaskMethodBuilder`1.StateMachineBox`1.System.Threading.Tasks.Sources.IValueTaskSource<TResult>.GetResult(Int16 token)
   at System.Net.Security.SslStream.ReadAsyncInternal[TIOAdapter](Memory`1 buffer, CancellationToken cancellationToken)
   at System.Runtime.CompilerServices.PoolingAsyncValueTaskMethodBuilder`1.StateMachineBox`1.System.Threading.Tasks.Sources.IValueTaskSource<TResult>.GetResult(Int16 token)
   at System.Net.Http.HttpConnection.SendAsync(HttpRequestMessage request, Boolean async, CancellationToken cancellationToken)
[2025-11-28 04:26:39Z ERR  BrokerServer] #####################################################
[2025-11-28 04:26:39Z ERR  BrokerServer] System.Net.Sockets.SocketException (995): The I/O operation has been aborted because of either a thread exit or an application request.
[2025-11-28 04:26:39Z WARN BrokerServer] Back off 14.004 seconds before next retry. 4 attempt left.
[2025-11-28 04:26:39Z INFO BrokerMessageListener] Get next message has been cancelled.
[2025-11-28 04:26:39Z INFO JobDispatcher] Shutting down JobDispatcher. Make sure all WorkerDispatcher has finished.
[2025-11-28 04:26:39Z INFO JobDispatcher] Ensure WorkerDispatcher for job 66d31ab1-3090-51fb-b281-f4b29d83f6c6 run to finish, cancel any running job.
[2025-11-28 04:26:39Z INFO JobDispatcher] Job request 66d31ab1-3090-51fb-b281-f4b29d83f6c6 processed succeed.
[2025-11-28 04:26:39Z INFO Runner] Deleting Runner Session...
[2025-11-28 04:26:39Z INFO Listener] Runner execution been cancelled.
