[2025-11-27 15:22:32Z INFO HostContext] No proxy settings were found based on environmental variables (http_proxy/https_proxy/HTTP_PROXY/HTTPS_PROXY)
[2025-11-27 15:22:32Z INFO HostContext] Well known directory 'Bin': 'D:\4thSemester\SOA\Final Project\Telemed\actions-runner\bin'
[2025-11-27 15:22:32Z INFO HostContext] Well known directory 'Root': 'D:\4thSemester\SOA\Final Project\Telemed\actions-runner'
[2025-11-27 15:22:32Z INFO HostContext] Well known config file 'Credentials': 'D:\4thSemester\SOA\Final Project\Telemed\actions-runner\.credentials'
[2025-11-27 15:22:32Z INFO HostContext] Well known directory 'Bin': 'D:\4thSemester\SOA\Final Project\Telemed\actions-runner\bin'
[2025-11-27 15:22:32Z INFO HostContext] Well known directory 'Root': 'D:\4thSemester\SOA\Final Project\Telemed\actions-runner'
[2025-11-27 15:22:32Z INFO HostContext] Well known config file 'Runner': 'D:\4thSemester\SOA\Final Project\Telemed\actions-runner\.runner'
[2025-11-27 15:22:32Z INFO Listener] Runner is built for Windows (X64) - win-x64.
[2025-11-27 15:22:32Z INFO Listener] RuntimeInformation: Microsoft Windows 10.0.26200.
[2025-11-27 15:22:32Z INFO Listener] Version: 2.329.0
[2025-11-27 15:22:32Z INFO Listener] Commit: c76c59996c8fa32e989164a5a695efb12608ae5a
[2025-11-27 15:22:32Z INFO Listener] Culture: en-US
[2025-11-27 15:22:32Z INFO Listener] UI Culture: en-US
[2025-11-27 15:22:32Z INFO HostContext] Well known directory 'Bin': 'D:\4thSemester\SOA\Final Project\Telemed\actions-runner\bin'
[2025-11-27 15:22:32Z INFO HostContext] Well known directory 'Root': 'D:\4thSemester\SOA\Final Project\Telemed\actions-runner'
[2025-11-27 15:22:32Z INFO Listener] Validating directory permissions for: 'D:\4thSemester\SOA\Final Project\Telemed\actions-runner'
[2025-11-27 15:22:32Z INFO CommandLineParser] Parse
[2025-11-27 15:22:32Z INFO CommandLineParser] Parsing 1 args
[2025-11-27 15:22:32Z INFO CommandLineParser] parsing argument
[2025-11-27 15:22:32Z INFO CommandLineParser] HasArgs: False
[2025-11-27 15:22:32Z INFO CommandLineParser] Adding Command: remove
[2025-11-27 15:22:32Z INFO Listener] Arguments parsed
[2025-11-27 15:22:32Z INFO Runner] ExecuteCommand
[2025-11-27 15:22:32Z INFO ConfigurationStore] currentAssemblyLocation: D:\4thSemester\SOA\Final Project\Telemed\actions-runner\bin\Runner.Listener.dll
[2025-11-27 15:22:32Z INFO HostContext] Well known directory 'Bin': 'D:\4thSemester\SOA\Final Project\Telemed\actions-runner\bin'
[2025-11-27 15:22:32Z INFO ConfigurationStore] binPath: D:\4thSemester\SOA\Final Project\Telemed\actions-runner\bin
[2025-11-27 15:22:32Z INFO HostContext] Well known directory 'Bin': 'D:\4thSemester\SOA\Final Project\Telemed\actions-runner\bin'
[2025-11-27 15:22:32Z INFO HostContext] Well known directory 'Root': 'D:\4thSemester\SOA\Final Project\Telemed\actions-runner'
[2025-11-27 15:22:32Z INFO ConfigurationStore] RootFolder: D:\4thSemester\SOA\Final Project\Telemed\actions-runner
[2025-11-27 15:22:32Z INFO HostContext] Well known directory 'Bin': 'D:\4thSemester\SOA\Final Project\Telemed\actions-runner\bin'
[2025-11-27 15:22:32Z INFO HostContext] Well known directory 'Root': 'D:\4thSemester\SOA\Final Project\Telemed\actions-runner'
[2025-11-27 15:22:32Z INFO HostContext] Well known config file 'Runner': 'D:\4thSemester\SOA\Final Project\Telemed\actions-runner\.runner'
[2025-11-27 15:22:32Z INFO ConfigurationStore] ConfigFilePath: D:\4thSemester\SOA\Final Project\Telemed\actions-runner\.runner
[2025-11-27 15:22:32Z INFO HostContext] Well known directory 'Bin': 'D:\4thSemester\SOA\Final Project\Telemed\actions-runner\bin'
[2025-11-27 15:22:32Z INFO HostContext] Well known directory 'Root': 'D:\4thSemester\SOA\Final Project\Telemed\actions-runner'
[2025-11-27 15:22:32Z INFO HostContext] Well known config file 'MigratedRunner': 'D:\4thSemester\SOA\Final Project\Telemed\actions-runner\.runner_migrated'
[2025-11-27 15:22:32Z INFO ConfigurationStore] MigratedConfigFilePath: D:\4thSemester\SOA\Final Project\Telemed\actions-runner\.runner_migrated
[2025-11-27 15:22:32Z INFO HostContext] Well known directory 'Bin': 'D:\4thSemester\SOA\Final Project\Telemed\actions-runner\bin'
[2025-11-27 15:22:32Z INFO HostContext] Well known directory 'Root': 'D:\4thSemester\SOA\Final Project\Telemed\actions-runner'
[2025-11-27 15:22:32Z INFO HostContext] Well known config file 'Credentials': 'D:\4thSemester\SOA\Final Project\Telemed\actions-runner\.credentials'
[2025-11-27 15:22:32Z INFO ConfigurationStore] CredFilePath: D:\4thSemester\SOA\Final Project\Telemed\actions-runner\.credentials
[2025-11-27 15:22:32Z INFO HostContext] Well known directory 'Bin': 'D:\4thSemester\SOA\Final Project\Telemed\actions-runner\bin'
[2025-11-27 15:22:32Z INFO HostContext] Well known directory 'Root': 'D:\4thSemester\SOA\Final Project\Telemed\actions-runner'
[2025-11-27 15:22:32Z INFO HostContext] Well known config file 'MigratedCredentials': 'D:\4thSemester\SOA\Final Project\Telemed\actions-runner\.credentials_migrated'
[2025-11-27 15:22:32Z INFO ConfigurationStore] MigratedCredFilePath: D:\4thSemester\SOA\Final Project\Telemed\actions-runner\.credentials_migrated
[2025-11-27 15:22:32Z INFO HostContext] Well known directory 'Bin': 'D:\4thSemester\SOA\Final Project\Telemed\actions-runner\bin'
[2025-11-27 15:22:32Z INFO HostContext] Well known directory 'Root': 'D:\4thSemester\SOA\Final Project\Telemed\actions-runner'
[2025-11-27 15:22:32Z INFO HostContext] Well known config file 'Service': 'D:\4thSemester\SOA\Final Project\Telemed\actions-runner\.service'
[2025-11-27 15:22:32Z INFO ConfigurationStore] ServiceConfigFilePath: D:\4thSemester\SOA\Final Project\Telemed\actions-runner\.service
[2025-11-27 15:22:32Z INFO CommandSettings] Flag 'help': 'False'
[2025-11-27 15:22:32Z INFO CommandSettings] Flag 'version': 'False'
[2025-11-27 15:22:32Z INFO CommandSettings] Flag 'commit': 'False'
[2025-11-27 15:22:32Z INFO CommandSettings] Flag 'check': 'False'
[2025-11-27 15:22:32Z INFO CommandSettings] Command 'configure': 'False'
[2025-11-27 15:22:32Z INFO CommandSettings] Command 'remove': 'True'
[2025-11-27 15:22:32Z INFO CommandSettings] Flag 'local': 'False'
[2025-11-27 15:22:32Z INFO ConfigurationStore] IsServiceConfigured()
[2025-11-27 15:22:32Z INFO ConfigurationStore] IsServiceConfigured: False
[2025-11-27 15:22:32Z INFO ConfigurationStore] IsConfigured()
[2025-11-27 15:22:32Z INFO ConfigurationStore] IsConfigured: False
[2025-11-27 15:22:32Z INFO ConfigurationStore] HasCredentials()
[2025-11-27 15:22:32Z INFO ConfigurationStore] stored False
[2025-11-27 15:22:32Z INFO Terminal] WRITE LINE: Cannot connect to server, because config files are missing. Skipping removing runner from the server.
[2025-11-27 15:22:32Z INFO ConfigurationStore] IsConfigured()
[2025-11-27 15:22:32Z INFO ConfigurationStore] IsConfigured: False
[2025-11-27 15:22:32Z INFO ConfigurationStore] HasCredentials()
[2025-11-27 15:22:32Z INFO ConfigurationStore] stored False
[2025-11-27 15:22:32Z INFO Terminal] WRITE LINE: Does not exist. Skipping Removing .credentials
[2025-11-27 15:22:32Z INFO Terminal] WRITE LINE: Does not exist. Skipping Removing .runner
[2025-11-27 15:22:32Z INFO Terminal] WRITE LINE: 
[2025-11-27 15:22:32Z INFO Listener] Runner execution has finished with return code 0
