[2025-11-27 15:20:55Z INFO HostContext] No proxy settings were found based on environmental variables (http_proxy/https_proxy/HTTP_PROXY/HTTPS_PROXY)
[2025-11-27 15:20:55Z INFO HostContext] Well known directory 'Bin': 'D:\4thSemester\SOA\Final Project\Telemed\actions-runner\bin'
[2025-11-27 15:20:55Z INFO HostContext] Well known directory 'Root': 'D:\4thSemester\SOA\Final Project\Telemed\actions-runner'
[2025-11-27 15:20:55Z INFO HostContext] Well known config file 'Credentials': 'D:\4thSemester\SOA\Final Project\Telemed\actions-runner\.credentials'
[2025-11-27 15:20:55Z INFO HostContext] Well known directory 'Bin': 'D:\4thSemester\SOA\Final Project\Telemed\actions-runner\bin'
[2025-11-27 15:20:55Z INFO HostContext] Well known directory 'Root': 'D:\4thSemester\SOA\Final Project\Telemed\actions-runner'
[2025-11-27 15:20:55Z INFO HostContext] Well known config file 'Runner': 'D:\4thSemester\SOA\Final Project\Telemed\actions-runner\.runner'
[2025-11-27 15:20:55Z INFO Listener] Runner is built for Windows (X64) - win-x64.
[2025-11-27 15:20:55Z INFO Listener] RuntimeInformation: Microsoft Windows 10.0.26200.
[2025-11-27 15:20:55Z INFO Listener] Version: 2.329.0
[2025-11-27 15:20:55Z INFO Listener] Commit: c76c59996c8fa32e989164a5a695efb12608ae5a
[2025-11-27 15:20:55Z INFO Listener] Culture: en-US
[2025-11-27 15:20:55Z INFO Listener] UI Culture: en-US
[2025-11-27 15:20:55Z INFO HostContext] Well known directory 'Bin': 'D:\4thSemester\SOA\Final Project\Telemed\actions-runner\bin'
[2025-11-27 15:20:55Z INFO HostContext] Well known directory 'Root': 'D:\4thSemester\SOA\Final Project\Telemed\actions-runner'
[2025-11-27 15:20:55Z INFO Listener] Validating directory permissions for: 'D:\4thSemester\SOA\Final Project\Telemed\actions-runner'
[2025-11-27 15:20:55Z INFO CommandLineParser] Parse
[2025-11-27 15:20:55Z INFO CommandLineParser] Parsing 1 args
[2025-11-27 15:20:55Z INFO CommandLineParser] parsing argument
[2025-11-27 15:20:55Z INFO CommandLineParser] HasArgs: False
[2025-11-27 15:20:55Z INFO CommandLineParser] Adding Command: remove
[2025-11-27 15:20:55Z INFO Listener] Arguments parsed
[2025-11-27 15:20:55Z INFO Runner] ExecuteCommand
[2025-11-27 15:20:55Z INFO ConfigurationStore] currentAssemblyLocation: D:\4thSemester\SOA\Final Project\Telemed\actions-runner\bin\Runner.Listener.dll
[2025-11-27 15:20:55Z INFO HostContext] Well known directory 'Bin': 'D:\4thSemester\SOA\Final Project\Telemed\actions-runner\bin'
[2025-11-27 15:20:55Z INFO ConfigurationStore] binPath: D:\4thSemester\SOA\Final Project\Telemed\actions-runner\bin
[2025-11-27 15:20:55Z INFO HostContext] Well known directory 'Bin': 'D:\4thSemester\SOA\Final Project\Telemed\actions-runner\bin'
[2025-11-27 15:20:55Z INFO HostContext] Well known directory 'Root': 'D:\4thSemester\SOA\Final Project\Telemed\actions-runner'
[2025-11-27 15:20:55Z INFO ConfigurationStore] RootFolder: D:\4thSemester\SOA\Final Project\Telemed\actions-runner
[2025-11-27 15:20:55Z INFO HostContext] Well known directory 'Bin': 'D:\4thSemester\SOA\Final Project\Telemed\actions-runner\bin'
[2025-11-27 15:20:55Z INFO HostContext] Well known directory 'Root': 'D:\4thSemester\SOA\Final Project\Telemed\actions-runner'
[2025-11-27 15:20:55Z INFO HostContext] Well known config file 'Runner': 'D:\4thSemester\SOA\Final Project\Telemed\actions-runner\.runner'
[2025-11-27 15:20:55Z INFO ConfigurationStore] ConfigFilePath: D:\4thSemester\SOA\Final Project\Telemed\actions-runner\.runner
[2025-11-27 15:20:55Z INFO HostContext] Well known directory 'Bin': 'D:\4thSemester\SOA\Final Project\Telemed\actions-runner\bin'
[2025-11-27 15:20:55Z INFO HostContext] Well known directory 'Root': 'D:\4thSemester\SOA\Final Project\Telemed\actions-runner'
[2025-11-27 15:20:55Z INFO HostContext] Well known config file 'MigratedRunner': 'D:\4thSemester\SOA\Final Project\Telemed\actions-runner\.runner_migrated'
[2025-11-27 15:20:55Z INFO ConfigurationStore] MigratedConfigFilePath: D:\4thSemester\SOA\Final Project\Telemed\actions-runner\.runner_migrated
[2025-11-27 15:20:55Z INFO HostContext] Well known directory 'Bin': 'D:\4thSemester\SOA\Final Project\Telemed\actions-runner\bin'
[2025-11-27 15:20:55Z INFO HostContext] Well known directory 'Root': 'D:\4thSemester\SOA\Final Project\Telemed\actions-runner'
[2025-11-27 15:20:55Z INFO HostContext] Well known config file 'Credentials': 'D:\4thSemester\SOA\Final Project\Telemed\actions-runner\.credentials'
[2025-11-27 15:20:55Z INFO ConfigurationStore] CredFilePath: D:\4thSemester\SOA\Final Project\Telemed\actions-runner\.credentials
[2025-11-27 15:20:55Z INFO HostContext] Well known directory 'Bin': 'D:\4thSemester\SOA\Final Project\Telemed\actions-runner\bin'
[2025-11-27 15:20:55Z INFO HostContext] Well known directory 'Root': 'D:\4thSemester\SOA\Final Project\Telemed\actions-runner'
[2025-11-27 15:20:55Z INFO HostContext] Well known config file 'MigratedCredentials': 'D:\4thSemester\SOA\Final Project\Telemed\actions-runner\.credentials_migrated'
[2025-11-27 15:20:55Z INFO ConfigurationStore] MigratedCredFilePath: D:\4thSemester\SOA\Final Project\Telemed\actions-runner\.credentials_migrated
[2025-11-27 15:20:55Z INFO HostContext] Well known directory 'Bin': 'D:\4thSemester\SOA\Final Project\Telemed\actions-runner\bin'
[2025-11-27 15:20:55Z INFO HostContext] Well known directory 'Root': 'D:\4thSemester\SOA\Final Project\Telemed\actions-runner'
[2025-11-27 15:20:55Z INFO HostContext] Well known config file 'Service': 'D:\4thSemester\SOA\Final Project\Telemed\actions-runner\.service'
[2025-11-27 15:20:55Z INFO ConfigurationStore] ServiceConfigFilePath: D:\4thSemester\SOA\Final Project\Telemed\actions-runner\.service
[2025-11-27 15:20:55Z INFO CommandSettings] Flag 'help': 'False'
[2025-11-27 15:20:55Z INFO CommandSettings] Flag 'version': 'False'
[2025-11-27 15:20:55Z INFO CommandSettings] Flag 'commit': 'False'
[2025-11-27 15:20:55Z INFO CommandSettings] Flag 'check': 'False'
[2025-11-27 15:20:55Z INFO CommandSettings] Command 'configure': 'False'
[2025-11-27 15:20:55Z INFO CommandSettings] Command 'remove': 'True'
[2025-11-27 15:20:55Z INFO CommandSettings] Flag 'local': 'False'
[2025-11-27 15:20:55Z INFO ConfigurationStore] IsServiceConfigured()
[2025-11-27 15:20:55Z INFO ConfigurationStore] IsServiceConfigured: False
[2025-11-27 15:20:55Z INFO ConfigurationStore] IsConfigured()
[2025-11-27 15:20:55Z INFO ConfigurationStore] IsConfigured: True
[2025-11-27 15:20:55Z INFO ConfigurationStore] HasCredentials()
[2025-11-27 15:20:55Z INFO ConfigurationStore] stored True
[2025-11-27 15:20:55Z INFO ConfigurationStore] Read setting file: 385 chars
[2025-11-27 15:20:55Z INFO CommandSettings] Arg 'token': ''
[2025-11-27 15:20:55Z INFO CommandSettings] Flag 'unattended': 'False'
[2025-11-27 15:20:55Z INFO PromptManager] ReadValue
[2025-11-27 15:20:55Z INFO Terminal] WRITE: Enter runner remove token: 
[2025-11-27 15:20:55Z INFO Terminal] READ SECRET
[2025-11-27 15:21:14Z INFO Terminal] Read value: '***'
[2025-11-27 15:21:14Z INFO ConfigurationManager] Http response code: OK from 'POST https://api.github.com/actions/runner-registration' (D582:2E6ED7:3123170:D85E31F:69286C6A)
[2025-11-27 15:21:14Z INFO ConfigurationManager] cred retrieved via GitHub auth
[2025-11-27 15:21:14Z INFO RunnerServer] EstablishVssConnection
[2025-11-27 15:21:14Z INFO RunnerServer] Establish connection with 100 seconds timeout.
[2025-11-27 15:21:14Z INFO GitHubActionsService] Starting operation Location.GetConnectionData
[2025-11-27 15:21:14Z INFO RunnerServer] EstablishVssConnection
[2025-11-27 15:21:14Z INFO RunnerServer] Establish connection with 60 seconds timeout.
[2025-11-27 15:21:14Z INFO GitHubActionsService] Starting operation Location.GetConnectionData
[2025-11-27 15:21:14Z INFO RunnerServer] EstablishVssConnection
[2025-11-27 15:21:14Z INFO RunnerServer] Establish connection with 60 seconds timeout.
[2025-11-27 15:21:14Z INFO GitHubActionsService] Starting operation Location.GetConnectionData
[2025-11-27 15:21:15Z INFO GitHubActionsService] Finished operation Location.GetConnectionData
[2025-11-27 15:21:15Z INFO GitHubActionsService] Finished operation Location.GetConnectionData
[2025-11-27 15:21:15Z INFO GitHubActionsService] Finished operation Location.GetConnectionData
[2025-11-27 15:21:15Z INFO Terminal] WRITE LINE: 
[2025-11-27 15:21:15Z INFO ConfigurationStore] IsConfigured()
[2025-11-27 15:21:15Z INFO ConfigurationStore] IsConfigured: True
[2025-11-27 15:21:15Z INFO ConfigurationStore] HasCredentials()
[2025-11-27 15:21:15Z INFO ConfigurationStore] stored True
[2025-11-27 15:21:15Z INFO HostContext] Well known directory 'Bin': 'D:\4thSemester\SOA\Final Project\Telemed\actions-runner\bin'
[2025-11-27 15:21:15Z INFO HostContext] Well known directory 'Root': 'D:\4thSemester\SOA\Final Project\Telemed\actions-runner'
[2025-11-27 15:21:15Z INFO HostContext] Well known config file 'RSACredentials': 'D:\4thSemester\SOA\Final Project\Telemed\actions-runner\.credentials_rsaparams'
[2025-11-27 15:21:15Z INFO RSAEncryptedFileKeyManager] Deleting RSA key parameters file D:\4thSemester\SOA\Final Project\Telemed\actions-runner\.credentials_rsaparams
[2025-11-27 15:21:15Z INFO Terminal] WRITE LINE: 
[2025-11-27 15:21:15Z INFO Listener] Runner execution has finished with return code 0
