[2025-12-03 16:53:16Z INFO HostContext] No proxy settings were found based on environmental variables (http_proxy/https_proxy/HTTP_PROXY/HTTPS_PROXY)
[2025-12-03 16:53:16Z INFO HostContext] Well known directory 'Bin': 'D:\4thSemester\SOA\Final Project\Telemed\actions-runner\bin'
[2025-12-03 16:53:16Z INFO HostContext] Well known directory 'Root': 'D:\4thSemester\SOA\Final Project\Telemed\actions-runner'
[2025-12-03 16:53:16Z INFO HostContext] Well known config file 'Credentials': 'D:\4thSemester\SOA\Final Project\Telemed\actions-runner\.credentials'
[2025-12-03 16:53:16Z INFO HostContext] Well known directory 'Bin': 'D:\4thSemester\SOA\Final Project\Telemed\actions-runner\bin'
[2025-12-03 16:53:16Z INFO HostContext] Well known directory 'Root': 'D:\4thSemester\SOA\Final Project\Telemed\actions-runner'
[2025-12-03 16:53:16Z INFO HostContext] Well known config file 'Runner': 'D:\4thSemester\SOA\Final Project\Telemed\actions-runner\.runner'
[2025-12-03 16:53:16Z INFO Worker] Version: 2.329.0
[2025-12-03 16:53:16Z INFO Worker] Commit: c76c59996c8fa32e989164a5a695efb12608ae5a
[2025-12-03 16:53:16Z INFO Worker] Culture: en-US
[2025-12-03 16:53:16Z INFO Worker] UI Culture: en-US
[2025-12-03 16:53:16Z INFO Worker] Waiting to receive the job message from the channel.
[2025-12-03 16:53:16Z INFO ProcessChannel] Receiving message of length 21660, with hash '770fbbc48298451f8b7f53ecd83797b877f2ed504fa280ee9e2774cdc39572c7'
[2025-12-03 16:53:16Z INFO Worker] Message received.
[2025-12-03 16:53:16Z INFO Worker] Job message:
 {
  "fileTable": [
    ".github/workflows/ci-cd.yml"
  ],
  "mask": [
    {
      "type": "regex",
      "value": "***"
    },
    {
      "type": "regex",
      "value": "***"
    },
    {
      "type": "regex",
      "value": "***"
    },
    {
      "type": "regex",
      "value": "***"
    },
    {
      "type": "regex",
      "value": "***"
    },
    {
      "type": "regex",
      "value": "***"
    },
    {
      "type": "regex",
      "value": "***"
    },
    {
      "type": "regex",
      "value": "***"
    },
    {
      "type": "regex",
      "value": "***"
    },
    {
      "type": "regex",
      "value": "***"
    },
    {
      "type": "regex",
      "value": "***"
    },
    {
      "type": "regex",
      "value": "***"
    },
    {
      "type": "regex",
      "value": "***"
    },
    {
      "type": "regex",
      "value": "***"
    },
    {
      "type": "regex",
      "value": "***"
    },
    {
      "type": "regex",
      "value": "***"
    },
    {
      "type": "regex",
      "value": "***"
    },
    {
      "type": "regex",
      "value": "***"
    }
  ],
  "steps": [
    {
      "type": "action",
      "reference": {
        "type": "repository",
        "name": "actions/checkout",
        "ref": "v3",
        "repositoryType": "GitHub"
      },
      "displayNameToken": {
        "type": 0,
        "file": 1,
        "line": 16,
        "col": 15,
        "lit": "Checkout repository"
      },
      "contextName": "__actions_checkout",
      "condition": "success()",
      "id": "a2cbe82b-f1f2-442f-ba41-95391e6d77a4",
      "name": "__actions_checkout"
    },
    {
      "type": "action",
      "reference": {
        "type": "repository",
        "name": "actions/setup-node",
        "ref": "v3",
        "repositoryType": "GitHub"
      },
      "displayNameToken": {
        "type": 0,
        "file": 1,
        "line": 20,
        "col": 15,
        "lit": "Set up Node.js"
      },
      "contextName": "__actions_setup-node",
      "inputs": {
        "type": 2,
        "file": 1,
        "line": 23,
        "col": 11,
        "map": [
          {
            "key": {
              "type": 0,
              "file": 1,
              "line": 23,
              "col": 11,
              "lit": "node-version"
            },
            "value": {
              "type": 0,
              "file": 1,
              "line": 23,
              "col": 25,
              "lit": "18"
            }
          }
        ]
      },
      "condition": "success()",
      "id": "9c6c308c-6111-4786-90bb-be41bc70537a",
      "name": "__actions_setup-node"
    },
    {
      "type": "action",
      "reference": {
        "type": "script"
      },
      "displayNameToken": {
        "type": 0,
        "file": 1,
        "line": 26,
        "col": 15,
        "lit": "Install dependencies & run tests"
      },
      "contextName": "__run",
      "inputs": {
        "type": 2,
        "map": [
          {
            "key": "script",
            "value": {
              "type": 0,
              "file": 1,
              "line": 27,
              "col": 14,
              "lit": "cd appointment && npm install && npm test && cd ..\ncd doctor && npm install && npm test && cd ..\ncd patient && npm install && npm test && cd ..\ncd notification && npm install && npm test\n"
            }
          }
        ]
      },
      "condition": "success()",
      "id": "6417f58d-95ae-433d-b288-f6fff1b2a33d",
      "name": "__run"
    },
    {
      "type": "action",
      "reference": {
        "type": "repository",
        "name": "docker/login-action",
        "ref": "v2",
        "repositoryType": "GitHub"
      },
      "displayNameToken": {
        "type": 0,
        "file": 1,
        "line": 34,
        "col": 15,
        "lit": "Log in to Docker Hub"
      },
      "contextName": "__docker_login-action",
      "inputs": {
        "type": 2,
        "file": 1,
        "line": 37,
        "col": 11,
        "map": [
          {
            "key": {
              "type": 0,
              "file": 1,
              "line": 37,
              "col": 11,
              "lit": "username"
            },
            "value": {
              "type": 3,
              "file": 1,
              "line": 37,
              "col": 21,
              "expr": "secrets.DOCKER_USERNAME"
            }
          },
          {
            "key": {
              "type": 0,
              "file": 1,
              "line": 38,
              "col": 11,
              "lit": "password"
            },
            "value": {
              "type": 3,
              "file": 1,
              "line": 38,
              "col": 21,
              "expr": "secrets.DOCKER_PASSWORD"
            }
          }
        ]
      },
      "condition": "success()",
      "id": "49886666-2828-472d-a8ae-c417e36c8db8",
      "name": "__docker_login-action"
    },
    {
      "type": "action",
      "reference": {
        "type": "script"
      },
      "displayNameToken": {
        "type": 0,
        "file": 1,
        "line": 41,
        "col": 15,
        "lit": "Build & push Docker images"
      },
      "contextName": "__run_2",
      "inputs": {
        "type": 2,
        "map": [
          {
            "key": "script",
            "value": {
              "type": 0,
              "file": 1,
              "line": 42,
              "col": 14,
              "lit": "docker build -t hasinij4567/appointment-service:1.0 appointment\ndocker build -t hasinij4567/doctor-service:1.0 doctor\ndocker build -t hasinij4567/patient-service:1.0 patient\ndocker build -t hasinij4567/notification-service:1.0 notification\n\ndocker push hasinij4567/appointment-service:1.0\ndocker push hasinij4567/doctor-service:1.0\ndocker push hasinij4567/patient-service:1.0\ndocker push hasinij4567/notification-service:1.0\n"
            }
          }
        ]
      },
      "condition": "success()",
      "id": "41999572-167a-4bde-ba78-3885a8bb4e75",
      "name": "__run_2"
    },
    {
      "type": "action",
      "reference": {
        "type": "script"
      },
      "displayNameToken": {
        "type": 0,
        "file": 1,
        "line": 54,
        "col": 15,
        "lit": "Apply Kubernetes manifests"
      },
      "contextName": "__run_3",
      "inputs": {
        "type": 2,
        "map": [
          {
            "key": "script",
            "value": {
              "type": 0,
              "file": 1,
              "line": 55,
              "col": 14,
              "lit": "kubectl apply -R -f k8s/ -n telemed\n"
            }
          }
        ]
      },
      "condition": "success()",
      "id": "3f138380-da00-42e7-90d8-ed132159d91f",
      "name": "__run_3"
    },
    {
      "type": "action",
      "reference": {
        "type": "script"
      },
      "displayNameToken": {
        "type": 0,
        "file": 1,
        "line": 59,
        "col": 15,
        "lit": "Restart deployments"
      },
      "contextName": "__run_4",
      "inputs": {
        "type": 2,
        "map": [
          {
            "key": "script",
            "value": {
              "type": 0,
              "file": 1,
              "line": 60,
              "col": 14,
              "lit": "kubectl rollout restart deployment appointment-deployment -n telemed\nkubectl rollout restart deployment doctor-deployment -n telemed\nkubectl rollout restart deployment patient-deployment -n telemed\nkubectl rollout restart deployment notification-deployment -n telemed\n"
            }
          }
        ]
      },
      "condition": "success()",
      "id": "91f1798b-d13c-4358-9abc-9319f09f3be8",
      "name": "__run_4"
    }
  ],
  "variables": {
    "Actions.EnableHttpRedirects": {
      "value": "true"
    },
    "DistributedTask.AddWarningToNode12Action": {
      "value": "true"
    },
    "DistributedTask.AddWarningToNode16Action": {
      "value": "true"
    },
    "DistributedTask.AllowRunnerContainerHooks": {
      "value": "true"
    },
    "DistributedTask.DeprecateStepOutputCommands": {
      "value": "true"
    },
    "DistributedTask.DetailUntarFailure": {
      "value": "true"
    },
    "DistributedTask.EnableCompositeActions": {
      "value": "true"
    },
    "DistributedTask.EnableJobServerQueueTelemetry": {
      "value": "true"
    },
    "DistributedTask.EnhancedAnnotations": {
      "value": "true"
    },
    "DistributedTask.ForceGithubJavascriptActionsToNode16": {
      "value": "true"
    },
    "DistributedTask.ForceGithubJavascriptActionsToNode20": {
      "value": "true"
    },
    "DistributedTask.LogTemplateErrorsAsDebugMessages": {
      "value": "true"
    },
    "DistributedTask.MarkJobAsFailedOnWorkerCrash": {
      "value": "true"
    },
    "DistributedTask.NewActionMetadata": {
      "value": "true"
    },
    "DistributedTask.UploadStepSummary": {
      "value": "true"
    },
    "DistributedTask.UseActionArchiveCache": {
      "value": "true"
    },
    "DistributedTask.UseWhich2": {
      "value": "true"
    },
    "RunService.FixEmbeddedIssues": {
      "value": "true"
    },
    "actions_add_check_run_id_to_job_context": {
      "value": "true"
    },
    "actions_container_action_runner_temp": {
      "value": "true"
    },
    "actions_display_helpful_actions_download_errors": {
      "value": "true"
    },
    "actions_skip_retry_complete_job_upon_known_errors": {
      "value": "true"
    },
    "actions_uses_cache_service_v2": {
      "value": "true"
    },
    "github_token": {
      "value": "***",
      "isSecret": true
    },
    "system.from_run_service": {
      "value": "true"
    },
    "system.github.job": {
      "value": "build-test-deploy"
    },
    "system.github.launch_endpoint": {
      "value": "https://launch.actions.githubusercontent.com"
    },
    "system.github.results_endpoint": {
      "value": "https://results-receiver.actions.githubusercontent.com/"
    },
    "system.github.results_upload_with_sdk": {
      "value": "true"
    },
    "system.github.token": {
      "value": "***",
      "isSecret": true
    },
    "system.github.token.permissions": {
      "value": "{\"Contents\":\"read\",\"Metadata\":\"read\",\"Packages\":\"read\"}"
    },
    "system.orchestrationId": {
      "value": "d8cb10f9-0ab1-4792-a2e8-f465842a31b0.build-test-deploy.__default"
    },
    "system.phaseDisplayName": {
      "value": "build-test-deploy"
    },
    "system.runner.lowdiskspacethreshold": {
      "value": "100"
    },
    "system.runnerEnvironment": {
      "value": "self-hosted"
    },
    "system.runnerGroupName": {
      "value": "Default"
    }
  },
  "messageType": "RunnerJobRequest",
  "plan": {
    "scopeIdentifier": "00000000-0000-0000-0000-000000000000",
    "planType": "actions",
    "version": 0,
    "planId": "d8cb10f9-0ab1-4792-a2e8-f465842a31b0",
    "planGroup": null,
    "artifactUri": null,
    "artifactLocation": null,
    "definition": null,
    "owner": null
  },
  "timeline": {
    "id": "d8cb10f9-0ab1-4792-a2e8-f465842a31b0",
    "changeId": 0,
    "location": null
  },
  "jobId": "f32fc74b-36ea-5e9a-b853-20b1f7d7ce6f",
  "jobDisplayName": "build-test-deploy",
  "jobName": "__default",
  "requestId": 0,
  "lockedUntil": "0001-01-01T00:00:00",
  "resources": {
    "endpoints": [
      {
        "data": {
          "ServerId": "",
          "ServerName": "",
          "CacheServerUrl": "https://artifactcache.actions.githubusercontent.com/IcgAscaefdPjEWOPCNsajrqOlZJsKZhmtAVpLzwWkLoXj0b3PB/",
          "FeedStreamUrl": "wss://results-receiver.actions.githubusercontent.com/_ws/ingest.sock",
          "ResultsServiceUrl": "https://results-receiver.actions.githubusercontent.com/",
          "PipelinesServiceUrl": "https://pipelinesghubeus7.actions.githubusercontent.com/IcgAscaefdPjEWOPCNsajrqOlZJsKZhmtAVpLzwWkLoXj0b3PB/",
          "GenerateIdTokenUrl": ""
        },
        "name": "SystemVssConnection",
        "url": "https://run-actions-1-azure-eastus.actions.githubusercontent.com/118/",
        "authorization": {
          "parameters": {
            "AccessToken": "***"
          },
          "scheme": "OAuth"
        },
        "isShared": false,
        "isReady": true
      }
    ]
  },
  "contextData": {
    "github": {
      "t": 2,
      "d": [
        {
          "k": "ref",
          "v": "refs/heads/main"
        },
        {
          "k": "sha",
          "v": "38e7b9a85623fbb5887da1f8d1ba8717505aa02f"
        },
        {
          "k": "repository",
          "v": "HasiniJa/Telemed"
        },
        {
          "k": "repository_owner",
          "v": "HasiniJa"
        },
        {
          "k": "repository_owner_id",
          "v": "169177724"
        },
        {
          "k": "repositoryUrl",
          "v": "git://github.com/HasiniJa/Telemed.git"
        },
        {
          "k": "run_id",
          "v": "19901849334"
        },
        {
          "k": "run_number",
          "v": "13"
        },
        {
          "k": "retention_days",
          "v": "90"
        },
        {
          "k": "run_attempt",
          "v": "1"
        },
        {
          "k": "artifact_cache_size_limit",
          "v": "10"
        },
        {
          "k": "repository_visibility",
          "v": "public"
        },
        {
          "k": "actor_id",
          "v": "169177724"
        },
        {
          "k": "actor",
          "v": "HasiniJa"
        },
        {
          "k": "workflow",
          "v": "CI/CD Pipeline"
        },
        {
          "k": "head_ref",
          "v": ""
        },
        {
          "k": "base_ref",
          "v": ""
        },
        {
          "k": "event_name",
          "v": "push"
        },
        {
          "k": "server_url",
          "v": "https://github.com"
        },
        {
          "k": "api_url",
          "v": "https://api.github.com"
        },
        {
          "k": "graphql_url",
          "v": "https://api.github.com/graphql"
        },
        {
          "k": "ref_name",
          "v": "main"
        },
        {
          "k": "ref_protected",
          "v": false
        },
        {
          "k": "ref_type",
          "v": "branch"
        },
        {
          "k": "secret_source",
          "v": "Actions"
        },
        {
          "k": "event",
          "v": {
            "t": 2,
            "d": [
              {
                "k": "after",
                "v": "38e7b9a85623fbb5887da1f8d1ba8717505aa02f"
              },
              {
                "k": "base_ref",
                "v": null
              },
              {
                "k": "before",
                "v": "0354bf7e1d57779e71486bafca8413dbcd3f4a64"
              },
              {
                "k": "commits",
                "v": {
                  "t": 1,
                  "a": [
                    {
                      "t": 2,
                      "d": [
                        {
                          "k": "author",
                          "v": {
                            "t": 2,
                            "d": [
                              {
                                "k": "email",
                                "v": "hasinijayasekara2012@gmail.com"
                              },
                              {
                                "k": "name",
                                "v": "Hasini Jayasekara"
                              },
                              {
                                "k": "username",
                                "v": "HasiniJa"
                              }
                            ]
                          }
                        },
                        {
                          "k": "committer",
                          "v": {
                            "t": 2,
                            "d": [
                              {
                                "k": "email",
                                "v": "hasinijayasekara2012@gmail.com"
                              },
                              {
                                "k": "name",
                                "v": "Hasini Jayasekara"
                              },
                              {
                                "k": "username",
                                "v": "HasiniJa"
                              }
                            ]
                          }
                        },
                        {
                          "k": "distinct",
                          "v": true
                        },
                        {
                          "k": "id",
                          "v": "38e7b9a85623fbb5887da1f8d1ba8717505aa02f"
                        },
                        {
                          "k": "message",
                          "v": "Add CI/CD pipeline"
                        },
                        {
                          "k": "timestamp",
                          "v": "2025-12-03T11:52:50-05:00"
                        },
                        {
                          "k": "tree_id",
                          "v": "0063964102383562479c4483ea5e00dcdf5f86ca"
                        },
                        {
                          "k": "url",
                          "v": "https://github.com/HasiniJa/Telemed/commit/38e7b9a85623fbb5887da1f8d1ba8717505aa02f"
                        }
                      ]
                    }
                  ]
                }
              },
              {
                "k": "compare",
                "v": "https://github.com/HasiniJa/Telemed/compare/0354bf7e1d57...38e7b9a85623"
              },
              {
                "k": "created",
                "v": false
              },
              {
                "k": "deleted",
                "v": false
              },
              {
                "k": "forced",
                "v": false
              },
              {
                "k": "head_commit",
                "v": {
                  "t": 2,
                  "d": [
                    {
                      "k": "author",
                      "v": {
                        "t": 2,
                        "d": [
                          {
                            "k": "email",
                            "v": "hasinijayasekara2012@gmail.com"
                          },
                          {
                            "k": "name",
                            "v": "Hasini Jayasekara"
                          },
                          {
                            "k": "username",
                            "v": "HasiniJa"
                          }
                        ]
                      }
                    },
                    {
                      "k": "committer",
                      "v": {
                        "t": 2,
                        "d": [
                          {
                            "k": "email",
                            "v": "hasinijayasekara2012@gmail.com"
                          },
                          {
                            "k": "name",
                            "v": "Hasini Jayasekara"
                          },
                          {
                            "k": "username",
                            "v": "HasiniJa"
                          }
                        ]
                      }
                    },
                    {
                      "k": "distinct",
                      "v": true
                    },
                    {
                      "k": "id",
                      "v": "38e7b9a85623fbb5887da1f8d1ba8717505aa02f"
                    },
                    {
                      "k": "message",
                      "v": "Add CI/CD pipeline"
                    },
                    {
                      "k": "timestamp",
                      "v": "2025-12-03T11:52:50-05:00"
                    },
                    {
                      "k": "tree_id",
                      "v": "0063964102383562479c4483ea5e00dcdf5f86ca"
                    },
                    {
                      "k": "url",
                      "v": "https://github.com/HasiniJa/Telemed/commit/38e7b9a85623fbb5887da1f8d1ba8717505aa02f"
                    }
                  ]
                }
              },
              {
                "k": "pusher",
                "v": {
                  "t": 2,
                  "d": [
                    {
                      "k": "email",
                      "v": "hasinijayasekara2012@gmail.com"
                    },
                    {
                      "k": "name",
                      "v": "HasiniJa"
                    }
                  ]
                }
              },
              {
                "k": "ref",
                "v": "refs/heads/main"
              },
              {
                "k": "repository",
                "v": {
                  "t": 2,
                  "d": [
                    {
                      "k": "allow_forking",
                      "v": true
                    },
                    {
                      "k": "archive_url",
                      "v": "https://api.github.com/repos/HasiniJa/Telemed/{archive_format}{/ref}"
                    },
                    {
                      "k": "archived",
                      "v": false
                    },
                    {
                      "k": "assignees_url",
                      "v": "https://api.github.com/repos/HasiniJa/Telemed/assignees{/user}"
                    },
                    {
                      "k": "blobs_url",
                      "v": "https://api.github.com/repos/HasiniJa/Telemed/git/blobs{/sha}"
                    },
                    {
                      "k": "branches_url",
                      "v": "https://api.github.com/repos/HasiniJa/Telemed/branches{/branch}"
                    },
                    {
                      "k": "clone_url",
                      "v": "https://github.com/HasiniJa/Telemed.git"
                    },
                    {
                      "k": "collaborators_url",
                      "v": "https://api.github.com/repos/HasiniJa/Telemed/collaborators{/collaborator}"
                    },
                    {
                      "k": "comments_url",
                      "v": "https://api.github.com/repos/HasiniJa/Telemed/comments{/number}"
                    },
                    {
                      "k": "commits_url",
                      "v": "https://api.github.com/repos/HasiniJa/Telemed/commits{/sha}"
                    },
                    {
                      "k": "compare_url",
                      "v": "https://api.github.com/repos/HasiniJa/Telemed/compare/{base}...{head}"
                    },
                    {
                      "k": "contents_url",
                      "v": "https://api.github.com/repos/HasiniJa/Telemed/contents/{+path}"
                    },
                    {
                      "k": "contributors_url",
                      "v": "https://api.github.com/repos/HasiniJa/Telemed/contributors"
                    },
                    {
                      "k": "created_at",
                      "v": 1763820532.0
                    },
                    {
                      "k": "default_branch",
                      "v": "main"
                    },
                    {
                      "k": "deployments_url",
                      "v": "https://api.github.com/repos/HasiniJa/Telemed/deployments"
                    },
                    {
                      "k": "description",
                      "v": null
                    },
                    {
                      "k": "disabled",
                      "v": false
                    },
                    {
                      "k": "downloads_url",
                      "v": "https://api.github.com/repos/HasiniJa/Telemed/downloads"
                    },
                    {
                      "k": "events_url",
                      "v": "https://api.github.com/repos/HasiniJa/Telemed/events"
                    },
                    {
                      "k": "fork",
                      "v": false
                    },
                    {
                      "k": "forks",
                      "v": 0.0
                    },
                    {
                      "k": "forks_count",
                      "v": 0.0
                    },
                    {
                      "k": "forks_url",
                      "v": "https://api.github.com/repos/HasiniJa/Telemed/forks"
                    },
                    {
                      "k": "full_name",
                      "v": "HasiniJa/Telemed"
                    },
                    {
                      "k": "git_commits_url",
                      "v": "https://api.github.com/repos/HasiniJa/Telemed/git/commits{/sha}"
                    },
                    {
                      "k": "git_refs_url",
                      "v": "https://api.github.com/repos/HasiniJa/Telemed/git/refs{/sha}"
                    },
                    {
                      "k": "git_tags_url",
                      "v": "https://api.github.com/repos/HasiniJa/Telemed/git/tags{/sha}"
                    },
                    {
                      "k": "git_url",
                      "v": "git://github.com/HasiniJa/Telemed.git"
                    },
                    {
                      "k": "has_discussions",
                      "v": false
                    },
                    {
                      "k": "has_downloads",
                      "v": true
                    },
                    {
                      "k": "has_issues",
                      "v": true
                    },
                    {
                      "k": "has_pages",
                      "v": false
                    },
                    {
                      "k": "has_projects",
                      "v": true
                    },
                    {
                      "k": "has_wiki",
                      "v": true
                    },
                    {
                      "k": "homepage",
                      "v": null
                    },
                    {
                      "k": "hooks_url",
                      "v": "https://api.github.com/repos/HasiniJa/Telemed/hooks"
                    },
                    {
                      "k": "html_url",
                      "v": "https://github.com/HasiniJa/Telemed"
                    },
                    {
                      "k": "id",
                      "v": 1101933572.0
                    },
                    {
                      "k": "is_template",
                      "v": false
                    },
                    {
                      "k": "issue_comment_url",
                      "v": "https://api.github.com/repos/HasiniJa/Telemed/issues/comments{/number}"
                    },
                    {
                      "k": "issue_events_url",
                      "v": "https://api.github.com/repos/HasiniJa/Telemed/issues/events{/number}"
                    },
                    {
                      "k": "issues_url",
                      "v": "https://api.github.com/repos/HasiniJa/Telemed/issues{/number}"
                    },
                    {
                      "k": "keys_url",
                      "v": "https://api.github.com/repos/HasiniJa/Telemed/keys{/key_id}"
                    },
                    {
                      "k": "labels_url",
                      "v": "https://api.github.com/repos/HasiniJa/Telemed/labels{/name}"
                    },
                    {
                      "k": "language",
                      "v": "TypeScript"
                    },
                    {
                      "k": "languages_url",
                      "v": "https://api.github.com/repos/HasiniJa/Telemed/languages"
                    },
                    {
                      "k": "license",
                      "v": null
                    },
                    {
                      "k": "master_branch",
                      "v": "main"
                    },
                    {
                      "k": "merges_url",
                      "v": "https://api.github.com/repos/HasiniJa/Telemed/merges"
                    },
                    {
                      "k": "milestones_url",
                      "v": "https://api.github.com/repos/HasiniJa/Telemed/milestones{/number}"
                    },
                    {
                      "k": "mirror_url",
                      "v": null
                    },
                    {
                      "k": "name",
                      "v": "Telemed"
                    },
                    {
                      "k": "node_id",
                      "v": "R_kgDOQa4sBA"
                    },
                    {
                      "k": "notifications_url",
                      "v": "https://api.github.com/repos/HasiniJa/Telemed/notifications{?since,all,participating}"
                    },
                    {
                      "k": "open_issues",
                      "v": 0.0
                    },
                    {
                      "k": "open_issues_count",
                      "v": 0.0
                    },
                    {
                      "k": "owner",
                      "v": {
                        "t": 2,
                        "d": [
                          {
                            "k": "avatar_url",
                            "v": "https://avatars.githubusercontent.com/u/169177724?v=4"
                          },
                          {
                            "k": "email",
                            "v": "hasinijayasekara2012@gmail.com"
                          },
                          {
                            "k": "events_url",
                            "v": "https://api.github.com/users/HasiniJa/events{/privacy}"
                          },
                          {
                            "k": "followers_url",
                            "v": "https://api.github.com/users/HasiniJa/followers"
                          },
                          {
                            "k": "following_url",
                            "v": "https://api.github.com/users/HasiniJa/following{/other_user}"
                          },
                          {
                            "k": "gists_url",
                            "v": "https://api.github.com/users/HasiniJa/gists{/gist_id}"
                          },
                          {
                            "k": "gravatar_id",
                            "v": ""
                          },
                          {
                            "k": "html_url",
                            "v": "https://github.com/HasiniJa"
                          },
                          {
                            "k": "id",
                            "v": 169177724.0
                          },
                          {
                            "k": "login",
                            "v": "HasiniJa"
                          },
                          {
                            "k": "name",
                            "v": "HasiniJa"
                          },
                          {
                            "k": "node_id",
                            "v": "U_kgDOChVyfA"
                          },
                          {
                            "k": "organizations_url",
                            "v": "https://api.github.com/users/HasiniJa/orgs"
                          },
                          {
                            "k": "received_events_url",
                            "v": "https://api.github.com/users/HasiniJa/received_events"
                          },
                          {
                            "k": "repos_url",
                            "v": "https://api.github.com/users/HasiniJa/repos"
                          },
                          {
                            "k": "site_admin",
                            "v": false
                          },
                          {
                            "k": "starred_url",
                            "v": "https://api.github.com/users/HasiniJa/starred{/owner}{/repo}"
                          },
                          {
                            "k": "subscriptions_url",
                            "v": "https://api.github.com/users/HasiniJa/subscriptions"
                          },
                          {
                            "k": "type",
                            "v": "User"
                          },
                          {
                            "k": "url",
                            "v": "https://api.github.com/users/HasiniJa"
                          },
                          {
                            "k": "user_view_type",
                            "v": "public"
                          }
                        ]
                      }
                    },
                    {
                      "k": "private",
                      "v": false
                    },
                    {
                      "k": "pulls_url",
                      "v": "https://api.github.com/repos/HasiniJa/Telemed/pulls{/number}"
                    },
                    {
                      "k": "pushed_at",
                      "v": 1764780772.0
                    },
                    {
                      "k": "releases_url",
                      "v": "https://api.github.com/repos/HasiniJa/Telemed/releases{/id}"
                    },
                    {
                      "k": "size",
                      "v": 245311.0
                    },
                    {
                      "k": "ssh_url",
                      "v": "git@github.com:HasiniJa/Telemed.git"
                    },
                    {
                      "k": "stargazers",
                      "v": 0.0
                    },
                    {
                      "k": "stargazers_count",
                      "v": 0.0
                    },
                    {
                      "k": "stargazers_url",
                      "v": "https://api.github.com/repos/HasiniJa/Telemed/stargazers"
                    },
                    {
                      "k": "statuses_url",
                      "v": "https://api.github.com/repos/HasiniJa/Telemed/statuses/{sha}"
                    },
                    {
                      "k": "subscribers_url",
                      "v": "https://api.github.com/repos/HasiniJa/Telemed/subscribers"
                    },
                    {
                      "k": "subscription_url",
                      "v": "https://api.github.com/repos/HasiniJa/Telemed/subscription"
                    },
                    {
                      "k": "svn_url",
                      "v": "https://github.com/HasiniJa/Telemed"
                    },
                    {
                      "k": "tags_url",
                      "v": "https://api.github.com/repos/HasiniJa/Telemed/tags"
                    },
                    {
                      "k": "teams_url",
                      "v": "https://api.github.com/repos/HasiniJa/Telemed/teams"
                    },
                    {
                      "k": "topics",
                      "v": {
                        "t": 1
                      }
                    },
                    {
                      "k": "trees_url",
                      "v": "https://api.github.com/repos/HasiniJa/Telemed/git/trees{/sha}"
                    },
                    {
                      "k": "updated_at",
                      "v": "2025-12-03T16:52:04Z"
                    },
                    {
                      "k": "url",
                      "v": "https://api.github.com/repos/HasiniJa/Telemed"
                    },
                    {
                      "k": "visibility",
                      "v": "public"
                    },
                    {
                      "k": "watchers",
                      "v": 0.0
                    },
                    {
                      "k": "watchers_count",
                      "v": 0.0
                    },
                    {
                      "k": "web_commit_signoff_required",
                      "v": false
                    }
                  ]
                }
              },
              {
                "k": "sender",
                "v": {
                  "t": 2,
                  "d": [
                    {
                      "k": "avatar_url",
                      "v": "https://avatars.githubusercontent.com/u/169177724?v=4"
                    },
                    {
                      "k": "events_url",
                      "v": "https://api.github.com/users/HasiniJa/events{/privacy}"
                    },
                    {
                      "k": "followers_url",
                      "v": "https://api.github.com/users/HasiniJa/followers"
                    },
                    {
                      "k": "following_url",
                      "v": "https://api.github.com/users/HasiniJa/following{/other_user}"
                    },
                    {
                      "k": "gists_url",
                      "v": "https://api.github.com/users/HasiniJa/gists{/gist_id}"
                    },
                    {
                      "k": "gravatar_id",
                      "v": ""
                    },
                    {
                      "k": "html_url",
                      "v": "https://github.com/HasiniJa"
                    },
                    {
                      "k": "id",
                      "v": 169177724.0
                    },
                    {
                      "k": "login",
                      "v": "HasiniJa"
                    },
                    {
                      "k": "node_id",
                      "v": "U_kgDOChVyfA"
                    },
                    {
                      "k": "organizations_url",
                      "v": "https://api.github.com/users/HasiniJa/orgs"
                    },
                    {
                      "k": "received_events_url",
                      "v": "https://api.github.com/users/HasiniJa/received_events"
                    },
                    {
                      "k": "repos_url",
                      "v": "https://api.github.com/users/HasiniJa/repos"
                    },
                    {
                      "k": "site_admin",
                      "v": false
                    },
                    {
                      "k": "starred_url",
                      "v": "https://api.github.com/users/HasiniJa/starred{/owner}{/repo}"
                    },
                    {
                      "k": "subscriptions_url",
                      "v": "https://api.github.com/users/HasiniJa/subscriptions"
                    },
                    {
                      "k": "type",
                      "v": "User"
                    },
                    {
                      "k": "url",
                      "v": "https://api.github.com/users/HasiniJa"
                    },
                    {
                      "k": "user_view_type",
                      "v": "public"
                    }
                  ]
                }
              }
            ]
          }
        },
        {
          "k": "workflow_ref",
          "v": "HasiniJa/Telemed/.github/workflows/ci-cd.yml@refs/heads/main"
        },
        {
          "k": "workflow_sha",
          "v": "38e7b9a85623fbb5887da1f8d1ba8717505aa02f"
        },
        {
          "k": "repository_id",
          "v": "1101933572"
        },
        {
          "k": "triggering_actor",
          "v": "HasiniJa"
        }
      ]
    },
    "inputs": {
      "t": 2
    },
    "job": {
      "t": 2,
      "d": [
        {
          "k": "check_run_id",
          "v": 57047619377.0
        }
      ]
    },
    "matrix": null,
    "needs": {
      "t": 2
    },
    "strategy": {
      "t": 2,
      "d": [
        {
          "k": "fail-fast",
          "v": true
        },
        {
          "k": "job-index",
          "v": 0.0
        },
        {
          "k": "job-total",
          "v": 1.0
        },
        {
          "k": "max-parallel",
          "v": 1.0
        }
      ]
    },
    "vars": {
      "t": 2
    }
  },
  "billingOwnerId": "U_kgDOChVyfA"
}
[2025-12-03 16:53:16Z INFO JobRunner] Job ID f32fc74b-36ea-5e9a-b853-20b1f7d7ce6f
[2025-12-03 16:53:16Z INFO ConfigurationStore] currentAssemblyLocation: D:\4thSemester\SOA\Final Project\Telemed\actions-runner\bin\Runner.Worker.dll
[2025-12-03 16:53:16Z INFO HostContext] Well known directory 'Bin': 'D:\4thSemester\SOA\Final Project\Telemed\actions-runner\bin'
[2025-12-03 16:53:16Z INFO ConfigurationStore] binPath: D:\4thSemester\SOA\Final Project\Telemed\actions-runner\bin
[2025-12-03 16:53:16Z INFO HostContext] Well known directory 'Bin': 'D:\4thSemester\SOA\Final Project\Telemed\actions-runner\bin'
[2025-12-03 16:53:16Z INFO HostContext] Well known directory 'Root': 'D:\4thSemester\SOA\Final Project\Telemed\actions-runner'
[2025-12-03 16:53:16Z INFO ConfigurationStore] RootFolder: D:\4thSemester\SOA\Final Project\Telemed\actions-runner
[2025-12-03 16:53:16Z INFO HostContext] Well known directory 'Bin': 'D:\4thSemester\SOA\Final Project\Telemed\actions-runner\bin'
[2025-12-03 16:53:16Z INFO HostContext] Well known directory 'Root': 'D:\4thSemester\SOA\Final Project\Telemed\actions-runner'
[2025-12-03 16:53:16Z INFO HostContext] Well known config file 'Runner': 'D:\4thSemester\SOA\Final Project\Telemed\actions-runner\.runner'
[2025-12-03 16:53:16Z INFO ConfigurationStore] ConfigFilePath: D:\4thSemester\SOA\Final Project\Telemed\actions-runner\.runner
[2025-12-03 16:53:16Z INFO HostContext] Well known directory 'Bin': 'D:\4thSemester\SOA\Final Project\Telemed\actions-runner\bin'
[2025-12-03 16:53:16Z INFO HostContext] Well known directory 'Root': 'D:\4thSemester\SOA\Final Project\Telemed\actions-runner'
[2025-12-03 16:53:16Z INFO HostContext] Well known config file 'MigratedRunner': 'D:\4thSemester\SOA\Final Project\Telemed\actions-runner\.runner_migrated'
[2025-12-03 16:53:16Z INFO ConfigurationStore] MigratedConfigFilePath: D:\4thSemester\SOA\Final Project\Telemed\actions-runner\.runner_migrated
[2025-12-03 16:53:16Z INFO HostContext] Well known directory 'Bin': 'D:\4thSemester\SOA\Final Project\Telemed\actions-runner\bin'
[2025-12-03 16:53:16Z INFO HostContext] Well known directory 'Root': 'D:\4thSemester\SOA\Final Project\Telemed\actions-runner'
[2025-12-03 16:53:16Z INFO HostContext] Well known config file 'Credentials': 'D:\4thSemester\SOA\Final Project\Telemed\actions-runner\.credentials'
[2025-12-03 16:53:16Z INFO ConfigurationStore] CredFilePath: D:\4thSemester\SOA\Final Project\Telemed\actions-runner\.credentials
[2025-12-03 16:53:16Z INFO HostContext] Well known directory 'Bin': 'D:\4thSemester\SOA\Final Project\Telemed\actions-runner\bin'
[2025-12-03 16:53:16Z INFO HostContext] Well known directory 'Root': 'D:\4thSemester\SOA\Final Project\Telemed\actions-runner'
[2025-12-03 16:53:16Z INFO HostContext] Well known config file 'MigratedCredentials': 'D:\4thSemester\SOA\Final Project\Telemed\actions-runner\.credentials_migrated'
[2025-12-03 16:53:16Z INFO ConfigurationStore] MigratedCredFilePath: D:\4thSemester\SOA\Final Project\Telemed\actions-runner\.credentials_migrated
[2025-12-03 16:53:16Z INFO HostContext] Well known directory 'Bin': 'D:\4thSemester\SOA\Final Project\Telemed\actions-runner\bin'
[2025-12-03 16:53:16Z INFO HostContext] Well known directory 'Root': 'D:\4thSemester\SOA\Final Project\Telemed\actions-runner'
[2025-12-03 16:53:16Z INFO HostContext] Well known config file 'Service': 'D:\4thSemester\SOA\Final Project\Telemed\actions-runner\.service'
[2025-12-03 16:53:16Z INFO ConfigurationStore] ServiceConfigFilePath: D:\4thSemester\SOA\Final Project\Telemed\actions-runner\.service
[2025-12-03 16:53:16Z INFO ConfigurationStore] Read setting file: 385 chars
[2025-12-03 16:53:17Z INFO JobRunner] Initializing launch client
[2025-12-03 16:53:17Z INFO JobServerQueue] Initializing results client
[2025-12-03 16:53:17Z INFO ResultServer] Creating websocket client ...wss://results-receiver.actions.githubusercontent.com/_ws/ingest.sock
[2025-12-03 16:53:17Z INFO ResultServer] Attempting to start websocket client with delay 00:00:00.
[2025-12-03 16:53:17Z INFO JobServerQueue] Start process web console line queue.
[2025-12-03 16:53:17Z INFO JobServerQueue] Start process file upload queue.
[2025-12-03 16:53:17Z INFO JobServerQueue] Start results file upload queue.
[2025-12-03 16:53:17Z INFO JobServerQueue] Starting results-based upload queue...
[2025-12-03 16:53:17Z INFO JobServerQueue] Start process timeline update queue.
[2025-12-03 16:53:17Z INFO ExecutionContext] Initializing Job context
[2025-12-03 16:53:17Z INFO ExecutionContext] Initialize GitHub context
[2025-12-03 16:53:17Z INFO ExecutionContext] Initialize Env context
[2025-12-03 16:53:17Z INFO HostContext] Well known directory 'Bin': 'D:\4thSemester\SOA\Final Project\Telemed\actions-runner\bin'
[2025-12-03 16:53:17Z INFO HostContext] Well known directory 'Root': 'D:\4thSemester\SOA\Final Project\Telemed\actions-runner'
[2025-12-03 16:53:17Z INFO HostContext] Well known directory 'Diag': 'D:\4thSemester\SOA\Final Project\Telemed\actions-runner\_diag'
[2025-12-03 16:53:17Z INFO HostContext] Well known directory 'Bin': 'D:\4thSemester\SOA\Final Project\Telemed\actions-runner\bin'
[2025-12-03 16:53:17Z INFO HostContext] Well known directory 'Root': 'D:\4thSemester\SOA\Final Project\Telemed\actions-runner'
[2025-12-03 16:53:17Z INFO HostContext] Well known directory 'Diag': 'D:\4thSemester\SOA\Final Project\Telemed\actions-runner\_diag'
[2025-12-03 16:53:17Z INFO JobRunner] Starting the job execution context.
[2025-12-03 16:53:17Z INFO HostContext] Well known directory 'Bin': 'D:\4thSemester\SOA\Final Project\Telemed\actions-runner\bin'
[2025-12-03 16:53:17Z INFO HostContext] Well known directory 'Root': 'D:\4thSemester\SOA\Final Project\Telemed\actions-runner'
[2025-12-03 16:53:17Z INFO HostContext] Well known directory 'Work': 'D:\4thSemester\SOA\Final Project\Telemed\actions-runner\_work'
[2025-12-03 16:53:17Z INFO JobRunner] Validating directory permissions for: 'D:\4thSemester\SOA\Final Project\Telemed\actions-runner\_work'
[2025-12-03 16:53:17Z INFO HostContext] Well known directory 'Bin': 'D:\4thSemester\SOA\Final Project\Telemed\actions-runner\bin'
[2025-12-03 16:53:17Z INFO HostContext] Well known directory 'Root': 'D:\4thSemester\SOA\Final Project\Telemed\actions-runner'
[2025-12-03 16:53:17Z INFO HostContext] Well known directory 'Work': 'D:\4thSemester\SOA\Final Project\Telemed\actions-runner\_work'
[2025-12-03 16:53:17Z INFO HostContext] Well known directory 'Tools': 'D:\4thSemester\SOA\Final Project\Telemed\actions-runner\_work\_tool'
[2025-12-03 16:53:17Z INFO HostContext] Well known directory 'Bin': 'D:\4thSemester\SOA\Final Project\Telemed\actions-runner\bin'
[2025-12-03 16:53:17Z INFO HostContext] Well known directory 'Root': 'D:\4thSemester\SOA\Final Project\Telemed\actions-runner'
[2025-12-03 16:53:17Z INFO HostContext] Well known directory 'Work': 'D:\4thSemester\SOA\Final Project\Telemed\actions-runner\_work'
[2025-12-03 16:53:17Z INFO HostContext] Well known directory 'Temp': 'D:\4thSemester\SOA\Final Project\Telemed\actions-runner\_work\_temp'
[2025-12-03 16:53:17Z INFO JobRunner] Getting job extension.
[2025-12-03 16:53:17Z INFO JobRunner] Initialize job. Getting all job steps.
[2025-12-03 16:53:17Z INFO HostContext] Well known directory 'Bin': 'D:\4thSemester\SOA\Final Project\Telemed\actions-runner\bin'
[2025-12-03 16:53:17Z INFO HostContext] Well known directory 'Root': 'D:\4thSemester\SOA\Final Project\Telemed\actions-runner'
[2025-12-03 16:53:17Z INFO HostContext] Well known directory 'Diag': 'D:\4thSemester\SOA\Final Project\Telemed\actions-runner\_diag'
[2025-12-03 16:53:17Z INFO HostContext] Well known directory 'Bin': 'D:\4thSemester\SOA\Final Project\Telemed\actions-runner\bin'
[2025-12-03 16:53:17Z INFO HostContext] Well known directory 'Root': 'D:\4thSemester\SOA\Final Project\Telemed\actions-runner'
[2025-12-03 16:53:17Z INFO HostContext] Well known directory 'Diag': 'D:\4thSemester\SOA\Final Project\Telemed\actions-runner\_diag'
[2025-12-03 16:53:17Z ERR  JobExtension] Caught exception from JobExtension Initialization: System.IO.IOException: The file 'D:\4thSemester\SOA\Final Project\Telemed\actions-runner\_diag\pages\d8cb10f9-0ab1-4792-a2e8-f465842a31b0_f32fc74b-36ea-5e9a-b853-20b1f7d7ce6f_1.log' already exists.
   at Microsoft.Win32.SafeHandles.SafeFileHandle.CreateFile(String fullPath, FileMode mode, FileAccess access, FileShare share, FileOptions options)
   at Microsoft.Win32.SafeHandles.SafeFileHandle.Open(String fullPath, FileMode mode, FileAccess access, FileShare share, FileOptions options, Int64 preallocationSize, Nullable`1 unixCreateMode)
   at System.IO.Strategies.OSFileStreamStrategy..ctor(String path, FileMode mode, FileAccess access, FileShare share, FileOptions options, Int64 preallocationSize, Nullable`1 unixCreateMode)
   at System.IO.Strategies.FileStreamHelpers.ChooseStrategyCore(String path, FileMode mode, FileAccess access, FileShare share, FileOptions options, Int64 preallocationSize, Nullable`1 unixCreateMode)
   at System.IO.FileStream..ctor(String path, FileMode mode, FileAccess access, FileShare share)
   at GitHub.Runner.Common.PagingLogger.NewPage()
   at GitHub.Runner.Common.PagingLogger.Write(String message)
   at GitHub.Runner.Worker.ExecutionContext.Write(String tag, String message)
   at GitHub.Runner.Worker.ExecutionContextExtension.Output(IExecutionContext context, String message)
   at GitHub.Runner.Worker.JobExtension.InitializeJob(IExecutionContext jobContext, AgentJobRequestMessage message)
[2025-12-03 16:53:17Z INFO ExecutionContext] Publish step telemetry for current step {
  "action": "setup_job",
  "type": "runner",
  "stage": "Pre",
  "stepId": "2d28491a-b2a8-49e2-a7a7-e1ba914007ee",
  "result": "succeeded",
  "errorMessages": [
    "The file 'D:\\4thSemester\\SOA\\Final Project\\Telemed\\actions-runner\\_diag\\pages\\d8cb10f9-0ab1-4792-a2e8-f465842a31b0_f32fc74b-36ea-5e9a-b853-20b1f7d7ce6f_1.log' already exists."
  ],
  "executionTimeInSeconds": 1,
  "startTime": "2025-12-03T16:53:17.2918509Z",
  "finishTime": "2025-12-03T16:53:17.3340264Z"
}.
[2025-12-03 16:53:17Z ERR  JobRunner] Job initialize failed.
[2025-12-03 16:53:17Z ERR  JobRunner] Caught exception from InitializeJob: System.IO.IOException: The file 'D:\4thSemester\SOA\Final Project\Telemed\actions-runner\_diag\blocks\d8cb10f9-0ab1-4792-a2e8-f465842a31b0_f32fc74b-36ea-5e9a-b853-20b1f7d7ce6f.1' already exists.
   at Microsoft.Win32.SafeHandles.SafeFileHandle.CreateFile(String fullPath, FileMode mode, FileAccess access, FileShare share, FileOptions options)
   at Microsoft.Win32.SafeHandles.SafeFileHandle.Open(String fullPath, FileMode mode, FileAccess access, FileShare share, FileOptions options, Int64 preallocationSize, Nullable`1 unixCreateMode)
   at System.IO.Strategies.OSFileStreamStrategy..ctor(String path, FileMode mode, FileAccess access, FileShare share, FileOptions options, Int64 preallocationSize, Nullable`1 unixCreateMode)
   at System.IO.Strategies.FileStreamHelpers.ChooseStrategyCore(String path, FileMode mode, FileAccess access, FileShare share, FileOptions options, Int64 preallocationSize, Nullable`1 unixCreateMode)
   at System.IO.FileStream..ctor(String path, FileMode mode, FileAccess access, FileShare share)
   at GitHub.Runner.Common.PagingLogger.NewBlock()
   at GitHub.Runner.Common.PagingLogger.Write(String message)
   at GitHub.Runner.Worker.ExecutionContext.Write(String tag, String message)
   at GitHub.Runner.Worker.ExecutionContext.AddIssue(Issue issue, ExecutionContextLogOptions logOptions)
   at GitHub.Runner.Worker.ExecutionContextExtension.Error(IExecutionContext context, String message)
   at GitHub.Runner.Worker.ExecutionContextExtension.Error(IExecutionContext context, Exception ex)
   at GitHub.Runner.Worker.JobExtension.InitializeJob(IExecutionContext jobContext, AgentJobRequestMessage message)
   at GitHub.Runner.Worker.JobRunner.RunAsync(AgentJobRequestMessage message, CancellationToken jobRequestCancellationToken)
[2025-12-03 16:53:17Z INFO JobRunner] Shutting down the job server queue.
[2025-12-03 16:53:17Z INFO JobServerQueue] Fire signal to shutdown all queues.
[2025-12-03 16:53:17Z INFO Worker] Listening for cancel message from the channel.
[2025-12-03 16:53:17Z INFO Worker] Waiting for the job to complete or for a cancel message from the channel.
[2025-12-03 16:53:17Z INFO ResultServer] Successfully started websocket client.
[2025-12-03 16:53:18Z INFO JobServerQueue] All queue process task stopped.
[2025-12-03 16:53:18Z INFO JobServerQueue] Web console line queue drained.
[2025-12-03 16:53:18Z INFO JobServerQueue] Uploading 2 files in one shot.
[2025-12-03 16:53:18Z INFO JobServerQueue] Try to upload 2 log files or attachments, success rate: 2/2.
[2025-12-03 16:53:18Z INFO JobServerQueue] File upload queue drained.
[2025-12-03 16:53:18Z INFO JobServerQueue] Starting results-based upload queue...
[2025-12-03 16:53:18Z INFO JobServerQueue] Uploading 1 file(s) in one shot through results service.
[2025-12-03 16:53:18Z INFO JobServerQueue] Got a step log file to send to results service.
[2025-12-03 16:53:18Z INFO JobServerQueue] Starting upload of step log file to results service ResultsLog, D:\4thSemester\SOA\Final Project\Telemed\actions-runner\_diag\blocks\d8cb10f9-0ab1-4792-a2e8-f465842a31b0_2d28491a-b2a8-49e2-a7a7-e1ba914007ee.1
[2025-12-03 16:53:18Z INFO JobServerQueue] Tried to upload 1 file(s) to results, success rate: 1/1.
[2025-12-03 16:53:18Z INFO JobServerQueue] Results upload queue drained.
[2025-12-03 16:53:19Z INFO JobServerQueue] Job timeline record has been updated for the first time.
[2025-12-03 16:53:19Z INFO JobServerQueue] Timeline update queue drained.
[2025-12-03 16:53:19Z INFO JobServerQueue] Disposing job server ...
[2025-12-03 16:53:19Z INFO JobServerQueue] Disposing results server ...
[2025-12-03 16:53:19Z INFO JobServerQueue] All queue process tasks have been stopped, and all queues are drained.
[2025-12-03 16:53:19Z INFO TempDirectoryManager] Cleaning runner temp folder: D:\4thSemester\SOA\Final Project\Telemed\actions-runner\_work\_temp
[2025-12-03 16:53:19Z INFO HostContext] Well known directory 'Bin': 'D:\4thSemester\SOA\Final Project\Telemed\actions-runner\bin'
[2025-12-03 16:53:19Z INFO HostContext] Well known directory 'Root': 'D:\4thSemester\SOA\Final Project\Telemed\actions-runner'
[2025-12-03 16:53:19Z INFO HostContext] Well known directory 'Diag': 'D:\4thSemester\SOA\Final Project\Telemed\actions-runner\_diag'
[2025-12-03 16:53:19Z INFO HostContext] Well known config file 'Telemetry': 'D:\4thSemester\SOA\Final Project\Telemed\actions-runner\_diag\.telemetry'
[2025-12-03 16:53:19Z INFO JobRunner] Raising job completed against run service
[2025-12-03 16:53:19Z INFO Worker] Job completed.
