[2025-11-27 16:49:15Z INFO HostContext] No proxy settings were found based on environmental variables (http_proxy/https_proxy/HTTP_PROXY/HTTPS_PROXY)
[2025-11-27 16:49:15Z INFO HostContext] Well known directory 'Bin': 'D:\4thSemester\SOA\Final Project\Telemed\actions-runner\bin'
[2025-11-27 16:49:15Z INFO HostContext] Well known directory 'Root': 'D:\4thSemester\SOA\Final Project\Telemed\actions-runner'
[2025-11-27 16:49:15Z INFO HostContext] Well known config file 'Credentials': 'D:\4thSemester\SOA\Final Project\Telemed\actions-runner\.credentials'
[2025-11-27 16:49:15Z INFO HostContext] Well known directory 'Bin': 'D:\4thSemester\SOA\Final Project\Telemed\actions-runner\bin'
[2025-11-27 16:49:15Z INFO HostContext] Well known directory 'Root': 'D:\4thSemester\SOA\Final Project\Telemed\actions-runner'
[2025-11-27 16:49:15Z INFO HostContext] Well known config file 'Runner': 'D:\4thSemester\SOA\Final Project\Telemed\actions-runner\.runner'
[2025-11-27 16:49:15Z INFO Worker] Version: 2.329.0
[2025-11-27 16:49:15Z INFO Worker] Commit: c76c59996c8fa32e989164a5a695efb12608ae5a
[2025-11-27 16:49:15Z INFO Worker] Culture: en-US
[2025-11-27 16:49:15Z INFO Worker] UI Culture: en-US
[2025-11-27 16:49:15Z INFO Worker] Waiting to receive the job message from the channel.
[2025-11-27 16:49:15Z INFO ProcessChannel] Receiving message of length 20513, with hash 'a7fe4afc1c0684969069cec5ff510876d04c3af05dbb03656e1a3ab55ac6a5fd'
[2025-11-27 16:49:15Z INFO Worker] Message received.
[2025-11-27 16:49:15Z INFO Worker] Job message:
 {
  "environmentVariables": [
    {
      "type": 2,
      "file": 1,
      "line": 11,
      "col": 7,
      "map": [
        {
          "key": {
            "type": 0,
            "file": 1,
            "line": 11,
            "col": 7,
            "lit": "MINIKUBE_REGISTRY"
          },
          "value": {
            "type": 0,
            "file": 1,
            "line": 11,
            "col": 26,
            "lit": "localhost:5000"
          }
        }
      ]
    }
  ],
  "fileTable": [
    ".github/workflows/ci-cd.yml"
  ],
  "mask": [
    {
      "type": "regex",
      "value": "***"
    },
    {
      "type": "regex",
      "value": "***"
    },
    {
      "type": "regex",
      "value": "***"
    },
    {
      "type": "regex",
      "value": "***"
    },
    {
      "type": "regex",
      "value": "***"
    },
    {
      "type": "regex",
      "value": "***"
    },
    {
      "type": "regex",
      "value": "***"
    },
    {
      "type": "regex",
      "value": "***"
    },
    {
      "type": "regex",
      "value": "***"
    },
    {
      "type": "regex",
      "value": "***"
    },
    {
      "type": "regex",
      "value": "***"
    },
    {
      "type": "regex",
      "value": "***"
    },
    {
      "type": "regex",
      "value": "***"
    },
    {
      "type": "regex",
      "value": "***"
    },
    {
      "type": "regex",
      "value": "***"
    },
    {
      "type": "regex",
      "value": "***"
    },
    {
      "type": "regex",
      "value": "***"
    },
    {
      "type": "regex",
      "value": "***"
    }
  ],
  "steps": [
    {
      "type": "action",
      "reference": {
        "type": "repository",
        "name": "actions/checkout",
        "ref": "v3",
        "repositoryType": "GitHub"
      },
      "displayNameToken": {
        "type": 0,
        "file": 1,
        "line": 15,
        "col": 13,
        "lit": "Checkout code"
      },
      "contextName": "__actions_checkout",
      "condition": "success()",
      "id": "7d4c6edf-9e7b-4142-9052-ee4bb969de73",
      "name": "__actions_checkout"
    },
    {
      "type": "action",
      "reference": {
        "type": "repository",
        "name": "actions/setup-node",
        "ref": "v4",
        "repositoryType": "GitHub"
      },
      "displayNameToken": {
        "type": 0,
        "file": 1,
        "line": 19,
        "col": 13,
        "lit": "Set up Node.js"
      },
      "contextName": "__actions_setup-node",
      "inputs": {
        "type": 2,
        "file": 1,
        "line": 22,
        "col": 9,
        "map": [
          {
            "key": {
              "type": 0,
              "file": 1,
              "line": 22,
              "col": 9,
              "lit": "node-version"
            },
            "value": {
              "type": 0,
              "file": 1,
              "line": 22,
              "col": 23,
              "lit": "18"
            }
          }
        ]
      },
      "condition": "success()",
      "id": "c7937481-57a0-4a45-b15c-e65508fce10d",
      "name": "__actions_setup-node"
    },
    {
      "type": "action",
      "reference": {
        "type": "script"
      },
      "displayNameToken": {
        "type": 0,
        "file": 1,
        "line": 25,
        "col": 13,
        "lit": "Build, Test, Deploy Microservices"
      },
      "contextName": "__run",
      "inputs": {
        "type": 2,
        "map": [
          {
            "key": "script",
            "value": {
              "type": 0,
              "file": 1,
              "line": 26,
              "col": 12,
              "lit": "SERVICES=(\"appointment\" \"patient\" \"notification\")\nfor SERVICE in \"${SERVICES[@]}\"\ndo\n  echo \"======================================\"\n  echo \"Processing $SERVICE service...\"\n  echo \"======================================\"\n\n  # Install dependencies\n  cd $SERVICE\n  npm install\n\n  # Run tests\n  npm test\n  cd ..\n\n  # Build Docker image\n  docker build -t $MINIKUBE_REGISTRY/$SERVICE-service:latest ./$SERVICE\n\n  # Push Docker image to Minikube registry\n  docker push $MINIKUBE_REGISTRY/$SERVICE-service:latest\n\n  # Update Kubernetes manifests with new image\n  sed -i \"s|image:.*|image: $MINIKUBE_REGISTRY/$SERVICE-service:latest|\" k8s/$SERVICE/deployment.yaml\n\n  # Deploy to Kubernetes\n  kubectl apply -f k8s/$SERVICE/deployment.yaml\n  kubectl apply -f k8s/$SERVICE/service.yaml\n\n  # Check rollout status\n  kubectl rollout status deployment/$SERVICE-deployment --timeout=120s\ndone\n"
            }
          }
        ]
      },
      "condition": "success()",
      "id": "3973a678-3a72-472e-835a-a856e0418021",
      "name": "__run"
    },
    {
      "type": "action",
      "reference": {
        "type": "script"
      },
      "displayNameToken": {
        "type": 0,
        "file": 1,
        "line": 60,
        "col": 13,
        "lit": "Verify deployments"
      },
      "contextName": "__run_2",
      "inputs": {
        "type": 2,
        "map": [
          {
            "key": "script",
            "value": {
              "type": 0,
              "file": 1,
              "line": 61,
              "col": 12,
              "lit": "kubectl get pods\nkubectl get svc\n"
            }
          }
        ]
      },
      "condition": "success()",
      "id": "6b5a8e8b-5df6-4232-a919-a6d74bc9470a",
      "name": "__run_2"
    }
  ],
  "variables": {
    "Actions.EnableHttpRedirects": {
      "value": "true"
    },
    "DistributedTask.AddWarningToNode12Action": {
      "value": "true"
    },
    "DistributedTask.AddWarningToNode16Action": {
      "value": "true"
    },
    "DistributedTask.AllowRunnerContainerHooks": {
      "value": "true"
    },
    "DistributedTask.DeprecateStepOutputCommands": {
      "value": "true"
    },
    "DistributedTask.DetailUntarFailure": {
      "value": "true"
    },
    "DistributedTask.EnableCompositeActions": {
      "value": "true"
    },
    "DistributedTask.EnableJobServerQueueTelemetry": {
      "value": "true"
    },
    "DistributedTask.EnhancedAnnotations": {
      "value": "true"
    },
    "DistributedTask.ForceGithubJavascriptActionsToNode16": {
      "value": "true"
    },
    "DistributedTask.ForceGithubJavascriptActionsToNode20": {
      "value": "true"
    },
    "DistributedTask.LogTemplateErrorsAsDebugMessages": {
      "value": "true"
    },
    "DistributedTask.MarkJobAsFailedOnWorkerCrash": {
      "value": "true"
    },
    "DistributedTask.NewActionMetadata": {
      "value": "true"
    },
    "DistributedTask.UploadStepSummary": {
      "value": "true"
    },
    "DistributedTask.UseActionArchiveCache": {
      "value": "true"
    },
    "DistributedTask.UseWhich2": {
      "value": "true"
    },
    "RunService.FixEmbeddedIssues": {
      "value": "true"
    },
    "actions_add_check_run_id_to_job_context": {
      "value": "true"
    },
    "actions_container_action_runner_temp": {
      "value": "true"
    },
    "actions_display_helpful_actions_download_errors": {
      "value": "true"
    },
    "actions_skip_retry_complete_job_upon_known_errors": {
      "value": "true"
    },
    "actions_uses_cache_service_v2": {
      "value": "true"
    },
    "github_token": {
      "value": "***",
      "isSecret": true
    },
    "system.from_run_service": {
      "value": "true"
    },
    "system.github.job": {
      "value": "build-test-deploy"
    },
    "system.github.launch_endpoint": {
      "value": "https://launch.actions.githubusercontent.com"
    },
    "system.github.results_endpoint": {
      "value": "https://results-receiver.actions.githubusercontent.com/"
    },
    "system.github.results_upload_with_sdk": {
      "value": "true"
    },
    "system.github.token": {
      "value": "***",
      "isSecret": true
    },
    "system.github.token.permissions": {
      "value": "{\"Contents\":\"read\",\"Metadata\":\"read\",\"Packages\":\"read\"}"
    },
    "system.orchestrationId": {
      "value": "21d8c451-c211-4d8d-b600-dc8bf4bb75c0.build-test-deploy.__default"
    },
    "system.phaseDisplayName": {
      "value": "build-test-deploy"
    },
    "system.runner.lowdiskspacethreshold": {
      "value": "100"
    },
    "system.runnerEnvironment": {
      "value": "self-hosted"
    },
    "system.runnerGroupName": {
      "value": "Default"
    }
  },
  "messageType": "RunnerJobRequest",
  "plan": {
    "scopeIdentifier": "00000000-0000-0000-0000-000000000000",
    "planType": "actions",
    "version": 0,
    "planId": "21d8c451-c211-4d8d-b600-dc8bf4bb75c0",
    "planGroup": null,
    "artifactUri": null,
    "artifactLocation": null,
    "definition": null,
    "owner": null
  },
  "timeline": {
    "id": "21d8c451-c211-4d8d-b600-dc8bf4bb75c0",
    "changeId": 0,
    "location": null
  },
  "jobId": "e5a27dcf-273c-5f27-9fd7-6be677a32af7",
  "jobDisplayName": "build-test-deploy",
  "jobName": "__default",
  "requestId": 0,
  "lockedUntil": "0001-01-01T00:00:00",
  "resources": {
    "endpoints": [
      {
        "data": {
          "ServerId": "",
          "ServerName": "",
          "CacheServerUrl": "https://artifactcache.actions.githubusercontent.com/IcgAscaefdPjEWOPCNsajrqOlZJsKZhmtAVpLzwWkLoXj0b3PB/",
          "FeedStreamUrl": "wss://results-receiver.actions.githubusercontent.com/_ws/ingest.sock",
          "ResultsServiceUrl": "https://results-receiver.actions.githubusercontent.com/",
          "PipelinesServiceUrl": "https://pipelinesghubeus7.actions.githubusercontent.com/IcgAscaefdPjEWOPCNsajrqOlZJsKZhmtAVpLzwWkLoXj0b3PB/",
          "GenerateIdTokenUrl": ""
        },
        "name": "SystemVssConnection",
        "url": "https://run-actions-1-azure-eastus.actions.githubusercontent.com/62/",
        "authorization": {
          "parameters": {
            "AccessToken": "***"
          },
          "scheme": "OAuth"
        },
        "isShared": false,
        "isReady": true
      }
    ]
  },
  "contextData": {
    "github": {
      "t": 2,
      "d": [
        {
          "k": "ref",
          "v": "refs/heads/main"
        },
        {
          "k": "sha",
          "v": "18ced35e9d3f0767127edf1549fa1e290f644a97"
        },
        {
          "k": "repository",
          "v": "HasiniJa/Telemed"
        },
        {
          "k": "repository_owner",
          "v": "HasiniJa"
        },
        {
          "k": "repository_owner_id",
          "v": "169177724"
        },
        {
          "k": "repositoryUrl",
          "v": "git://github.com/HasiniJa/Telemed.git"
        },
        {
          "k": "run_id",
          "v": "19743155915"
        },
        {
          "k": "run_number",
          "v": "2"
        },
        {
          "k": "retention_days",
          "v": "90"
        },
        {
          "k": "run_attempt",
          "v": "1"
        },
        {
          "k": "artifact_cache_size_limit",
          "v": "10"
        },
        {
          "k": "repository_visibility",
          "v": "public"
        },
        {
          "k": "actor_id",
          "v": "169177724"
        },
        {
          "k": "actor",
          "v": "HasiniJa"
        },
        {
          "k": "workflow",
          "v": "Telemed CI/CD Pipeline"
        },
        {
          "k": "head_ref",
          "v": ""
        },
        {
          "k": "base_ref",
          "v": ""
        },
        {
          "k": "event_name",
          "v": "push"
        },
        {
          "k": "server_url",
          "v": "https://github.com"
        },
        {
          "k": "api_url",
          "v": "https://api.github.com"
        },
        {
          "k": "graphql_url",
          "v": "https://api.github.com/graphql"
        },
        {
          "k": "ref_name",
          "v": "main"
        },
        {
          "k": "ref_protected",
          "v": false
        },
        {
          "k": "ref_type",
          "v": "branch"
        },
        {
          "k": "secret_source",
          "v": "Actions"
        },
        {
          "k": "event",
          "v": {
            "t": 2,
            "d": [
              {
                "k": "after",
                "v": "18ced35e9d3f0767127edf1549fa1e290f644a97"
              },
              {
                "k": "base_ref",
                "v": null
              },
              {
                "k": "before",
                "v": "775efc832f4c2da5e46c2a3d6f073f5e01f21f04"
              },
              {
                "k": "commits",
                "v": {
                  "t": 1,
                  "a": [
                    {
                      "t": 2,
                      "d": [
                        {
                          "k": "author",
                          "v": {
                            "t": 2,
                            "d": [
                              {
                                "k": "email",
                                "v": "hasinijayasekara2012@gmail.com"
                              },
                              {
                                "k": "name",
                                "v": "Hasini Jayasekara"
                              },
                              {
                                "k": "username",
                                "v": "HasiniJa"
                              }
                            ]
                          }
                        },
                        {
                          "k": "committer",
                          "v": {
                            "t": 2,
                            "d": [
                              {
                                "k": "email",
                                "v": "hasinijayasekara2012@gmail.com"
                              },
                              {
                                "k": "name",
                                "v": "Hasini Jayasekara"
                              },
                              {
                                "k": "username",
                                "v": "HasiniJa"
                              }
                            ]
                          }
                        },
                        {
                          "k": "distinct",
                          "v": true
                        },
                        {
                          "k": "id",
                          "v": "18ced35e9d3f0767127edf1549fa1e290f644a97"
                        },
                        {
                          "k": "message",
                          "v": "Trigger CI/CD workflow"
                        },
                        {
                          "k": "timestamp",
                          "v": "2025-11-27T11:49:08-05:00"
                        },
                        {
                          "k": "tree_id",
                          "v": "e1bca27989b38472db12e68d35b6976f43dcd3e5"
                        },
                        {
                          "k": "url",
                          "v": "https://github.com/HasiniJa/Telemed/commit/18ced35e9d3f0767127edf1549fa1e290f644a97"
                        }
                      ]
                    }
                  ]
                }
              },
              {
                "k": "compare",
                "v": "https://github.com/HasiniJa/Telemed/compare/775efc832f4c...18ced35e9d3f"
              },
              {
                "k": "created",
                "v": false
              },
              {
                "k": "deleted",
                "v": false
              },
              {
                "k": "forced",
                "v": false
              },
              {
                "k": "head_commit",
                "v": {
                  "t": 2,
                  "d": [
                    {
                      "k": "author",
                      "v": {
                        "t": 2,
                        "d": [
                          {
                            "k": "email",
                            "v": "hasinijayasekara2012@gmail.com"
                          },
                          {
                            "k": "name",
                            "v": "Hasini Jayasekara"
                          },
                          {
                            "k": "username",
                            "v": "HasiniJa"
                          }
                        ]
                      }
                    },
                    {
                      "k": "committer",
                      "v": {
                        "t": 2,
                        "d": [
                          {
                            "k": "email",
                            "v": "hasinijayasekara2012@gmail.com"
                          },
                          {
                            "k": "name",
                            "v": "Hasini Jayasekara"
                          },
                          {
                            "k": "username",
                            "v": "HasiniJa"
                          }
                        ]
                      }
                    },
                    {
                      "k": "distinct",
                      "v": true
                    },
                    {
                      "k": "id",
                      "v": "18ced35e9d3f0767127edf1549fa1e290f644a97"
                    },
                    {
                      "k": "message",
                      "v": "Trigger CI/CD workflow"
                    },
                    {
                      "k": "timestamp",
                      "v": "2025-11-27T11:49:08-05:00"
                    },
                    {
                      "k": "tree_id",
                      "v": "e1bca27989b38472db12e68d35b6976f43dcd3e5"
                    },
                    {
                      "k": "url",
                      "v": "https://github.com/HasiniJa/Telemed/commit/18ced35e9d3f0767127edf1549fa1e290f644a97"
                    }
                  ]
                }
              },
              {
                "k": "pusher",
                "v": {
                  "t": 2,
                  "d": [
                    {
                      "k": "email",
                      "v": "hasinijayasekara2012@gmail.com"
                    },
                    {
                      "k": "name",
                      "v": "HasiniJa"
                    }
                  ]
                }
              },
              {
                "k": "ref",
                "v": "refs/heads/main"
              },
              {
                "k": "repository",
                "v": {
                  "t": 2,
                  "d": [
                    {
                      "k": "allow_forking",
                      "v": true
                    },
                    {
                      "k": "archive_url",
                      "v": "https://api.github.com/repos/HasiniJa/Telemed/{archive_format}{/ref}"
                    },
                    {
                      "k": "archived",
                      "v": false
                    },
                    {
                      "k": "assignees_url",
                      "v": "https://api.github.com/repos/HasiniJa/Telemed/assignees{/user}"
                    },
                    {
                      "k": "blobs_url",
                      "v": "https://api.github.com/repos/HasiniJa/Telemed/git/blobs{/sha}"
                    },
                    {
                      "k": "branches_url",
                      "v": "https://api.github.com/repos/HasiniJa/Telemed/branches{/branch}"
                    },
                    {
                      "k": "clone_url",
                      "v": "https://github.com/HasiniJa/Telemed.git"
                    },
                    {
                      "k": "collaborators_url",
                      "v": "https://api.github.com/repos/HasiniJa/Telemed/collaborators{/collaborator}"
                    },
                    {
                      "k": "comments_url",
                      "v": "https://api.github.com/repos/HasiniJa/Telemed/comments{/number}"
                    },
                    {
                      "k": "commits_url",
                      "v": "https://api.github.com/repos/HasiniJa/Telemed/commits{/sha}"
                    },
                    {
                      "k": "compare_url",
                      "v": "https://api.github.com/repos/HasiniJa/Telemed/compare/{base}...{head}"
                    },
                    {
                      "k": "contents_url",
                      "v": "https://api.github.com/repos/HasiniJa/Telemed/contents/{+path}"
                    },
                    {
                      "k": "contributors_url",
                      "v": "https://api.github.com/repos/HasiniJa/Telemed/contributors"
                    },
                    {
                      "k": "created_at",
                      "v": 1763820532.0
                    },
                    {
                      "k": "default_branch",
                      "v": "main"
                    },
                    {
                      "k": "deployments_url",
                      "v": "https://api.github.com/repos/HasiniJa/Telemed/deployments"
                    },
                    {
                      "k": "description",
                      "v": null
                    },
                    {
                      "k": "disabled",
                      "v": false
                    },
                    {
                      "k": "downloads_url",
                      "v": "https://api.github.com/repos/HasiniJa/Telemed/downloads"
                    },
                    {
                      "k": "events_url",
                      "v": "https://api.github.com/repos/HasiniJa/Telemed/events"
                    },
                    {
                      "k": "fork",
                      "v": false
                    },
                    {
                      "k": "forks",
                      "v": 0.0
                    },
                    {
                      "k": "forks_count",
                      "v": 0.0
                    },
                    {
                      "k": "forks_url",
                      "v": "https://api.github.com/repos/HasiniJa/Telemed/forks"
                    },
                    {
                      "k": "full_name",
                      "v": "HasiniJa/Telemed"
                    },
                    {
                      "k": "git_commits_url",
                      "v": "https://api.github.com/repos/HasiniJa/Telemed/git/commits{/sha}"
                    },
                    {
                      "k": "git_refs_url",
                      "v": "https://api.github.com/repos/HasiniJa/Telemed/git/refs{/sha}"
                    },
                    {
                      "k": "git_tags_url",
                      "v": "https://api.github.com/repos/HasiniJa/Telemed/git/tags{/sha}"
                    },
                    {
                      "k": "git_url",
                      "v": "git://github.com/HasiniJa/Telemed.git"
                    },
                    {
                      "k": "has_discussions",
                      "v": false
                    },
                    {
                      "k": "has_downloads",
                      "v": true
                    },
                    {
                      "k": "has_issues",
                      "v": true
                    },
                    {
                      "k": "has_pages",
                      "v": false
                    },
                    {
                      "k": "has_projects",
                      "v": true
                    },
                    {
                      "k": "has_wiki",
                      "v": true
                    },
                    {
                      "k": "homepage",
                      "v": null
                    },
                    {
                      "k": "hooks_url",
                      "v": "https://api.github.com/repos/HasiniJa/Telemed/hooks"
                    },
                    {
                      "k": "html_url",
                      "v": "https://github.com/HasiniJa/Telemed"
                    },
                    {
                      "k": "id",
                      "v": 1101933572.0
                    },
                    {
                      "k": "is_template",
                      "v": false
                    },
                    {
                      "k": "issue_comment_url",
                      "v": "https://api.github.com/repos/HasiniJa/Telemed/issues/comments{/number}"
                    },
                    {
                      "k": "issue_events_url",
                      "v": "https://api.github.com/repos/HasiniJa/Telemed/issues/events{/number}"
                    },
                    {
                      "k": "issues_url",
                      "v": "https://api.github.com/repos/HasiniJa/Telemed/issues{/number}"
                    },
                    {
                      "k": "keys_url",
                      "v": "https://api.github.com/repos/HasiniJa/Telemed/keys{/key_id}"
                    },
                    {
                      "k": "labels_url",
                      "v": "https://api.github.com/repos/HasiniJa/Telemed/labels{/name}"
                    },
                    {
                      "k": "language",
                      "v": "JavaScript"
                    },
                    {
                      "k": "languages_url",
                      "v": "https://api.github.com/repos/HasiniJa/Telemed/languages"
                    },
                    {
                      "k": "license",
                      "v": null
                    },
                    {
                      "k": "master_branch",
                      "v": "main"
                    },
                    {
                      "k": "merges_url",
                      "v": "https://api.github.com/repos/HasiniJa/Telemed/merges"
                    },
                    {
                      "k": "milestones_url",
                      "v": "https://api.github.com/repos/HasiniJa/Telemed/milestones{/number}"
                    },
                    {
                      "k": "mirror_url",
                      "v": null
                    },
                    {
                      "k": "name",
                      "v": "Telemed"
                    },
                    {
                      "k": "node_id",
                      "v": "R_kgDOQa4sBA"
                    },
                    {
                      "k": "notifications_url",
                      "v": "https://api.github.com/repos/HasiniJa/Telemed/notifications{?since,all,participating}"
                    },
                    {
                      "k": "open_issues",
                      "v": 0.0
                    },
                    {
                      "k": "open_issues_count",
                      "v": 0.0
                    },
                    {
                      "k": "owner",
                      "v": {
                        "t": 2,
                        "d": [
                          {
                            "k": "avatar_url",
                            "v": "https://avatars.githubusercontent.com/u/169177724?v=4"
                          },
                          {
                            "k": "email",
                            "v": "hasinijayasekara2012@gmail.com"
                          },
                          {
                            "k": "events_url",
                            "v": "https://api.github.com/users/HasiniJa/events{/privacy}"
                          },
                          {
                            "k": "followers_url",
                            "v": "https://api.github.com/users/HasiniJa/followers"
                          },
                          {
                            "k": "following_url",
                            "v": "https://api.github.com/users/HasiniJa/following{/other_user}"
                          },
                          {
                            "k": "gists_url",
                            "v": "https://api.github.com/users/HasiniJa/gists{/gist_id}"
                          },
                          {
                            "k": "gravatar_id",
                            "v": ""
                          },
                          {
                            "k": "html_url",
                            "v": "https://github.com/HasiniJa"
                          },
                          {
                            "k": "id",
                            "v": 169177724.0
                          },
                          {
                            "k": "login",
                            "v": "HasiniJa"
                          },
                          {
                            "k": "name",
                            "v": "HasiniJa"
                          },
                          {
                            "k": "node_id",
                            "v": "U_kgDOChVyfA"
                          },
                          {
                            "k": "organizations_url",
                            "v": "https://api.github.com/users/HasiniJa/orgs"
                          },
                          {
                            "k": "received_events_url",
                            "v": "https://api.github.com/users/HasiniJa/received_events"
                          },
                          {
                            "k": "repos_url",
                            "v": "https://api.github.com/users/HasiniJa/repos"
                          },
                          {
                            "k": "site_admin",
                            "v": false
                          },
                          {
                            "k": "starred_url",
                            "v": "https://api.github.com/users/HasiniJa/starred{/owner}{/repo}"
                          },
                          {
                            "k": "subscriptions_url",
                            "v": "https://api.github.com/users/HasiniJa/subscriptions"
                          },
                          {
                            "k": "type",
                            "v": "User"
                          },
                          {
                            "k": "url",
                            "v": "https://api.github.com/users/HasiniJa"
                          },
                          {
                            "k": "user_view_type",
                            "v": "public"
                          }
                        ]
                      }
                    },
                    {
                      "k": "private",
                      "v": false
                    },
                    {
                      "k": "pulls_url",
                      "v": "https://api.github.com/repos/HasiniJa/Telemed/pulls{/number}"
                    },
                    {
                      "k": "pushed_at",
                      "v": 1764262150.0
                    },
                    {
                      "k": "releases_url",
                      "v": "https://api.github.com/repos/HasiniJa/Telemed/releases{/id}"
                    },
                    {
                      "k": "size",
                      "v": 37900.0
                    },
                    {
                      "k": "ssh_url",
                      "v": "git@github.com:HasiniJa/Telemed.git"
                    },
                    {
                      "k": "stargazers",
                      "v": 0.0
                    },
                    {
                      "k": "stargazers_count",
                      "v": 0.0
                    },
                    {
                      "k": "stargazers_url",
                      "v": "https://api.github.com/repos/HasiniJa/Telemed/stargazers"
                    },
                    {
                      "k": "statuses_url",
                      "v": "https://api.github.com/repos/HasiniJa/Telemed/statuses/{sha}"
                    },
                    {
                      "k": "subscribers_url",
                      "v": "https://api.github.com/repos/HasiniJa/Telemed/subscribers"
                    },
                    {
                      "k": "subscription_url",
                      "v": "https://api.github.com/repos/HasiniJa/Telemed/subscription"
                    },
                    {
                      "k": "svn_url",
                      "v": "https://github.com/HasiniJa/Telemed"
                    },
                    {
                      "k": "tags_url",
                      "v": "https://api.github.com/repos/HasiniJa/Telemed/tags"
                    },
                    {
                      "k": "teams_url",
                      "v": "https://api.github.com/repos/HasiniJa/Telemed/teams"
                    },
                    {
                      "k": "topics",
                      "v": {
                        "t": 1
                      }
                    },
                    {
                      "k": "trees_url",
                      "v": "https://api.github.com/repos/HasiniJa/Telemed/git/trees{/sha}"
                    },
                    {
                      "k": "updated_at",
                      "v": "2025-11-27T16:34:43Z"
                    },
                    {
                      "k": "url",
                      "v": "https://api.github.com/repos/HasiniJa/Telemed"
                    },
                    {
                      "k": "visibility",
                      "v": "public"
                    },
                    {
                      "k": "watchers",
                      "v": 0.0
                    },
                    {
                      "k": "watchers_count",
                      "v": 0.0
                    },
                    {
                      "k": "web_commit_signoff_required",
                      "v": false
                    }
                  ]
                }
              },
              {
                "k": "sender",
                "v": {
                  "t": 2,
                  "d": [
                    {
                      "k": "avatar_url",
                      "v": "https://avatars.githubusercontent.com/u/169177724?v=4"
                    },
                    {
                      "k": "events_url",
                      "v": "https://api.github.com/users/HasiniJa/events{/privacy}"
                    },
                    {
                      "k": "followers_url",
                      "v": "https://api.github.com/users/HasiniJa/followers"
                    },
                    {
                      "k": "following_url",
                      "v": "https://api.github.com/users/HasiniJa/following{/other_user}"
                    },
                    {
                      "k": "gists_url",
                      "v": "https://api.github.com/users/HasiniJa/gists{/gist_id}"
                    },
                    {
                      "k": "gravatar_id",
                      "v": ""
                    },
                    {
                      "k": "html_url",
                      "v": "https://github.com/HasiniJa"
                    },
                    {
                      "k": "id",
                      "v": 169177724.0
                    },
                    {
                      "k": "login",
                      "v": "HasiniJa"
                    },
                    {
                      "k": "node_id",
                      "v": "U_kgDOChVyfA"
                    },
                    {
                      "k": "organizations_url",
                      "v": "https://api.github.com/users/HasiniJa/orgs"
                    },
                    {
                      "k": "received_events_url",
                      "v": "https://api.github.com/users/HasiniJa/received_events"
                    },
                    {
                      "k": "repos_url",
                      "v": "https://api.github.com/users/HasiniJa/repos"
                    },
                    {
                      "k": "site_admin",
                      "v": false
                    },
                    {
                      "k": "starred_url",
                      "v": "https://api.github.com/users/HasiniJa/starred{/owner}{/repo}"
                    },
                    {
                      "k": "subscriptions_url",
                      "v": "https://api.github.com/users/HasiniJa/subscriptions"
                    },
                    {
                      "k": "type",
                      "v": "User"
                    },
                    {
                      "k": "url",
                      "v": "https://api.github.com/users/HasiniJa"
                    },
                    {
                      "k": "user_view_type",
                      "v": "public"
                    }
                  ]
                }
              }
            ]
          }
        },
        {
          "k": "workflow_ref",
          "v": "HasiniJa/Telemed/.github/workflows/ci-cd.yml@refs/heads/main"
        },
        {
          "k": "workflow_sha",
          "v": "18ced35e9d3f0767127edf1549fa1e290f644a97"
        },
        {
          "k": "repository_id",
          "v": "1101933572"
        },
        {
          "k": "triggering_actor",
          "v": "HasiniJa"
        }
      ]
    },
    "inputs": {
      "t": 2
    },
    "job": {
      "t": 2,
      "d": [
        {
          "k": "check_run_id",
          "v": 56571702542.0
        }
      ]
    },
    "matrix": null,
    "needs": {
      "t": 2
    },
    "strategy": {
      "t": 2,
      "d": [
        {
          "k": "fail-fast",
          "v": true
        },
        {
          "k": "job-index",
          "v": 0.0
        },
        {
          "k": "job-total",
          "v": 1.0
        },
        {
          "k": "max-parallel",
          "v": 1.0
        }
      ]
    },
    "vars": {
      "t": 2
    }
  },
  "billingOwnerId": "U_kgDOChVyfA"
}
[2025-11-27 16:49:15Z INFO JobRunner] Job ID e5a27dcf-273c-5f27-9fd7-6be677a32af7
[2025-11-27 16:49:15Z INFO ConfigurationStore] currentAssemblyLocation: D:\4thSemester\SOA\Final Project\Telemed\actions-runner\bin\Runner.Worker.dll
[2025-11-27 16:49:15Z INFO HostContext] Well known directory 'Bin': 'D:\4thSemester\SOA\Final Project\Telemed\actions-runner\bin'
[2025-11-27 16:49:15Z INFO ConfigurationStore] binPath: D:\4thSemester\SOA\Final Project\Telemed\actions-runner\bin
[2025-11-27 16:49:15Z INFO HostContext] Well known directory 'Bin': 'D:\4thSemester\SOA\Final Project\Telemed\actions-runner\bin'
[2025-11-27 16:49:15Z INFO HostContext] Well known directory 'Root': 'D:\4thSemester\SOA\Final Project\Telemed\actions-runner'
[2025-11-27 16:49:15Z INFO ConfigurationStore] RootFolder: D:\4thSemester\SOA\Final Project\Telemed\actions-runner
[2025-11-27 16:49:15Z INFO HostContext] Well known directory 'Bin': 'D:\4thSemester\SOA\Final Project\Telemed\actions-runner\bin'
[2025-11-27 16:49:15Z INFO HostContext] Well known directory 'Root': 'D:\4thSemester\SOA\Final Project\Telemed\actions-runner'
[2025-11-27 16:49:15Z INFO HostContext] Well known config file 'Runner': 'D:\4thSemester\SOA\Final Project\Telemed\actions-runner\.runner'
[2025-11-27 16:49:15Z INFO ConfigurationStore] ConfigFilePath: D:\4thSemester\SOA\Final Project\Telemed\actions-runner\.runner
[2025-11-27 16:49:15Z INFO HostContext] Well known directory 'Bin': 'D:\4thSemester\SOA\Final Project\Telemed\actions-runner\bin'
[2025-11-27 16:49:15Z INFO HostContext] Well known directory 'Root': 'D:\4thSemester\SOA\Final Project\Telemed\actions-runner'
[2025-11-27 16:49:15Z INFO HostContext] Well known config file 'MigratedRunner': 'D:\4thSemester\SOA\Final Project\Telemed\actions-runner\.runner_migrated'
[2025-11-27 16:49:15Z INFO ConfigurationStore] MigratedConfigFilePath: D:\4thSemester\SOA\Final Project\Telemed\actions-runner\.runner_migrated
[2025-11-27 16:49:15Z INFO HostContext] Well known directory 'Bin': 'D:\4thSemester\SOA\Final Project\Telemed\actions-runner\bin'
[2025-11-27 16:49:15Z INFO HostContext] Well known directory 'Root': 'D:\4thSemester\SOA\Final Project\Telemed\actions-runner'
[2025-11-27 16:49:15Z INFO HostContext] Well known config file 'Credentials': 'D:\4thSemester\SOA\Final Project\Telemed\actions-runner\.credentials'
[2025-11-27 16:49:15Z INFO ConfigurationStore] CredFilePath: D:\4thSemester\SOA\Final Project\Telemed\actions-runner\.credentials
[2025-11-27 16:49:15Z INFO HostContext] Well known directory 'Bin': 'D:\4thSemester\SOA\Final Project\Telemed\actions-runner\bin'
[2025-11-27 16:49:15Z INFO HostContext] Well known directory 'Root': 'D:\4thSemester\SOA\Final Project\Telemed\actions-runner'
[2025-11-27 16:49:15Z INFO HostContext] Well known config file 'MigratedCredentials': 'D:\4thSemester\SOA\Final Project\Telemed\actions-runner\.credentials_migrated'
[2025-11-27 16:49:15Z INFO ConfigurationStore] MigratedCredFilePath: D:\4thSemester\SOA\Final Project\Telemed\actions-runner\.credentials_migrated
[2025-11-27 16:49:15Z INFO HostContext] Well known directory 'Bin': 'D:\4thSemester\SOA\Final Project\Telemed\actions-runner\bin'
[2025-11-27 16:49:15Z INFO HostContext] Well known directory 'Root': 'D:\4thSemester\SOA\Final Project\Telemed\actions-runner'
[2025-11-27 16:49:15Z INFO HostContext] Well known config file 'Service': 'D:\4thSemester\SOA\Final Project\Telemed\actions-runner\.service'
[2025-11-27 16:49:15Z INFO ConfigurationStore] ServiceConfigFilePath: D:\4thSemester\SOA\Final Project\Telemed\actions-runner\.service
[2025-11-27 16:49:15Z INFO ConfigurationStore] Read setting file: 385 chars
[2025-11-27 16:49:15Z INFO JobRunner] Initializing launch client
[2025-11-27 16:49:15Z INFO JobServerQueue] Initializing results client
[2025-11-27 16:49:15Z INFO ResultServer] Creating websocket client ...wss://results-receiver.actions.githubusercontent.com/_ws/ingest.sock
[2025-11-27 16:49:15Z INFO ResultServer] Attempting to start websocket client with delay 00:00:00.
[2025-11-27 16:49:15Z INFO JobServerQueue] Start process web console line queue.
[2025-11-27 16:49:15Z INFO JobServerQueue] Start process file upload queue.
[2025-11-27 16:49:15Z INFO JobServerQueue] Start results file upload queue.
[2025-11-27 16:49:15Z INFO JobServerQueue] Starting results-based upload queue...
[2025-11-27 16:49:15Z INFO JobServerQueue] Start process timeline update queue.
[2025-11-27 16:49:15Z INFO ExecutionContext] Initializing Job context
[2025-11-27 16:49:15Z INFO ExecutionContext] Initialize GitHub context
[2025-11-27 16:49:15Z INFO ExecutionContext] Initialize Env context
[2025-11-27 16:49:15Z INFO HostContext] Well known directory 'Bin': 'D:\4thSemester\SOA\Final Project\Telemed\actions-runner\bin'
[2025-11-27 16:49:15Z INFO HostContext] Well known directory 'Root': 'D:\4thSemester\SOA\Final Project\Telemed\actions-runner'
[2025-11-27 16:49:15Z INFO HostContext] Well known directory 'Diag': 'D:\4thSemester\SOA\Final Project\Telemed\actions-runner\_diag'
[2025-11-27 16:49:15Z INFO HostContext] Well known directory 'Bin': 'D:\4thSemester\SOA\Final Project\Telemed\actions-runner\bin'
[2025-11-27 16:49:15Z INFO HostContext] Well known directory 'Root': 'D:\4thSemester\SOA\Final Project\Telemed\actions-runner'
[2025-11-27 16:49:15Z INFO HostContext] Well known directory 'Diag': 'D:\4thSemester\SOA\Final Project\Telemed\actions-runner\_diag'
[2025-11-27 16:49:15Z INFO JobRunner] Starting the job execution context.
[2025-11-27 16:49:15Z INFO HostContext] Well known directory 'Bin': 'D:\4thSemester\SOA\Final Project\Telemed\actions-runner\bin'
[2025-11-27 16:49:15Z INFO HostContext] Well known directory 'Root': 'D:\4thSemester\SOA\Final Project\Telemed\actions-runner'
[2025-11-27 16:49:15Z INFO HostContext] Well known directory 'Work': 'D:\4thSemester\SOA\Final Project\Telemed\actions-runner\_work'
[2025-11-27 16:49:15Z INFO JobRunner] Validating directory permissions for: 'D:\4thSemester\SOA\Final Project\Telemed\actions-runner\_work'
[2025-11-27 16:49:15Z INFO HostContext] Well known directory 'Bin': 'D:\4thSemester\SOA\Final Project\Telemed\actions-runner\bin'
[2025-11-27 16:49:15Z INFO HostContext] Well known directory 'Root': 'D:\4thSemester\SOA\Final Project\Telemed\actions-runner'
[2025-11-27 16:49:15Z INFO HostContext] Well known directory 'Work': 'D:\4thSemester\SOA\Final Project\Telemed\actions-runner\_work'
[2025-11-27 16:49:15Z INFO HostContext] Well known directory 'Tools': 'D:\4thSemester\SOA\Final Project\Telemed\actions-runner\_work\_tool'
[2025-11-27 16:49:15Z INFO HostContext] Well known directory 'Bin': 'D:\4thSemester\SOA\Final Project\Telemed\actions-runner\bin'
[2025-11-27 16:49:15Z INFO HostContext] Well known directory 'Root': 'D:\4thSemester\SOA\Final Project\Telemed\actions-runner'
[2025-11-27 16:49:15Z INFO HostContext] Well known directory 'Work': 'D:\4thSemester\SOA\Final Project\Telemed\actions-runner\_work'
[2025-11-27 16:49:15Z INFO HostContext] Well known directory 'Temp': 'D:\4thSemester\SOA\Final Project\Telemed\actions-runner\_work\_temp'
[2025-11-27 16:49:15Z INFO JobRunner] Getting job extension.
[2025-11-27 16:49:15Z INFO JobRunner] Initialize job. Getting all job steps.
[2025-11-27 16:49:15Z INFO HostContext] Well known directory 'Bin': 'D:\4thSemester\SOA\Final Project\Telemed\actions-runner\bin'
[2025-11-27 16:49:15Z INFO HostContext] Well known directory 'Root': 'D:\4thSemester\SOA\Final Project\Telemed\actions-runner'
[2025-11-27 16:49:15Z INFO HostContext] Well known directory 'Diag': 'D:\4thSemester\SOA\Final Project\Telemed\actions-runner\_diag'
[2025-11-27 16:49:15Z INFO HostContext] Well known directory 'Bin': 'D:\4thSemester\SOA\Final Project\Telemed\actions-runner\bin'
[2025-11-27 16:49:15Z INFO HostContext] Well known directory 'Root': 'D:\4thSemester\SOA\Final Project\Telemed\actions-runner'
[2025-11-27 16:49:15Z INFO HostContext] Well known directory 'Diag': 'D:\4thSemester\SOA\Final Project\Telemed\actions-runner\_diag'
[2025-11-27 16:49:15Z ERR  JobExtension] Caught exception from JobExtension Initialization: System.IO.IOException: The file 'D:\4thSemester\SOA\Final Project\Telemed\actions-runner\_diag\pages\21d8c451-c211-4d8d-b600-dc8bf4bb75c0_e5a27dcf-273c-5f27-9fd7-6be677a32af7_1.log' already exists.
   at Microsoft.Win32.SafeHandles.SafeFileHandle.CreateFile(String fullPath, FileMode mode, FileAccess access, FileShare share, FileOptions options)
   at Microsoft.Win32.SafeHandles.SafeFileHandle.Open(String fullPath, FileMode mode, FileAccess access, FileShare share, FileOptions options, Int64 preallocationSize, Nullable`1 unixCreateMode)
   at System.IO.Strategies.OSFileStreamStrategy..ctor(String path, FileMode mode, FileAccess access, FileShare share, FileOptions options, Int64 preallocationSize, Nullable`1 unixCreateMode)
   at System.IO.Strategies.FileStreamHelpers.ChooseStrategyCore(String path, FileMode mode, FileAccess access, FileShare share, FileOptions options, Int64 preallocationSize, Nullable`1 unixCreateMode)
   at System.IO.FileStream..ctor(String path, FileMode mode, FileAccess access, FileShare share)
   at GitHub.Runner.Common.PagingLogger.NewPage()
   at GitHub.Runner.Common.PagingLogger.Write(String message)
   at GitHub.Runner.Worker.ExecutionContext.Write(String tag, String message)
   at GitHub.Runner.Worker.ExecutionContextExtension.Output(IExecutionContext context, String message)
   at GitHub.Runner.Worker.JobExtension.InitializeJob(IExecutionContext jobContext, AgentJobRequestMessage message)
[2025-11-27 16:49:15Z INFO ExecutionContext] Publish step telemetry for current step {
  "action": "setup_job",
  "type": "runner",
  "stage": "Pre",
  "stepId": "3519bc8e-0085-4f00-8ad0-c020898f72cb",
  "result": "succeeded",
  "errorMessages": [
    "The file 'D:\\4thSemester\\SOA\\Final Project\\Telemed\\actions-runner\\_diag\\pages\\21d8c451-c211-4d8d-b600-dc8bf4bb75c0_e5a27dcf-273c-5f27-9fd7-6be677a32af7_1.log' already exists."
  ],
  "executionTimeInSeconds": 1,
  "startTime": "2025-11-27T16:49:15.8444804Z",
  "finishTime": "2025-11-27T16:49:15.8758639Z"
}.
[2025-11-27 16:49:15Z ERR  JobRunner] Job initialize failed.
[2025-11-27 16:49:15Z ERR  JobRunner] Caught exception from InitializeJob: System.IO.IOException: The file 'D:\4thSemester\SOA\Final Project\Telemed\actions-runner\_diag\blocks\21d8c451-c211-4d8d-b600-dc8bf4bb75c0_e5a27dcf-273c-5f27-9fd7-6be677a32af7.1' already exists.
   at Microsoft.Win32.SafeHandles.SafeFileHandle.CreateFile(String fullPath, FileMode mode, FileAccess access, FileShare share, FileOptions options)
   at Microsoft.Win32.SafeHandles.SafeFileHandle.Open(String fullPath, FileMode mode, FileAccess access, FileShare share, FileOptions options, Int64 preallocationSize, Nullable`1 unixCreateMode)
   at System.IO.Strategies.OSFileStreamStrategy..ctor(String path, FileMode mode, FileAccess access, FileShare share, FileOptions options, Int64 preallocationSize, Nullable`1 unixCreateMode)
   at System.IO.Strategies.FileStreamHelpers.ChooseStrategyCore(String path, FileMode mode, FileAccess access, FileShare share, FileOptions options, Int64 preallocationSize, Nullable`1 unixCreateMode)
   at System.IO.FileStream..ctor(String path, FileMode mode, FileAccess access, FileShare share)
   at GitHub.Runner.Common.PagingLogger.NewBlock()
   at GitHub.Runner.Common.PagingLogger.Write(String message)
   at GitHub.Runner.Worker.ExecutionContext.Write(String tag, String message)
   at GitHub.Runner.Worker.ExecutionContext.AddIssue(Issue issue, ExecutionContextLogOptions logOptions)
   at GitHub.Runner.Worker.ExecutionContextExtension.Error(IExecutionContext context, String message)
   at GitHub.Runner.Worker.ExecutionContextExtension.Error(IExecutionContext context, Exception ex)
   at GitHub.Runner.Worker.JobExtension.InitializeJob(IExecutionContext jobContext, AgentJobRequestMessage message)
   at GitHub.Runner.Worker.JobRunner.RunAsync(AgentJobRequestMessage message, CancellationToken jobRequestCancellationToken)
[2025-11-27 16:49:15Z INFO JobRunner] Shutting down the job server queue.
[2025-11-27 16:49:15Z INFO JobServerQueue] Fire signal to shutdown all queues.
[2025-11-27 16:49:15Z INFO Worker] Listening for cancel message from the channel.
[2025-11-27 16:49:15Z INFO Worker] Waiting for the job to complete or for a cancel message from the channel.
[2025-11-27 16:49:15Z INFO ResultServer] Successfully started websocket client.
[2025-11-27 16:49:16Z INFO JobServerQueue] All queue process task stopped.
[2025-11-27 16:49:16Z INFO JobServerQueue] Web console line queue drained.
[2025-11-27 16:49:16Z INFO JobServerQueue] Uploading 2 files in one shot.
[2025-11-27 16:49:16Z INFO JobServerQueue] Try to upload 2 log files or attachments, success rate: 2/2.
[2025-11-27 16:49:16Z INFO JobServerQueue] File upload queue drained.
[2025-11-27 16:49:16Z INFO JobServerQueue] Starting results-based upload queue...
[2025-11-27 16:49:16Z INFO JobServerQueue] Uploading 1 file(s) in one shot through results service.
[2025-11-27 16:49:16Z INFO JobServerQueue] Got a step log file to send to results service.
[2025-11-27 16:49:16Z INFO JobServerQueue] Starting upload of step log file to results service ResultsLog, D:\4thSemester\SOA\Final Project\Telemed\actions-runner\_diag\blocks\21d8c451-c211-4d8d-b600-dc8bf4bb75c0_3519bc8e-0085-4f00-8ad0-c020898f72cb.1
[2025-11-27 16:49:17Z INFO JobServerQueue] Tried to upload 1 file(s) to results, success rate: 1/1.
[2025-11-27 16:49:17Z INFO JobServerQueue] Results upload queue drained.
[2025-11-27 16:49:17Z INFO JobServerQueue] Job timeline record has been updated for the first time.
[2025-11-27 16:49:17Z INFO JobServerQueue] Timeline update queue drained.
[2025-11-27 16:49:17Z INFO JobServerQueue] Disposing job server ...
[2025-11-27 16:49:17Z INFO JobServerQueue] Disposing results server ...
[2025-11-27 16:49:17Z INFO JobServerQueue] All queue process tasks have been stopped, and all queues are drained.
[2025-11-27 16:49:17Z INFO TempDirectoryManager] Cleaning runner temp folder: D:\4thSemester\SOA\Final Project\Telemed\actions-runner\_work\_temp
[2025-11-27 16:49:17Z INFO HostContext] Well known directory 'Bin': 'D:\4thSemester\SOA\Final Project\Telemed\actions-runner\bin'
[2025-11-27 16:49:17Z INFO HostContext] Well known directory 'Root': 'D:\4thSemester\SOA\Final Project\Telemed\actions-runner'
[2025-11-27 16:49:17Z INFO HostContext] Well known directory 'Diag': 'D:\4thSemester\SOA\Final Project\Telemed\actions-runner\_diag'
[2025-11-27 16:49:17Z INFO HostContext] Well known config file 'Telemetry': 'D:\4thSemester\SOA\Final Project\Telemed\actions-runner\_diag\.telemetry'
[2025-11-27 16:49:17Z INFO JobRunner] Raising job completed against run service
[2025-11-27 16:49:18Z INFO Worker] Job completed.
